<?xml version="1.0" encoding="UTF-8"?>
<coverage generated="1786405817228" clover="3.2.0">
  <project timestamp="1786405817228" name="All files">
    <metrics statements="1170" coveredstatements="794" conditionals="717" coveredconditionals="492" methods="458" coveredmethods="312" elements="2345" coveredelements="1598" complexity="0" loc="1170" ncloc="1170" packages="20" files="69" classes="69"/>
    <package name="app">
      <metrics statements="56" coveredstatements="28" conditionals="38" coveredconditionals="20" methods="28" coveredmethods="11"/>
      <file name="_layout.tsx" path="/home/renan/Documentos/Projects/Omni-Tribo/apps/mobile/app/_layout.tsx">
        <metrics statements="7" coveredstatements="0" conditionals="4" coveredconditionals="0" methods="4" coveredmethods="0"/>
        <line num="12" count="0" type="stmt"/>
        <line num="18" count="0" type="cond" truecount="0" falsecount="2"/>
        <line num="26" count="0" type="stmt"/>
        <line num="28" count="0" type="stmt"/>
        <line num="29" count="0" type="stmt"/>
        <line num="32" count="0" type="cond" truecount="0" falsecount="2"/>
        <line num="34" count="0" type="stmt"/>
      </file>
      <file name="beneficios.tsx" path="/home/renan/Documentos/Projects/Omni-Tribo/apps/mobile/app/beneficios.tsx">
        <metrics statements="23" coveredstatements="18" conditionals="18" coveredconditionals="17" methods="13" coveredmethods="8"/>
        <line num="36" count="15" type="stmt"/>
        <line num="37" count="15" type="stmt"/>
        <line num="38" count="15" type="stmt"/>
        <line num="39" count="15" type="stmt"/>
        <line num="41" count="15" type="cond" truecount="2" falsecount="0"/>
        <line num="45" count="15" type="stmt"/>
        <line num="47" count="12" type="cond" truecount="2" falsecount="0"/>
        <line num="48" count="6" type="stmt"/>
        <line num="53" count="15" type="cond" truecount="2" falsecount="0"/>
        <line num="54" count="1" type="stmt"/>
        <line num="60" count="0" type="stmt"/>
        <line num="66" count="14" type="stmt"/>
        <line num="76" count="0" type="stmt"/>
        <line num="103" count="0" type="stmt"/>
        <line num="109" count="1" type="stmt"/>
        <line num="119" count="0" type="stmt"/>
        <line num="123" count="79" type="stmt"/>
        <line num="127" count="1" type="stmt"/>
        <line num="135" count="0" type="stmt"/>
        <line num="163" count="1" type="stmt"/>
        <line num="182" count="79" type="stmt"/>
        <line num="184" count="79" type="stmt"/>
        <line num="228" count="1" type="stmt"/>
      </file>
      <file name="index.tsx" path="/home/renan/Documentos/Projects/Omni-Tribo/apps/mobile/app/index.tsx">
        <metrics statements="13" coveredstatements="0" conditionals="8" coveredconditionals="0" methods="5" coveredmethods="0"/>
        <line num="25" count="0" type="stmt"/>
        <line num="26" count="0" type="stmt"/>
        <line num="28" count="0" type="stmt"/>
        <line num="29" count="0" type="stmt"/>
        <line num="30" count="0" type="stmt"/>
        <line num="31" count="0" type="cond" truecount="0" falsecount="2"/>
        <line num="33" count="0" type="stmt"/>
        <line num="34" count="0" type="stmt"/>
        <line num="38" count="0" type="cond" truecount="0" falsecount="2"/>
        <line num="40" count="0" type="cond" truecount="0" falsecount="2"/>
        <line num="41" count="0" type="stmt"/>
        <line num="48" count="0" type="cond" truecount="0" falsecount="2"/>
        <line num="51" count="0" type="stmt"/>
      </file>
      <file name="onboarding.tsx" path="/home/renan/Documentos/Projects/Omni-Tribo/apps/mobile/app/onboarding.tsx">
        <metrics statements="13" coveredstatements="10" conditionals="8" coveredconditionals="3" methods="6" coveredmethods="3"/>
        <line num="33" count="1" type="stmt"/>
        <line num="58" count="3" type="stmt"/>
        <line num="59" count="3" type="stmt"/>
        <line num="60" count="3" type="stmt"/>
        <line num="63" count="1" type="stmt"/>
        <line num="64" count="1" type="stmt"/>
        <line num="68" count="0" type="stmt"/>
        <line num="69" count="0" type="cond" truecount="0" falsecount="2"/>
        <line num="72" count="3" type="stmt"/>
        <line num="74" count="3" type="stmt"/>
        <line num="94" count="9" type="stmt"/>
        <line num="110" count="0" type="cond" truecount="1" falsecount="1"/>
        <line num="118" count="1" type="stmt"/>
      </file>
    </package>
    <package name="app.(auth)">
      <metrics statements="38" coveredstatements="17" conditionals="14" coveredconditionals="5" methods="10" coveredmethods="4"/>
      <file name="_layout.tsx" path="/home/renan/Documentos/Projects/Omni-Tribo/apps/mobile/app/(auth)/_layout.tsx">
        <metrics statements="3" coveredstatements="0" conditionals="2" coveredconditionals="0" methods="2" coveredmethods="0"/>
        <line num="6" count="0" type="stmt"/>
        <line num="10" count="0" type="cond" truecount="0" falsecount="2"/>
        <line num="12" count="0" type="stmt"/>
      </file>
      <file name="login.tsx" path="/home/renan/Documentos/Projects/Omni-Tribo/apps/mobile/app/(auth)/login.tsx">
        <metrics statements="17" coveredstatements="17" conditionals="6" coveredconditionals="5" methods="4" coveredmethods="4"/>
        <line num="14" count="19" type="stmt"/>
        <line num="15" count="19" type="stmt"/>
        <line num="17" count="19" type="stmt"/>
        <line num="18" count="19" type="stmt"/>
        <line num="19" count="19" type="stmt"/>
        <line num="21" count="19" type="stmt"/>
        <line num="22" count="19" type="stmt"/>
        <line num="23" count="19" type="stmt"/>
        <line num="26" count="4" type="stmt"/>
        <line num="27" count="4" type="cond" truecount="2" falsecount="0"/>
        <line num="28" count="1" type="stmt"/>
        <line num="30" count="1" type="stmt"/>
        <line num="33" count="1" type="stmt"/>
        <line num="35" count="3" type="stmt"/>
        <line num="36" count="3" type="stmt"/>
        <line num="39" count="19" type="stmt"/>
        <line num="99" count="1" type="stmt"/>
      </file>
      <file name="registrar.tsx" path="/home/renan/Documentos/Projects/Omni-Tribo/apps/mobile/app/(auth)/registrar.tsx">
        <metrics statements="18" coveredstatements="0" conditionals="6" coveredconditionals="0" methods="4" coveredmethods="0"/>
        <line num="14" count="0" type="stmt"/>
        <line num="15" count="0" type="stmt"/>
        <line num="17" count="0" type="stmt"/>
        <line num="18" count="0" type="stmt"/>
        <line num="19" count="0" type="stmt"/>
        <line num="20" count="0" type="stmt"/>
        <line num="21" count="0" type="stmt"/>
        <line num="23" count="0" type="stmt"/>
        <line num="24" count="0" type="stmt"/>
        <line num="27" count="0" type="stmt"/>
        <line num="33" count="0" type="cond" truecount="0" falsecount="2"/>
        <line num="34" count="0" type="stmt"/>
        <line num="36" count="0" type="stmt"/>
        <line num="39" count="0" type="stmt"/>
        <line num="41" count="0" type="stmt"/>
        <line num="46" count="0" type="stmt"/>
        <line num="49" count="0" type="stmt"/>
        <line num="118" count="0" type="stmt"/>
      </file>
    </package>
    <package name="app.(tabs)">
      <metrics statements="184" coveredstatements="126" conditionals="183" coveredconditionals="120" methods="83" coveredmethods="41"/>
      <file name="_layout.tsx" path="/home/renan/Documentos/Projects/Omni-Tribo/apps/mobile/app/(tabs)/_layout.tsx">
        <metrics statements="10" coveredstatements="0" conditionals="6" coveredconditionals="0" methods="8" coveredmethods="0"/>
        <line num="9" count="0" type="stmt"/>
        <line num="13" count="0" type="stmt"/>
        <line num="17" count="0" type="cond" truecount="0" falsecount="2"/>
        <line num="19" count="0" type="stmt"/>
        <line num="31" count="0" type="stmt"/>
        <line num="35" count="0" type="stmt"/>
        <line num="39" count="0" type="stmt"/>
        <line num="45" count="0" type="stmt"/>
        <line num="55" count="0" type="stmt"/>
        <line num="62" count="0" type="stmt"/>
      </file>
      <file name="carteira.tsx" path="/home/renan/Documentos/Projects/Omni-Tribo/apps/mobile/app/(tabs)/carteira.tsx">
        <metrics statements="37" coveredstatements="30" conditionals="32" coveredconditionals="19" methods="14" coveredmethods="10"/>
        <line num="23" count="1" type="stmt"/>
        <line num="34" count="24" type="stmt"/>
        <line num="35" count="24" type="stmt"/>
        <line num="36" count="24" type="stmt"/>
        <line num="37" count="24" type="stmt"/>
        <line num="39" count="24" type="stmt"/>
        <line num="40" count="24" type="stmt"/>
        <line num="41" count="24" type="stmt"/>
        <line num="42" count="24" type="stmt"/>
        <line num="43" count="24" type="stmt"/>
        <line num="52" count="24" type="stmt"/>
        <line num="54" count="24" type="cond" truecount="2" falsecount="0"/>
        <line num="65" count="2" type="stmt"/>
        <line num="73" count="2" type="cond" truecount="1" falsecount="1"/>
        <line num="74" count="0" type="stmt"/>
        <line num="75" count="0" type="stmt"/>
        <line num="77" count="2" type="stmt"/>
        <line num="79" count="2" type="stmt"/>
        <line num="86" count="1" type="stmt"/>
        <line num="87" count="1" type="stmt"/>
        <line num="88" count="1" type="stmt"/>
        <line num="89" count="1" type="stmt"/>
        <line num="90" count="1" type="stmt"/>
        <line num="96" count="24" type="stmt"/>
        <line num="101" count="20" type="stmt"/>
        <line num="107" count="0" type="stmt"/>
        <line num="108" count="0" type="stmt"/>
        <line num="115" count="0" type="cond" truecount="0" falsecount="4"/>
        <line num="148" count="2" type="stmt"/>
        <line num="170" count="1" type="stmt"/>
        <line num="191" count="0" type="stmt"/>
        <line num="201" count="16" type="stmt"/>
        <line num="206" count="0" type="stmt"/>
        <line num="227" count="2" type="stmt"/>
        <line num="258" count="16" type="stmt"/>
        <line num="259" count="16" type="stmt"/>
        <line num="279" count="1" type="stmt"/>
      </file>
      <file name="index.tsx" path="/home/renan/Documentos/Projects/Omni-Tribo/apps/mobile/app/(tabs)/index.tsx">
        <metrics statements="34" coveredstatements="22" conditionals="43" coveredconditionals="31" methods="17" coveredmethods="9"/>
        <line num="19" count="1" type="stmt"/>
        <line num="29" count="27" type="stmt"/>
        <line num="30" count="27" type="stmt"/>
        <line num="31" count="27" type="stmt"/>
        <line num="33" count="27" type="stmt"/>
        <line num="34" count="27" type="cond" truecount="1" falsecount="1"/>
        <line num="35" count="27" type="stmt"/>
        <line num="39" count="27" type="cond" truecount="4" falsecount="0"/>
        <line num="41" count="27" type="stmt"/>
        <line num="42" count="21" type="cond" truecount="2" falsecount="0"/>
        <line num="43" count="20" type="cond" truecount="2" falsecount="0"/>
        <line num="48" count="1" type="cond" truecount="1" falsecount="1"/>
        <line num="49" count="1" type="stmt"/>
        <line num="53" count="27" type="cond" truecount="2" falsecount="0"/>
        <line num="54" count="27" type="cond" truecount="2" falsecount="0"/>
        <line num="55" count="27" type="cond" truecount="2" falsecount="0"/>
        <line num="58" count="0" type="cond" truecount="0" falsecount="2"/>
        <line num="59" count="0" type="stmt"/>
        <line num="60" count="0" type="stmt"/>
        <line num="62" count="0" type="stmt"/>
        <line num="66" count="27" type="stmt"/>
        <line num="75" count="0" type="stmt"/>
        <line num="84" count="0" type="stmt"/>
        <line num="90" count="0" type="stmt"/>
        <line num="97" count="0" type="stmt"/>
        <line num="99" count="108" type="stmt"/>
        <line num="103" count="0" type="cond" truecount="0" falsecount="2"/>
        <line num="134" count="9" type="stmt"/>
        <line num="147" count="0" type="cond" truecount="0" falsecount="5"/>
        <line num="148" count="0" type="stmt"/>
        <line num="160" count="6" type="stmt"/>
        <line num="181" count="5" type="stmt"/>
        <line num="184" count="0" type="stmt"/>
        <line num="194" count="1" type="stmt"/>
      </file>
      <file name="mapa.tsx" path="/home/renan/Documentos/Projects/Omni-Tribo/apps/mobile/app/(tabs)/mapa.tsx">
        <metrics statements="41" coveredstatements="29" conditionals="46" coveredconditionals="27" methods="13" coveredmethods="5"/>
        <line num="24" count="1" type="stmt"/>
        <line num="27" count="43" type="stmt"/>
        <line num="31" count="43" type="stmt"/>
        <line num="33" count="43" type="stmt"/>
        <line num="34" count="43" type="stmt"/>
        <line num="36" count="43" type="stmt"/>
        <line num="37" count="43" type="stmt"/>
        <line num="38" count="43" type="stmt"/>
        <line num="46" count="43" type="stmt"/>
        <line num="47" count="10" type="cond" truecount="2" falsecount="0"/>
        <line num="48" count="8" type="cond" truecount="4" falsecount="0"/>
        <line num="49" count="4" type="stmt"/>
        <line num="51" count="4" type="stmt"/>
        <line num="56" count="43" type="cond" truecount="1" falsecount="1"/>
        <line num="57" count="43" type="cond" truecount="2" falsecount="0"/>
        <line num="59" count="43" type="stmt"/>
        <line num="60" count="43" type="stmt"/>
        <line num="61" count="43" type="stmt"/>
        <line num="66" count="43" type="stmt"/>
        <line num="68" count="43" type="stmt"/>
        <line num="69" count="30" type="cond" truecount="2" falsecount="0"/>
        <line num="78" count="30" type="cond" truecount="2" falsecount="0"/>
        <line num="89" count="30" type="stmt"/>
        <line num="92" count="43" type="stmt"/>
        <line num="94" count="0" type="stmt"/>
        <line num="95" count="0" type="cond" truecount="0" falsecount="2"/>
        <line num="96" count="0" type="stmt"/>
        <line num="97" count="0" type="cond" truecount="0" falsecount="4"/>
        <line num="99" count="0" type="stmt"/>
        <line num="100" count="0" type="cond" truecount="0" falsecount="4"/>
        <line num="110" count="43" type="cond" truecount="2" falsecount="0"/>
        <line num="111" count="36" type="stmt"/>
        <line num="123" count="7" type="cond" truecount="2" falsecount="0"/>
        <line num="125" count="7" type="stmt"/>
        <line num="142" count="0" type="stmt"/>
        <line num="181" count="0" type="stmt"/>
        <line num="201" count="0" type="stmt"/>
        <line num="202" count="0" type="stmt"/>
        <line num="203" count="0" type="stmt"/>
        <line num="213" count="0" type="stmt"/>
        <line num="238" count="1" type="stmt"/>
      </file>
      <file name="notificacoes.tsx" path="/home/renan/Documentos/Projects/Omni-Tribo/apps/mobile/app/(tabs)/notificacoes.tsx">
        <metrics statements="19" coveredstatements="13" conditionals="30" coveredconditionals="22" methods="11" coveredmethods="6"/>
        <line num="17" count="18" type="stmt"/>
        <line num="18" count="18" type="stmt"/>
        <line num="20" count="18" type="stmt"/>
        <line num="21" count="18" type="stmt"/>
        <line num="22" count="18" type="stmt"/>
        <line num="24" count="18" type="cond" truecount="2" falsecount="0"/>
        <line num="29" count="1" type="cond" truecount="1" falsecount="1"/>
        <line num="30" count="1" type="cond" truecount="1" falsecount="1"/>
        <line num="33" count="18" type="stmt"/>
        <line num="38" count="26" type="stmt"/>
        <line num="44" count="0" type="stmt"/>
        <line num="45" count="0" type="stmt"/>
        <line num="52" count="0" type="cond" truecount="0" falsecount="4"/>
        <line num="63" count="0" type="stmt"/>
        <line num="71" count="0" type="stmt"/>
        <line num="88" count="0" type="stmt"/>
        <line num="103" count="24" type="stmt"/>
        <line num="104" count="1" type="stmt"/>
        <line num="129" count="1" type="stmt"/>
      </file>
      <file name="perfil.tsx" path="/home/renan/Documentos/Projects/Omni-Tribo/apps/mobile/app/(tabs)/perfil.tsx">
        <metrics statements="43" coveredstatements="32" conditionals="26" coveredconditionals="21" methods="20" coveredmethods="11"/>
        <line num="28" count="1" type="stmt"/>
        <line num="44" count="32" type="stmt"/>
        <line num="45" count="97" type="stmt"/>
        <line num="46" count="97" type="stmt"/>
        <line num="48" count="32" type="stmt"/>
        <line num="49" count="32" type="stmt"/>
        <line num="50" count="32" type="stmt"/>
        <line num="51" count="32" type="stmt"/>
        <line num="52" count="32" type="stmt"/>
        <line num="54" count="32" type="stmt"/>
        <line num="55" count="32" type="stmt"/>
        <line num="56" count="32" type="stmt"/>
        <line num="57" count="32" type="stmt"/>
        <line num="60" count="0" type="cond" truecount="0" falsecount="2"/>
        <line num="61" count="0" type="stmt"/>
        <line num="62" count="0" type="stmt"/>
        <line num="66" count="0" type="stmt"/>
        <line num="70" count="0" type="stmt"/>
        <line num="77" count="2" type="stmt"/>
        <line num="81" count="1" type="stmt"/>
        <line num="82" count="1" type="stmt"/>
        <line num="88" count="32" type="cond" truecount="2" falsecount="0"/>
        <line num="89" count="6" type="stmt"/>
        <line num="100" count="26" type="cond" truecount="4" falsecount="0"/>
        <line num="101" count="2" type="stmt"/>
        <line num="106" count="0" type="stmt"/>
        <line num="113" count="24" type="stmt"/>
        <line num="114" count="24" type="stmt"/>
        <line num="115" count="24" type="stmt"/>
        <line num="117" count="24" type="stmt"/>
        <line num="167" count="48" type="stmt"/>
        <line num="175" count="3" type="stmt"/>
        <line num="193" count="0" type="stmt"/>
        <line num="200" count="57" type="stmt"/>
        <line num="208" count="0" type="stmt"/>
        <line num="223" count="0" type="stmt"/>
        <line num="235" count="2" type="stmt"/>
        <line num="258" count="2" type="stmt"/>
        <line num="259" count="2" type="stmt"/>
        <line num="261" count="0" type="stmt"/>
        <line num="267" count="0" type="stmt"/>
        <line num="298" count="48" type="stmt"/>
        <line num="325" count="1" type="stmt"/>
      </file>
    </package>
    <package name="app.missao">
      <metrics statements="135" coveredstatements="110" conditionals="110" coveredconditionals="83" methods="53" coveredmethods="42"/>
      <file name="[id].tsx" path="/home/renan/Documentos/Projects/Omni-Tribo/apps/mobile/app/missao/[id].tsx">
        <metrics statements="58" coveredstatements="48" conditionals="46" coveredconditionals="32" methods="16" coveredmethods="14"/>
        <line num="27" count="66" type="stmt"/>
        <line num="28" count="66" type="stmt"/>
        <line num="29" count="198" type="stmt"/>
        <line num="31" count="66" type="stmt"/>
        <line num="32" count="66" type="stmt"/>
        <line num="33" count="66" type="stmt"/>
        <line num="34" count="66" type="stmt"/>
        <line num="36" count="66" type="stmt"/>
        <line num="37" count="66" type="stmt"/>
        <line num="46" count="66" type="stmt"/>
        <line num="48" count="66" type="cond" truecount="2" falsecount="0"/>
        <line num="49" count="16" type="stmt"/>
        <line num="60" count="50" type="cond" truecount="3" falsecount="1"/>
        <line num="61" count="0" type="stmt"/>
        <line num="66" count="0" type="stmt"/>
        <line num="73" count="50" type="stmt"/>
        <line num="74" count="50" type="stmt"/>
        <line num="75" count="50" type="stmt"/>
        <line num="76" count="50" type="stmt"/>
        <line num="79" count="4" type="stmt"/>
        <line num="80" count="4" type="stmt"/>
        <line num="81" count="4" type="cond" truecount="1" falsecount="1"/>
        <line num="82" count="0" type="stmt"/>
        <line num="88" count="0" type="stmt"/>
        <line num="91" count="4" type="stmt"/>
        <line num="105" count="1" type="stmt"/>
        <line num="106" count="1" type="stmt"/>
        <line num="109" count="3" type="stmt"/>
        <line num="110" count="3" type="stmt"/>
        <line num="113" count="3" type="cond" truecount="1" falsecount="1"/>
        <line num="114" count="3" type="stmt"/>
        <line num="122" count="7" type="cond" truecount="2" falsecount="0"/>
        <line num="123" count="4" type="stmt"/>
        <line num="124" count="4" type="stmt"/>
        <line num="126" count="3" type="stmt"/>
        <line num="132" count="8" type="cond" truecount="2" falsecount="0"/>
        <line num="133" count="6" type="stmt"/>
        <line num="136" count="50" type="stmt"/>
        <line num="137" count="50" type="cond" truecount="2" falsecount="0"/>
        <line num="139" count="50" type="stmt"/>
        <line num="215" count="64" type="stmt"/>
        <line num="221" count="8" type="stmt"/>
        <line num="237" count="1" type="stmt"/>
        <line num="238" count="1" type="stmt"/>
        <line num="239" count="1" type="cond" truecount="1" falsecount="1"/>
        <line num="241" count="1" type="stmt"/>
        <line num="248" count="0" type="stmt"/>
        <line num="264" count="50" type="stmt"/>
        <line num="265" count="50" type="cond" truecount="1" falsecount="1"/>
        <line num="267" count="0" type="stmt"/>
        <line num="282" count="1" type="cond" truecount="1" falsecount="1"/>
        <line num="283" count="0" type="cond" truecount="0" falsecount="2"/>
        <line num="284" count="0" type="stmt"/>
        <line num="288" count="1" type="cond" truecount="1" falsecount="1"/>
        <line num="289" count="1" type="stmt"/>
        <line num="291" count="0" type="cond" truecount="0" falsecount="2"/>
        <line num="292" count="0" type="stmt"/>
        <line num="295" count="1" type="stmt"/>
      </file>
      <file name="criar.tsx" path="/home/renan/Documentos/Projects/Omni-Tribo/apps/mobile/app/missao/criar.tsx">
        <metrics statements="77" coveredstatements="62" conditionals="64" coveredconditionals="51" methods="37" coveredmethods="28"/>
        <line num="27" count="1" type="stmt"/>
        <line num="28" count="1" type="stmt"/>
        <line num="29" count="1" type="stmt"/>
        <line num="36" count="143" type="stmt"/>
        <line num="37" count="143" type="stmt"/>
        <line num="40" count="143" type="stmt"/>
        <line num="41" count="143" type="stmt"/>
        <line num="42" count="143" type="stmt"/>
        <line num="44" count="143" type="stmt"/>
        <line num="45" count="143" type="stmt"/>
        <line num="53" count="143" type="stmt"/>
        <line num="75" count="143" type="stmt"/>
        <line num="76" count="143" type="cond" truecount="2" falsecount="0"/>
        <line num="80" count="143" type="stmt"/>
        <line num="81" count="143" type="stmt"/>
        <line num="82" count="14" type="cond" truecount="2" falsecount="2"/>
        <line num="83" count="0" type="stmt"/>
        <line num="84" count="0" type="stmt"/>
        <line num="89" count="143" type="cond" truecount="1" falsecount="1"/>
        <line num="90" count="143" type="stmt"/>
        <line num="92" count="143" type="stmt"/>
        <line num="93" count="16" type="cond" truecount="2" falsecount="0"/>
        <line num="96" count="2" type="cond" truecount="1" falsecount="1"/>
        <line num="97" count="2" type="cond" truecount="1" falsecount="1"/>
        <line num="98" count="2" type="cond" truecount="1" falsecount="1"/>
        <line num="99" count="2" type="cond" truecount="1" falsecount="1"/>
        <line num="106" count="143" type="stmt"/>
        <line num="107" count="143" type="stmt"/>
        <line num="108" count="143" type="cond" truecount="2" falsecount="0"/>
        <line num="110" count="143" type="stmt"/>
        <line num="111" count="143" type="stmt"/>
        <line num="113" count="143" type="stmt"/>
        <line num="120" count="5" type="stmt"/>
        <line num="121" count="4" type="stmt"/>
        <line num="125" count="143" type="stmt"/>
        <line num="136" count="572" type="stmt"/>
        <line num="137" count="572" type="stmt"/>
        <line num="138" count="572" type="stmt"/>
        <line num="146" count="3" type="stmt"/>
        <line num="150" count="3" type="stmt"/>
        <line num="151" count="3" type="stmt"/>
        <line num="152" count="3" type="stmt"/>
        <line num="164" count="141" type="stmt"/>
        <line num="178" count="141" type="stmt"/>
        <line num="201" count="15" type="stmt"/>
        <line num="205" count="1" type="stmt"/>
        <line num="215" count="15" type="stmt"/>
        <line num="219" count="1" type="stmt"/>
        <line num="231" count="384" type="stmt"/>
        <line num="235" count="5" type="stmt"/>
        <line num="277" count="141" type="stmt"/>
        <line num="282" count="10" type="stmt"/>
        <line num="290" count="572" type="stmt"/>
        <line num="295" count="564" type="stmt"/>
        <line num="301" count="29" type="cond" truecount="2" falsecount="0"/>
        <line num="313" count="0" type="stmt"/>
        <line num="324" count="0" type="cond" truecount="0" falsecount="2"/>
        <line num="329" count="0" type="stmt"/>
        <line num="338" count="141" type="stmt"/>
        <line num="351" count="141" type="stmt"/>
        <line num="379" count="0" type="stmt"/>
        <line num="397" count="0" type="stmt"/>
        <line num="398" count="0" type="stmt"/>
        <line num="399" count="0" type="stmt"/>
        <line num="404" count="0" type="stmt"/>
        <line num="409" count="0" type="stmt"/>
        <line num="417" count="0" type="stmt"/>
        <line num="418" count="0" type="stmt"/>
        <line num="422" count="115" type="stmt"/>
        <line num="427" count="0" type="stmt"/>
        <line num="428" count="0" type="stmt"/>
        <line num="448" count="35" type="stmt"/>
        <line num="472" count="2" type="stmt"/>
        <line num="473" count="2" type="cond" truecount="1" falsecount="1"/>
        <line num="474" count="2" type="stmt"/>
        <line num="475" count="2" type="cond" truecount="1" falsecount="1"/>
        <line num="478" count="1" type="stmt"/>
      </file>
    </package>
    <package name="src.api">
      <metrics statements="147" coveredstatements="127" conditionals="101" coveredconditionals="76" methods="52" coveredmethods="46"/>
      <file name="alertas.ts" path="/home/renan/Documentos/Projects/Omni-Tribo/apps/mobile/src/api/alertas.ts">
        <metrics statements="6" coveredstatements="6" conditionals="2" coveredconditionals="1" methods="3" coveredmethods="3"/>
        <line num="11" count="5" type="stmt"/>
        <line num="14" count="4" type="stmt"/>
        <line num="25" count="5" type="stmt"/>
        <line num="26" count="5" type="stmt"/>
        <line num="31" count="1" type="stmt"/>
        <line num="32" count="1" type="stmt"/>
      </file>
      <file name="auth.ts" path="/home/renan/Documentos/Projects/Omni-Tribo/apps/mobile/src/api/auth.ts">
        <metrics statements="9" coveredstatements="5" conditionals="0" coveredconditionals="0" methods="5" coveredmethods="3"/>
        <line num="10" count="3" type="stmt"/>
        <line num="11" count="1" type="stmt"/>
        <line num="23" count="0" type="stmt"/>
        <line num="24" count="0" type="stmt"/>
        <line num="28" count="1" type="stmt"/>
        <line num="29" count="1" type="stmt"/>
        <line num="33" count="0" type="stmt"/>
        <line num="44" count="1" type="stmt"/>
        <line num="49" count="0" type="stmt"/>
      </file>
      <file name="baseUrl.ts" path="/home/renan/Documentos/Projects/Omni-Tribo/apps/mobile/src/api/baseUrl.ts">
        <metrics statements="11" coveredstatements="6" conditionals="14" coveredconditionals="4" methods="2" coveredmethods="2"/>
        <line num="5" count="8" type="stmt"/>
        <line num="24" count="13" type="stmt"/>
        <line num="25" count="13" type="cond" truecount="3" falsecount="1"/>
        <line num="26" count="13" type="stmt"/>
        <line num="29" count="0" type="stmt"/>
        <line num="30" count="0" type="cond" truecount="0" falsecount="4"/>
        <line num="31" count="0" type="stmt"/>
        <line num="32" count="0" type="cond" truecount="0" falsecount="2"/>
        <line num="35" count="0" type="cond" truecount="0" falsecount="2"/>
        <line num="41" count="13" type="cond" truecount="1" falsecount="1"/>
        <line num="44" count="8" type="stmt"/>
      </file>
      <file name="carteira.ts" path="/home/renan/Documentos/Projects/Omni-Tribo/apps/mobile/src/api/carteira.ts">
        <metrics statements="8" coveredstatements="7" conditionals="1" coveredconditionals="1" methods="4" coveredmethods="4"/>
        <line num="18" count="11" type="stmt"/>
        <line num="19" count="10" type="stmt"/>
        <line num="26" count="5" type="stmt"/>
        <line num="29" count="5" type="stmt"/>
        <line num="49" count="2" type="stmt"/>
        <line num="54" count="1" type="stmt"/>
        <line num="69" count="1" type="stmt"/>
        <line num="74" count="0" type="stmt"/>
      </file>
      <file name="cliente.ts" path="/home/renan/Documentos/Projects/Omni-Tribo/apps/mobile/src/api/cliente.ts">
        <metrics statements="37" coveredstatements="37" conditionals="17" coveredconditionals="14" methods="10" coveredmethods="10"/>
        <line num="10" count="8" type="stmt"/>
        <line num="17" count="8" type="stmt"/>
        <line num="23" count="8" type="stmt"/>
        <line num="24" count="163" type="stmt"/>
        <line num="25" count="163" type="cond" truecount="2" falsecount="0"/>
        <line num="26" count="147" type="stmt"/>
        <line num="30" count="163" type="stmt"/>
        <line num="31" count="163" type="stmt"/>
        <line num="45" count="8" type="stmt"/>
        <line num="48" count="4" type="cond" truecount="1" falsecount="1"/>
        <line num="49" count="4" type="cond" truecount="1" falsecount="1"/>
        <line num="53" count="4" type="stmt"/>
        <line num="59" count="3" type="stmt"/>
        <line num="60" count="3" type="stmt"/>
        <line num="64" count="6" type="cond" truecount="2" falsecount="0"/>
        <line num="65" count="4" type="stmt"/>
        <line num="66" count="4" type="stmt"/>
        <line num="69" count="6" type="stmt"/>
        <line num="72" count="8" type="stmt"/>
        <line num="73" count="135" type="stmt"/>
        <line num="75" count="28" type="stmt"/>
        <line num="76" count="28" type="stmt"/>
        <line num="79" count="28" type="cond" truecount="5" falsecount="0"/>
        <line num="82" count="20" type="cond" truecount="1" falsecount="1"/>
        <line num="88" count="28" type="cond" truecount="2" falsecount="0"/>
        <line num="89" count="22" type="stmt"/>
        <line num="92" count="6" type="stmt"/>
        <line num="94" count="6" type="stmt"/>
        <line num="95" count="6" type="stmt"/>
        <line num="96" count="5" type="stmt"/>
        <line num="97" count="5" type="stmt"/>
        <line num="102" count="1" type="stmt"/>
        <line num="103" count="1" type="stmt"/>
        <line num="116" count="8" type="stmt"/>
        <line num="117" count="139" type="stmt"/>
        <line num="118" count="24" type="stmt"/>
        <line num="123" count="7" type="stmt"/>
      </file>
      <file name="erros.ts" path="/home/renan/Documentos/Projects/Omni-Tribo/apps/mobile/src/api/erros.ts">
        <metrics statements="39" coveredstatements="38" conditionals="64" coveredconditionals="55" methods="10" coveredmethods="10"/>
        <line num="67" count="9" type="stmt"/>
        <line num="85" count="9" type="stmt"/>
        <line num="93" count="69" type="cond" truecount="3" falsecount="1"/>
        <line num="94" count="69" type="stmt"/>
        <line num="95" count="69" type="cond" truecount="2" falsecount="0"/>
        <line num="113" count="63" type="cond" truecount="3" falsecount="1"/>
        <line num="117" count="61" type="cond" truecount="3" falsecount="1"/>
        <line num="120" count="61" type="stmt"/>
        <line num="121" count="61" type="cond" truecount="1" falsecount="1"/>
        <line num="125" count="5" type="cond" truecount="2" falsecount="0"/>
        <line num="126" count="3" type="stmt"/>
        <line num="127" count="6" type="cond" truecount="4" falsecount="0"/>
        <line num="128" count="4" type="stmt"/>
        <line num="129" count="4" type="cond" truecount="4" falsecount="0"/>
        <line num="130" count="3" type="stmt"/>
        <line num="144" count="69" type="cond" truecount="2" falsecount="0"/>
        <line num="146" count="63" type="cond" truecount="1" falsecount="1"/>
        <line num="147" count="0" type="stmt"/>
        <line num="155" count="63" type="cond" truecount="2" falsecount="0"/>
        <line num="156" count="2" type="stmt"/>
        <line num="164" count="61" type="cond" truecount="3" falsecount="1"/>
        <line num="168" count="61" type="cond" truecount="1" falsecount="1"/>
        <line num="169" count="61" type="stmt"/>
        <line num="175" count="61" type="stmt"/>
        <line num="177" count="61" type="cond" truecount="4" falsecount="0"/>
        <line num="181" count="61" type="cond" truecount="6" falsecount="0"/>
        <line num="183" count="5" type="stmt"/>
        <line num="185" count="3" type="stmt"/>
        <line num="192" count="3" type="stmt"/>
        <line num="194" count="3" type="stmt"/>
        <line num="201" count="2" type="stmt"/>
        <line num="203" count="45" type="stmt"/>
        <line num="209" count="12" type="cond" truecount="4" falsecount="0"/>
        <line num="213" count="2" type="stmt"/>
        <line num="214" count="2" type="cond" truecount="2" falsecount="0"/>
        <line num="215" count="2" type="stmt"/>
        <line num="216" count="2" type="cond" truecount="2" falsecount="0"/>
        <line num="221" count="11" type="stmt"/>
        <line num="229" count="5" type="cond" truecount="2" falsecount="0"/>
      </file>
      <file name="lugares.ts" path="/home/renan/Documentos/Projects/Omni-Tribo/apps/mobile/src/api/lugares.ts">
        <metrics statements="12" coveredstatements="8" conditionals="1" coveredconditionals="0" methods="6" coveredmethods="4"/>
        <line num="20" count="0" type="stmt"/>
        <line num="21" count="0" type="stmt"/>
        <line num="26" count="4" type="stmt"/>
        <line num="27" count="4" type="stmt"/>
        <line num="31" count="0" type="stmt"/>
        <line num="32" count="0" type="stmt"/>
        <line num="40" count="24" type="stmt"/>
        <line num="43" count="24" type="stmt"/>
        <line num="54" count="8" type="stmt"/>
        <line num="55" count="6" type="stmt"/>
        <line num="66" count="3" type="stmt"/>
        <line num="67" count="2" type="stmt"/>
      </file>
      <file name="missoes.ts" path="/home/renan/Documentos/Projects/Omni-Tribo/apps/mobile/src/api/missoes.ts">
        <metrics statements="15" coveredstatements="15" conditionals="2" coveredconditionals="1" methods="7" coveredmethods="7"/>
        <line num="24" count="8" type="stmt"/>
        <line num="27" count="8" type="stmt"/>
        <line num="35" count="15" type="stmt"/>
        <line num="38" count="14" type="stmt"/>
        <line num="42" count="20" type="stmt"/>
        <line num="43" count="20" type="stmt"/>
        <line num="53" count="5" type="stmt"/>
        <line num="54" count="4" type="stmt"/>
        <line num="68" count="3" type="stmt"/>
        <line num="72" count="1" type="stmt"/>
        <line num="83" count="3" type="cond" truecount="1" falsecount="1"/>
        <line num="84" count="3" type="stmt"/>
        <line num="85" count="2" type="stmt"/>
        <line num="103" count="4" type="stmt"/>
        <line num="106" count="1" type="stmt"/>
      </file>
      <file name="perfil.ts" path="/home/renan/Documentos/Projects/Omni-Tribo/apps/mobile/src/api/perfil.ts">
        <metrics statements="9" coveredstatements="5" conditionals="0" coveredconditionals="0" methods="5" coveredmethods="3"/>
        <line num="14" count="10" type="stmt"/>
        <line num="15" count="9" type="stmt"/>
        <line num="19" count="6" type="stmt"/>
        <line num="20" count="6" type="stmt"/>
        <line num="39" count="0" type="stmt"/>
        <line num="43" count="0" type="stmt"/>
        <line num="54" count="0" type="stmt"/>
        <line num="55" count="0" type="stmt"/>
        <line num="65" count="2" type="stmt"/>
      </file>
      <file name="tipos.ts" path="/home/renan/Documentos/Projects/Omni-Tribo/apps/mobile/src/api/tipos.ts">
        <metrics statements="1" coveredstatements="0" conditionals="0" coveredconditionals="0" methods="0" coveredmethods="0"/>
        <line num="22" count="0" type="stmt"/>
      </file>
    </package>
    <package name="src.api.__tests__">
      <metrics statements="164" coveredstatements="0" conditionals="8" coveredconditionals="0" methods="31" coveredmethods="0"/>
      <file name="ciclo.e2e.test.ts" path="/home/renan/Documentos/Projects/Omni-Tribo/apps/mobile/src/api/__tests__/ciclo.e2e.test.ts">
        <metrics statements="112" coveredstatements="0" conditionals="6" coveredconditionals="0" methods="19" coveredmethods="0"/>
        <line num="45" count="0" type="cond" truecount="0" falsecount="2"/>
        <line num="48" count="0" type="stmt"/>
        <line num="50" count="0" type="stmt"/>
        <line num="52" count="0" type="stmt"/>
        <line num="60" count="0" type="stmt"/>
        <line num="61" count="0" type="stmt"/>
        <line num="63" count="0" type="stmt"/>
        <line num="74" count="0" type="stmt"/>
        <line num="77" count="0" type="stmt"/>
        <line num="79" count="0" type="stmt"/>
        <line num="80" count="0" type="stmt"/>
        <line num="83" count="0" type="stmt"/>
        <line num="84" count="0" type="stmt"/>
        <line num="88" count="0" type="stmt"/>
        <line num="89" count="0" type="stmt"/>
        <line num="113" count="0" type="stmt"/>
        <line num="114" count="0" type="stmt"/>
        <line num="116" count="0" type="stmt"/>
        <line num="117" count="0" type="stmt"/>
        <line num="118" count="0" type="stmt"/>
        <line num="119" count="0" type="stmt"/>
        <line num="122" count="0" type="stmt"/>
        <line num="124" count="0" type="stmt"/>
        <line num="125" count="0" type="stmt"/>
        <line num="128" count="0" type="stmt"/>
        <line num="129" count="0" type="stmt"/>
        <line num="131" count="0" type="stmt"/>
        <line num="132" count="0" type="stmt"/>
        <line num="134" count="0" type="stmt"/>
        <line num="137" count="0" type="stmt"/>
        <line num="138" count="0" type="stmt"/>
        <line num="139" count="0" type="stmt"/>
        <line num="142" count="0" type="stmt"/>
        <line num="143" count="0" type="stmt"/>
        <line num="144" count="0" type="stmt"/>
        <line num="145" count="0" type="stmt"/>
        <line num="147" count="0" type="stmt"/>
        <line num="154" count="0" type="stmt"/>
        <line num="155" count="0" type="stmt"/>
        <line num="157" count="0" type="stmt"/>
        <line num="162" count="0" type="stmt"/>
        <line num="163" count="0" type="stmt"/>
        <line num="164" count="0" type="stmt"/>
        <line num="166" count="0" type="stmt"/>
        <line num="167" count="0" type="stmt"/>
        <line num="168" count="0" type="stmt"/>
        <line num="170" count="0" type="stmt"/>
        <line num="171" count="0" type="stmt"/>
        <line num="174" count="0" type="stmt"/>
        <line num="177" count="0" type="stmt"/>
        <line num="178" count="0" type="stmt"/>
        <line num="180" count="0" type="stmt"/>
        <line num="181" count="0" type="stmt"/>
        <line num="186" count="0" type="stmt"/>
        <line num="188" count="0" type="stmt"/>
        <line num="189" count="0" type="stmt"/>
        <line num="190" count="0" type="stmt"/>
        <line num="194" count="0" type="cond" truecount="0" falsecount="2"/>
        <line num="195" count="0" type="stmt"/>
        <line num="196" count="0" type="stmt"/>
        <line num="201" count="0" type="stmt"/>
        <line num="204" count="0" type="stmt"/>
        <line num="205" count="0" type="stmt"/>
        <line num="207" count="0" type="stmt"/>
        <line num="212" count="0" type="stmt"/>
        <line num="215" count="0" type="stmt"/>
        <line num="218" count="0" type="stmt"/>
        <line num="219" count="0" type="stmt"/>
        <line num="222" count="0" type="stmt"/>
        <line num="227" count="0" type="stmt"/>
        <line num="232" count="0" type="stmt"/>
        <line num="233" count="0" type="stmt"/>
        <line num="234" count="0" type="stmt"/>
        <line num="235" count="0" type="stmt"/>
        <line num="236" count="0" type="stmt"/>
        <line num="238" count="0" type="stmt"/>
        <line num="239" count="0" type="stmt"/>
        <line num="240" count="0" type="stmt"/>
        <line num="242" count="0" type="stmt"/>
        <line num="245" count="0" type="stmt"/>
        <line num="246" count="0" type="stmt"/>
        <line num="247" count="0" type="stmt"/>
        <line num="249" count="0" type="stmt"/>
        <line num="250" count="0" type="cond" truecount="0" falsecount="2"/>
        <line num="252" count="0" type="stmt"/>
        <line num="253" count="0" type="stmt"/>
        <line num="254" count="0" type="stmt"/>
        <line num="255" count="0" type="stmt"/>
        <line num="257" count="0" type="stmt"/>
        <line num="262" count="0" type="stmt"/>
        <line num="263" count="0" type="stmt"/>
        <line num="264" count="0" type="stmt"/>
        <line num="265" count="0" type="stmt"/>
        <line num="267" count="0" type="stmt"/>
        <line num="268" count="0" type="stmt"/>
        <line num="269" count="0" type="stmt"/>
        <line num="271" count="0" type="stmt"/>
        <line num="274" count="0" type="stmt"/>
        <line num="275" count="0" type="stmt"/>
        <line num="276" count="0" type="stmt"/>
        <line num="278" count="0" type="stmt"/>
        <line num="279" count="0" type="stmt"/>
        <line num="282" count="0" type="stmt"/>
        <line num="285" count="0" type="stmt"/>
        <line num="286" count="0" type="stmt"/>
        <line num="287" count="0" type="stmt"/>
        <line num="289" count="0" type="stmt"/>
        <line num="290" count="0" type="stmt"/>
        <line num="292" count="0" type="stmt"/>
        <line num="293" count="0" type="stmt"/>
        <line num="294" count="0" type="stmt"/>
        <line num="295" count="0" type="stmt"/>
      </file>
      <file name="integracao.e2e.test.ts" path="/home/renan/Documentos/Projects/Omni-Tribo/apps/mobile/src/api/__tests__/integracao.e2e.test.ts">
        <metrics statements="52" coveredstatements="0" conditionals="2" coveredconditionals="0" methods="12" coveredmethods="0"/>
        <line num="21" count="0" type="cond" truecount="0" falsecount="2"/>
        <line num="23" count="0" type="stmt"/>
        <line num="24" count="0" type="stmt"/>
        <line num="25" count="0" type="stmt"/>
        <line num="26" count="0" type="stmt"/>
        <line num="29" count="0" type="stmt"/>
        <line num="30" count="0" type="stmt"/>
        <line num="33" count="0" type="stmt"/>
        <line num="34" count="0" type="stmt"/>
        <line num="35" count="0" type="stmt"/>
        <line num="36" count="0" type="stmt"/>
        <line num="39" count="0" type="stmt"/>
        <line num="40" count="0" type="stmt"/>
        <line num="41" count="0" type="stmt"/>
        <line num="42" count="0" type="stmt"/>
        <line num="45" count="0" type="stmt"/>
        <line num="46" count="0" type="stmt"/>
        <line num="48" count="0" type="stmt"/>
        <line num="49" count="0" type="stmt"/>
        <line num="50" count="0" type="stmt"/>
        <line num="51" count="0" type="stmt"/>
        <line num="53" count="0" type="stmt"/>
        <line num="54" count="0" type="stmt"/>
        <line num="56" count="0" type="stmt"/>
        <line num="57" count="0" type="stmt"/>
        <line num="58" count="0" type="stmt"/>
        <line num="61" count="0" type="stmt"/>
        <line num="63" count="0" type="stmt"/>
        <line num="70" count="0" type="stmt"/>
        <line num="71" count="0" type="stmt"/>
        <line num="72" count="0" type="stmt"/>
        <line num="73" count="0" type="stmt"/>
        <line num="74" count="0" type="stmt"/>
        <line num="77" count="0" type="stmt"/>
        <line num="78" count="0" type="stmt"/>
        <line num="81" count="0" type="stmt"/>
        <line num="82" count="0" type="stmt"/>
        <line num="83" count="0" type="stmt"/>
        <line num="84" count="0" type="stmt"/>
        <line num="87" count="0" type="stmt"/>
        <line num="88" count="0" type="stmt"/>
        <line num="89" count="0" type="stmt"/>
        <line num="90" count="0" type="stmt"/>
        <line num="92" count="0" type="stmt"/>
        <line num="93" count="0" type="stmt"/>
        <line num="96" count="0" type="stmt"/>
        <line num="97" count="0" type="stmt"/>
        <line num="98" count="0" type="stmt"/>
        <line num="99" count="0" type="stmt"/>
        <line num="101" count="0" type="stmt"/>
        <line num="102" count="0" type="stmt"/>
        <line num="103" count="0" type="stmt"/>
      </file>
    </package>
    <package name="src.components">
      <metrics statements="100" coveredstatements="89" conditionals="117" coveredconditionals="82" methods="38" coveredmethods="35"/>
      <file name="Aviso.tsx" path="/home/renan/Documentos/Projects/Omni-Tribo/apps/mobile/src/components/Aviso.tsx">
        <metrics statements="4" coveredstatements="4" conditionals="3" coveredconditionals="2" methods="1" coveredmethods="1"/>
        <line num="24" count="10" type="stmt"/>
        <line num="26" count="10" type="stmt"/>
        <line num="40" count="4" type="stmt"/>
        <line num="46" count="4" type="stmt"/>
      </file>
      <file name="BarraProgresso.tsx" path="/home/renan/Documentos/Projects/Omni-Tribo/apps/mobile/src/components/BarraProgresso.tsx">
        <metrics statements="3" coveredstatements="3" conditionals="6" coveredconditionals="4" methods="1" coveredmethods="1"/>
        <line num="34" count="127" type="cond" truecount="1" falsecount="1"/>
        <line num="36" count="127" type="stmt"/>
        <line num="55" count="2" type="stmt"/>
      </file>
      <file name="Botao.tsx" path="/home/renan/Documentos/Projects/Omni-Tribo/apps/mobile/src/components/Botao.tsx">
        <metrics statements="6" coveredstatements="6" conditionals="12" coveredconditionals="10" methods="2" coveredmethods="2"/>
        <line num="39" count="814" type="cond" truecount="2" falsecount="0"/>
        <line num="40" count="814" type="stmt"/>
        <line num="42" count="814" type="stmt"/>
        <line num="50" count="814" type="stmt"/>
        <line num="69" count="6" type="stmt"/>
        <line num="87" count="6" type="stmt"/>
      </file>
      <file name="CampoTexto.tsx" path="/home/renan/Documentos/Projects/Omni-Tribo/apps/mobile/src/components/CampoTexto.tsx">
        <metrics statements="6" coveredstatements="4" conditionals="10" coveredconditionals="9" methods="3" coveredmethods="1"/>
        <line num="13" count="1094" type="stmt"/>
        <line num="14" count="1094" type="stmt"/>
        <line num="16" count="1094" type="stmt"/>
        <line num="25" count="0" type="stmt"/>
        <line num="26" count="0" type="stmt"/>
        <line num="40" count="3" type="stmt"/>
      </file>
      <file name="Card.tsx" path="/home/renan/Documentos/Projects/Omni-Tribo/apps/mobile/src/components/Card.tsx">
        <metrics statements="2" coveredstatements="2" conditionals="0" coveredconditionals="0" methods="1" coveredmethods="1"/>
        <line num="10" count="659" type="stmt"/>
        <line num="17" count="5" type="stmt"/>
      </file>
      <file name="Chip.tsx" path="/home/renan/Documentos/Projects/Omni-Tribo/apps/mobile/src/components/Chip.tsx">
        <metrics statements="4" coveredstatements="4" conditionals="17" coveredconditionals="17" methods="1" coveredmethods="1"/>
        <line num="16" count="1300" type="cond" truecount="4" falsecount="0"/>
        <line num="17" count="1300" type="cond" truecount="4" falsecount="0"/>
        <line num="19" count="1300" type="stmt"/>
        <line num="41" count="5" type="stmt"/>
      </file>
      <file name="DialogoConfirmacao.tsx" path="/home/renan/Documentos/Projects/Omni-Tribo/apps/mobile/src/components/DialogoConfirmacao.tsx">
        <metrics statements="2" coveredstatements="2" conditionals="12" coveredconditionals="5" methods="1" coveredmethods="1"/>
        <line num="48" count="74" type="stmt"/>
        <line num="89" count="2" type="stmt"/>
      </file>
      <file name="Esqueleto.tsx" path="/home/renan/Documentos/Projects/Omni-Tribo/apps/mobile/src/components/Esqueleto.tsx">
        <metrics statements="8" coveredstatements="8" conditionals="2" coveredconditionals="1" methods="5" coveredmethods="5"/>
        <line num="26" count="187" type="stmt"/>
        <line num="28" count="187" type="stmt"/>
        <line num="29" count="171" type="stmt"/>
        <line num="45" count="171" type="stmt"/>
        <line num="47" count="171" type="stmt"/>
        <line num="50" count="187" type="stmt"/>
        <line num="59" count="15" type="stmt"/>
        <line num="72" count="4" type="stmt"/>
      </file>
      <file name="EstadoVazio.tsx" path="/home/renan/Documentos/Projects/Omni-Tribo/apps/mobile/src/components/EstadoVazio.tsx">
        <metrics statements="2" coveredstatements="2" conditionals="4" coveredconditionals="3" methods="1" coveredmethods="1"/>
        <line num="14" count="9" type="stmt"/>
        <line num="30" count="4" type="stmt"/>
      </file>
      <file name="FolhaInferior.tsx" path="/home/renan/Documentos/Projects/Omni-Tribo/apps/mobile/src/components/FolhaInferior.tsx">
        <metrics statements="7" coveredstatements="7" conditionals="8" coveredconditionals="6" methods="3" coveredmethods="3"/>
        <line num="28" count="382" type="stmt"/>
        <line num="32" count="382" type="stmt"/>
        <line num="34" count="382" type="stmt"/>
        <line num="35" count="64" type="stmt"/>
        <line num="42" count="382" type="stmt"/>
        <line num="44" count="382" type="stmt"/>
        <line num="96" count="3" type="stmt"/>
      </file>
      <file name="IndicadorPaginas.tsx" path="/home/renan/Documentos/Projects/Omni-Tribo/apps/mobile/src/components/IndicadorPaginas.tsx">
        <metrics statements="3" coveredstatements="3" conditionals="2" coveredconditionals="2" methods="2" coveredmethods="2"/>
        <line num="19" count="3" type="stmt"/>
        <line num="27" count="9" type="stmt"/>
        <line num="38" count="1" type="stmt"/>
      </file>
      <file name="JustificativaLocalizacao.tsx" path="/home/renan/Documentos/Projects/Omni-Tribo/apps/mobile/src/components/JustificativaLocalizacao.tsx">
        <metrics statements="2" coveredstatements="2" conditionals="0" coveredconditionals="0" methods="1" coveredmethods="1"/>
        <line num="30" count="52" type="stmt"/>
        <line num="48" count="2" type="stmt"/>
      </file>
      <file name="MapaLeaflet.tsx" path="/home/renan/Documentos/Projects/Omni-Tribo/apps/mobile/src/components/MapaLeaflet.tsx">
        <metrics statements="21" coveredstatements="12" conditionals="13" coveredconditionals="0" methods="7" coveredmethods="6"/>
        <line num="64" count="7" type="stmt"/>
        <line num="71" count="7" type="stmt"/>
        <line num="73" count="7" type="stmt"/>
        <line num="74" count="10" type="stmt"/>
        <line num="78" count="7" type="stmt"/>
        <line num="79" count="7" type="stmt"/>
        <line num="82" count="7" type="stmt"/>
        <line num="83" count="3" type="stmt"/>
        <line num="86" count="7" type="stmt"/>
        <line num="89" count="0" type="stmt"/>
        <line num="90" count="0" type="stmt"/>
        <line num="95" count="0" type="stmt"/>
        <line num="98" count="0" type="cond" truecount="0" falsecount="4"/>
        <line num="99" count="0" type="stmt"/>
        <line num="100" count="0" type="cond" truecount="0" falsecount="4"/>
        <line num="101" count="0" type="stmt"/>
        <line num="106" count="0" type="cond" truecount="0" falsecount="4"/>
        <line num="107" count="0" type="stmt"/>
        <line num="113" count="7" type="stmt"/>
        <line num="145" count="3" type="stmt"/>
        <line num="236" count="2" type="stmt"/>
      </file>
      <file name="MissaoCard.tsx" path="/home/renan/Documentos/Projects/Omni-Tribo/apps/mobile/src/components/MissaoCard.tsx">
        <metrics statements="7" coveredstatements="7" conditionals="4" coveredconditionals="4" methods="2" coveredmethods="2"/>
        <line num="27" count="5" type="stmt"/>
        <line num="29" count="5" type="stmt"/>
        <line num="75" count="5" type="stmt"/>
        <line num="80" count="5" type="cond" truecount="2" falsecount="0"/>
        <line num="81" count="5" type="stmt"/>
        <line num="82" count="5" type="stmt"/>
        <line num="85" count="1" type="stmt"/>
      </file>
      <file name="SaldoToken.tsx" path="/home/renan/Documentos/Projects/Omni-Tribo/apps/mobile/src/components/SaldoToken.tsx">
        <metrics statements="5" coveredstatements="5" conditionals="8" coveredconditionals="6" methods="2" coveredmethods="2"/>
        <line num="23" count="180" type="cond" truecount="2" falsecount="0"/>
        <line num="24" count="180" type="cond" truecount="2" falsecount="0"/>
        <line num="26" count="180" type="stmt"/>
        <line num="43" count="180" type="stmt"/>
        <line num="58" count="5" type="stmt"/>
      </file>
      <file name="SeletorDataHora.tsx" path="/home/renan/Documentos/Projects/Omni-Tribo/apps/mobile/src/components/SeletorDataHora.tsx">
        <metrics statements="18" coveredstatements="18" conditionals="16" coveredconditionals="13" methods="5" coveredmethods="5"/>
        <line num="39" count="294" type="stmt"/>
        <line num="40" count="294" type="stmt"/>
        <line num="43" count="4" type="stmt"/>
        <line num="44" count="4" type="cond" truecount="2" falsecount="0"/>
        <line num="49" count="1" type="stmt"/>
        <line num="53" count="3" type="cond" truecount="2" falsecount="0"/>
        <line num="55" count="1" type="stmt"/>
        <line num="56" count="1" type="stmt"/>
        <line num="57" count="1" type="stmt"/>
        <line num="58" count="1" type="stmt"/>
        <line num="59" count="1" type="stmt"/>
        <line num="62" count="2" type="stmt"/>
        <line num="63" count="2" type="stmt"/>
        <line num="64" count="2" type="stmt"/>
        <line num="65" count="2" type="stmt"/>
        <line num="68" count="294" type="stmt"/>
        <line num="103" count="588" type="stmt"/>
        <line num="112" count="2" type="stmt"/>
      </file>
    </package>
    <package name="src.features.alertas">
      <metrics statements="14" coveredstatements="14" conditionals="7" coveredconditionals="4" methods="9" coveredmethods="9"/>
      <file name="hooks.ts" path="/home/renan/Documentos/Projects/Omni-Tribo/apps/mobile/src/features/alertas/hooks.ts">
        <metrics statements="14" coveredstatements="14" conditionals="7" coveredconditionals="4" methods="9" coveredmethods="9"/>
        <line num="7" count="1" type="stmt"/>
        <line num="9" count="18" type="stmt"/>
        <line num="14" count="18" type="stmt"/>
        <line num="17" count="5" type="stmt"/>
        <line num="18" count="26" type="cond" truecount="1" falsecount="1"/>
        <line num="30" count="18" type="stmt"/>
        <line num="46" count="18" type="stmt"/>
        <line num="48" count="18" type="stmt"/>
        <line num="49" count="1" type="stmt"/>
        <line num="51" count="1" type="stmt"/>
        <line num="52" count="1" type="stmt"/>
        <line num="53" count="1" type="cond" truecount="3" falsecount="1"/>
        <line num="54" count="1" type="stmt"/>
        <line num="58" count="1" type="stmt"/>
      </file>
    </package>
    <package name="src.features.auth">
      <metrics statements="24" coveredstatements="16" conditionals="2" coveredconditionals="2" methods="9" coveredmethods="5"/>
      <file name="hooks.ts" path="/home/renan/Documentos/Projects/Omni-Tribo/apps/mobile/src/features/auth/hooks.ts">
        <metrics statements="14" coveredstatements="8" conditionals="0" coveredconditionals="0" methods="8" coveredmethods="4"/>
        <line num="8" count="59" type="stmt"/>
        <line num="9" count="59" type="stmt"/>
        <line num="10" count="19" type="stmt"/>
        <line num="12" count="19" type="stmt"/>
        <line num="14" count="3" type="stmt"/>
        <line num="15" count="1" type="stmt"/>
        <line num="17" count="1" type="stmt"/>
        <line num="20" count="1" type="stmt"/>
        <line num="26" count="0" type="stmt"/>
        <line num="27" count="0" type="stmt"/>
        <line num="29" count="0" type="stmt"/>
        <line num="33" count="0" type="stmt"/>
        <line num="34" count="0" type="stmt"/>
        <line num="35" count="0" type="stmt"/>
      </file>
      <file name="restaurarSessao.ts" path="/home/renan/Documentos/Projects/Omni-Tribo/apps/mobile/src/features/auth/restaurarSessao.ts">
        <metrics statements="10" coveredstatements="8" conditionals="2" coveredconditionals="2" methods="1" coveredmethods="1"/>
        <line num="17" count="2" type="stmt"/>
        <line num="18" count="2" type="stmt"/>
        <line num="19" count="2" type="stmt"/>
        <line num="20" count="2" type="cond" truecount="2" falsecount="0"/>
        <line num="22" count="1" type="stmt"/>
        <line num="23" count="0" type="stmt"/>
        <line num="24" count="0" type="stmt"/>
        <line num="31" count="1" type="stmt"/>
        <line num="32" count="1" type="stmt"/>
        <line num="39" count="2" type="stmt"/>
      </file>
    </package>
    <package name="src.features.beneficios">
      <metrics statements="3" coveredstatements="3" conditionals="0" coveredconditionals="0" methods="1" coveredmethods="1"/>
      <file name="catalogo.ts" path="/home/renan/Documentos/Projects/Omni-Tribo/apps/mobile/src/features/beneficios/catalogo.ts">
        <metrics statements="3" coveredstatements="3" conditionals="0" coveredconditionals="0" methods="1" coveredmethods="1"/>
        <line num="44" count="2" type="stmt"/>
        <line num="110" count="89" type="stmt"/>
        <line num="111" count="89" type="stmt"/>
      </file>
    </package>
    <package name="src.features.carteira">
      <metrics statements="9" coveredstatements="9" conditionals="2" coveredconditionals="1" methods="7" coveredmethods="7"/>
      <file name="hooks.ts" path="/home/renan/Documentos/Projects/Omni-Tribo/apps/mobile/src/features/carteira/hooks.ts">
        <metrics statements="9" coveredstatements="9" conditionals="2" coveredconditionals="1" methods="7" coveredmethods="7"/>
        <line num="12" count="2" type="stmt"/>
        <line num="31" count="24" type="stmt"/>
        <line num="33" count="24" type="stmt"/>
        <line num="39" count="2" type="stmt"/>
        <line num="43" count="1" type="stmt"/>
        <line num="63" count="39" type="stmt"/>
        <line num="70" count="24" type="stmt"/>
        <line num="73" count="5" type="stmt"/>
        <line num="74" count="39" type="cond" truecount="1" falsecount="1"/>
      </file>
    </package>
    <package name="src.features.mapa">
      <metrics statements="17" coveredstatements="15" conditionals="9" coveredconditionals="7" methods="15" coveredmethods="13"/>
      <file name="hooks.ts" path="/home/renan/Documentos/Projects/Omni-Tribo/apps/mobile/src/features/mapa/hooks.ts">
        <metrics statements="17" coveredstatements="15" conditionals="9" coveredconditionals="7" methods="15" coveredmethods="13"/>
        <line num="19" count="3" type="stmt"/>
        <line num="21" count="43" type="stmt"/>
        <line num="25" count="186" type="stmt"/>
        <line num="26" count="43" type="stmt"/>
        <line num="27" count="143" type="stmt"/>
        <line num="31" count="0" type="stmt"/>
        <line num="42" count="43" type="stmt"/>
        <line num="45" count="4" type="stmt"/>
        <line num="57" count="50" type="stmt"/>
        <line num="60" count="0" type="stmt"/>
        <line num="70" count="186" type="stmt"/>
        <line num="75" count="24" type="stmt"/>
        <line num="91" count="43" type="stmt"/>
        <line num="94" count="8" type="stmt"/>
        <line num="107" count="143" type="stmt"/>
        <line num="109" count="143" type="stmt"/>
        <line num="112" count="3" type="stmt"/>
      </file>
    </package>
    <package name="src.features.missoes">
      <metrics statements="85" coveredstatements="78" conditionals="49" coveredconditionals="33" methods="33" coveredmethods="32"/>
      <file name="acoes.ts" path="/home/renan/Documentos/Projects/Omni-Tribo/apps/mobile/src/features/missoes/acoes.ts">
        <metrics statements="15" coveredstatements="15" conditionals="6" coveredconditionals="6" methods="3" coveredmethods="3"/>
        <line num="51" count="55" type="cond" truecount="2" falsecount="0"/>
        <line num="52" count="54" type="cond" truecount="2" falsecount="0"/>
        <line num="53" count="44" type="cond" truecount="2" falsecount="0"/>
        <line num="54" count="20" type="stmt"/>
        <line num="57" count="2" type="stmt"/>
        <line num="64" count="2" type="stmt"/>
        <line num="71" count="2" type="stmt"/>
        <line num="78" count="2" type="stmt"/>
        <line num="85" count="2" type="stmt"/>
        <line num="97" count="2" type="stmt"/>
        <line num="108" count="2" type="stmt"/>
        <line num="120" count="2" type="stmt"/>
        <line num="132" count="38" type="stmt"/>
        <line num="141" count="2" type="stmt"/>
        <line num="196" count="159" type="stmt"/>
      </file>
      <file name="hooks.ts" path="/home/renan/Documentos/Projects/Omni-Tribo/apps/mobile/src/features/missoes/hooks.ts">
        <metrics statements="40" coveredstatements="38" conditionals="18" coveredconditionals="11" methods="25" coveredmethods="24"/>
        <line num="24" count="4" type="stmt"/>
        <line num="26" count="4" type="stmt"/>
        <line num="28" count="27" type="cond" truecount="2" falsecount="0"/>
        <line num="32" count="53" type="cond" truecount="2" falsecount="0"/>
        <line num="33" count="83" type="stmt"/>
        <line num="38" count="27" type="stmt"/>
        <line num="42" count="8" type="stmt"/>
        <line num="48" count="46" type="cond" truecount="1" falsecount="1"/>
        <line num="57" count="70" type="stmt"/>
        <line num="63" count="15" type="stmt"/>
        <line num="77" count="66" type="stmt"/>
        <line num="79" count="20" type="stmt"/>
        <line num="84" count="4" type="stmt"/>
        <line num="109" count="66" type="stmt"/>
        <line num="111" count="66" type="stmt"/>
        <line num="117" count="3" type="stmt"/>
        <line num="120" count="3" type="stmt"/>
        <line num="121" count="3" type="stmt"/>
        <line num="123" count="3" type="stmt"/>
        <line num="124" count="3" type="cond" truecount="3" falsecount="1"/>
        <line num="127" count="3" type="stmt"/>
        <line num="129" count="3" type="stmt"/>
        <line num="134" count="1" type="cond" truecount="1" falsecount="1"/>
        <line num="135" count="1" type="stmt"/>
        <line num="142" count="2" type="stmt"/>
        <line num="148" count="3" type="stmt"/>
        <line num="157" count="143" type="stmt"/>
        <line num="159" count="143" type="stmt"/>
        <line num="160" count="5" type="stmt"/>
        <line num="162" count="4" type="stmt"/>
        <line num="163" count="4" type="stmt"/>
        <line num="177" count="143" type="stmt"/>
        <line num="180" count="3" type="stmt"/>
        <line num="187" count="66" type="stmt"/>
        <line num="189" count="66" type="stmt"/>
        <line num="194" count="4" type="stmt"/>
        <line num="196" count="1" type="stmt"/>
        <line num="197" count="1" type="stmt"/>
        <line num="205" count="0" type="cond" truecount="0" falsecount="4"/>
        <line num="206" count="0" type="stmt"/>
      </file>
      <file name="mensagensCheckin.ts" path="/home/renan/Documentos/Projects/Omni-Tribo/apps/mobile/src/features/missoes/mensagensCheckin.ts">
        <metrics statements="9" coveredstatements="6" conditionals="14" coveredconditionals="9" methods="1" coveredmethods="1"/>
        <line num="21" count="3" type="cond" truecount="3" falsecount="3"/>
        <line num="23" count="1" type="stmt"/>
        <line num="34" count="1" type="cond" truecount="3" falsecount="1"/>
        <line num="37" count="1" type="stmt"/>
        <line num="50" count="1" type="cond" truecount="3" falsecount="1"/>
        <line num="53" count="1" type="stmt"/>
        <line num="60" count="0" type="stmt"/>
        <line num="66" count="0" type="stmt"/>
        <line num="72" count="0" type="stmt"/>
      </file>
      <file name="useLocalizacao.ts" path="/home/renan/Documentos/Projects/Omni-Tribo/apps/mobile/src/features/missoes/useLocalizacao.ts">
        <metrics statements="21" coveredstatements="19" conditionals="11" coveredconditionals="7" methods="4" coveredmethods="4"/>
        <line num="36" count="279" type="stmt"/>
        <line num="40" count="279" type="cond" truecount="1" falsecount="1"/>
        <line num="42" count="279" type="stmt"/>
        <line num="43" count="13" type="stmt"/>
        <line num="44" count="13" type="stmt"/>
        <line num="45" count="13" type="cond" truecount="2" falsecount="0"/>
        <line num="46" count="2" type="stmt"/>
        <line num="47" count="2" type="stmt"/>
        <line num="50" count="11" type="stmt"/>
        <line num="54" count="11" type="stmt"/>
        <line num="62" count="11" type="stmt"/>
        <line num="63" count="11" type="stmt"/>
        <line num="64" count="11" type="stmt"/>
        <line num="66" count="0" type="stmt"/>
        <line num="67" count="0" type="stmt"/>
        <line num="72" count="279" type="stmt"/>
        <line num="73" count="13" type="stmt"/>
        <line num="74" count="13" type="stmt"/>
        <line num="77" count="279" type="stmt"/>
        <line num="85" count="42" type="cond" truecount="1" falsecount="1"/>
        <line num="88" count="279" type="stmt"/>
      </file>
    </package>
    <package name="src.features.onboarding">
      <metrics statements="6" coveredstatements="3" conditionals="0" coveredconditionals="0" methods="2" coveredmethods="1"/>
      <file name="visto.ts" path="/home/renan/Documentos/Projects/Omni-Tribo/apps/mobile/src/features/onboarding/visto.ts">
        <metrics statements="6" coveredstatements="3" conditionals="0" coveredconditionals="0" methods="2" coveredmethods="1"/>
        <line num="3" count="1" type="stmt"/>
        <line num="22" count="0" type="stmt"/>
        <line num="23" count="0" type="stmt"/>
        <line num="25" count="0" type="stmt"/>
        <line num="30" count="1" type="stmt"/>
        <line num="31" count="1" type="stmt"/>
      </file>
    </package>
    <package name="src.features.perfil">
      <metrics statements="11" coveredstatements="9" conditionals="0" coveredconditionals="0" methods="8" coveredmethods="6"/>
      <file name="hooks.ts" path="/home/renan/Documentos/Projects/Omni-Tribo/apps/mobile/src/features/perfil/hooks.ts">
        <metrics statements="11" coveredstatements="9" conditionals="0" coveredconditionals="0" methods="8" coveredmethods="6"/>
        <line num="20" count="1" type="stmt"/>
        <line num="22" count="1" type="stmt"/>
        <line num="28" count="75" type="stmt"/>
        <line num="35" count="32" type="stmt"/>
        <line num="49" count="32" type="stmt"/>
        <line num="51" count="32" type="stmt"/>
        <line num="57" count="0" type="stmt"/>
        <line num="59" count="0" type="stmt"/>
        <line num="66" count="32" type="stmt"/>
        <line num="74" count="32" type="stmt"/>
        <line num="75" count="2" type="stmt"/>
      </file>
    </package>
    <package name="src.lib">
      <metrics statements="55" coveredstatements="48" conditionals="42" coveredconditionals="30" methods="24" coveredmethods="21"/>
      <file name="armazenamentoSeguro.ts" path="/home/renan/Documentos/Projects/Omni-Tribo/apps/mobile/src/lib/armazenamentoSeguro.ts">
        <metrics statements="13" coveredstatements="13" conditionals="8" coveredconditionals="8" methods="4" coveredmethods="4"/>
        <line num="32" count="9" type="stmt"/>
        <line num="34" count="41" type="stmt"/>
        <line num="37" count="8" type="cond" truecount="4" falsecount="0"/>
        <line num="38" count="3" type="stmt"/>
        <line num="42" count="16" type="cond" truecount="2" falsecount="0"/>
        <line num="43" count="3" type="stmt"/>
        <line num="44" count="3" type="stmt"/>
        <line num="46" count="13" type="stmt"/>
        <line num="62" count="17" type="cond" truecount="2" falsecount="0"/>
        <line num="63" count="2" type="stmt"/>
        <line num="64" count="2" type="stmt"/>
        <line num="66" count="15" type="stmt"/>
        <line num="67" count="15" type="stmt"/>
      </file>
      <file name="debounce.ts" path="/home/renan/Documentos/Projects/Omni-Tribo/apps/mobile/src/lib/debounce.ts">
        <metrics statements="15" coveredstatements="13" conditionals="4" coveredconditionals="1" methods="10" coveredmethods="8"/>
        <line num="17" count="286" type="stmt"/>
        <line num="19" count="286" type="stmt"/>
        <line num="20" count="68" type="stmt"/>
        <line num="21" count="68" type="stmt"/>
        <line num="24" count="286" type="stmt"/>
        <line num="42" count="43" type="stmt"/>
        <line num="43" count="43" type="stmt"/>
        <line num="45" count="43" type="stmt"/>
        <line num="46" count="43" type="stmt"/>
        <line num="49" count="43" type="stmt"/>
        <line num="50" count="4" type="stmt"/>
        <line num="51" count="4" type="cond" truecount="1" falsecount="1"/>
        <line num="57" count="43" type="stmt"/>
        <line num="59" count="0" type="cond" truecount="0" falsecount="2"/>
        <line num="60" count="0" type="stmt"/>
      </file>
      <file name="formatar.ts" path="/home/renan/Documentos/Projects/Omni-Tribo/apps/mobile/src/lib/formatar.ts">
        <metrics statements="11" coveredstatements="11" conditionals="10" coveredconditionals="7" methods="4" coveredmethods="4"/>
        <line num="10" count="8" type="cond" truecount="3" falsecount="1"/>
        <line num="11" count="8" type="cond" truecount="2" falsecount="0"/>
        <line num="12" count="2" type="stmt"/>
        <line num="14" count="2" type="cond" truecount="1" falsecount="1"/>
        <line num="17" count="4" type="stmt"/>
        <line num="25" count="740" type="stmt"/>
        <line num="28" count="4" type="stmt"/>
        <line num="41" count="50" type="stmt"/>
        <line num="46" count="140" type="stmt"/>
        <line num="47" count="140" type="cond" truecount="1" falsecount="1"/>
        <line num="48" count="140" type="stmt"/>
      </file>
      <file name="formulario.ts" path="/home/renan/Documentos/Projects/Omni-Tribo/apps/mobile/src/lib/formulario.ts">
        <metrics statements="13" coveredstatements="8" conditionals="20" coveredconditionals="14" methods="4" coveredmethods="3"/>
        <line num="11" count="19" type="cond" truecount="4" falsecount="0"/>
        <line num="12" count="2" type="stmt"/>
        <line num="13" count="2" type="cond" truecount="2" falsecount="0"/>
        <line num="14" count="1" type="stmt"/>
        <line num="29" count="0" type="stmt"/>
        <line num="30" count="0" type="stmt"/>
        <line num="31" count="0" type="cond" truecount="0" falsecount="2"/>
        <line num="32" count="0" type="cond" truecount="0" falsecount="4"/>
        <line num="34" count="0" type="stmt"/>
        <line num="44" count="19" type="cond" truecount="4" falsecount="0"/>
        <line num="45" count="2" type="stmt"/>
        <line num="46" count="2" type="cond" truecount="4" falsecount="0"/>
        <line num="47" count="1" type="stmt"/>
      </file>
      <file name="ids.ts" path="/home/renan/Documentos/Projects/Omni-Tribo/apps/mobile/src/lib/ids.ts">
        <metrics statements="3" coveredstatements="3" conditionals="0" coveredconditionals="0" methods="2" coveredmethods="2"/>
        <line num="5" count="258" type="stmt"/>
        <line num="9" count="8" type="stmt"/>
        <line num="25" count="95" type="stmt"/>
      </file>
    </package>
    <package name="src.schemas">
      <metrics statements="39" coveredstatements="37" conditionals="28" coveredconditionals="24" methods="4" coveredmethods="4"/>
      <file name="index.ts" path="/home/renan/Documentos/Projects/Omni-Tribo/apps/mobile/src/schemas/index.ts">
        <metrics statements="32" coveredstatements="30" conditionals="22" coveredconditionals="20" methods="2" coveredmethods="2"/>
        <line num="5" count="7" type="stmt"/>
        <line num="11" count="7" type="stmt"/>
        <line num="23" count="7" type="stmt"/>
        <line num="47" count="7" type="stmt"/>
        <line num="78" count="225" type="cond" truecount="1" falsecount="1"/>
        <line num="79" count="0" type="stmt"/>
        <line num="86" count="225" type="stmt"/>
        <line num="87" count="225" type="stmt"/>
        <line num="88" count="225" type="cond" truecount="2" falsecount="0"/>
        <line num="90" count="225" type="cond" truecount="6" falsecount="0"/>
        <line num="91" count="24" type="stmt"/>
        <line num="98" count="225" type="cond" truecount="4" falsecount="1"/>
        <line num="101" count="0" type="stmt"/>
        <line num="108" count="225" type="cond" truecount="5" falsecount="0"/>
        <line num="109" count="178" type="stmt"/>
        <line num="126" count="7" type="stmt"/>
        <line num="133" count="7" type="stmt"/>
        <line num="139" count="7" type="stmt"/>
        <line num="182" count="7" type="stmt"/>
        <line num="187" count="7" type="stmt"/>
        <line num="194" count="7" type="stmt"/>
        <line num="216" count="7" type="stmt"/>
        <line num="224" count="7" type="stmt"/>
        <line num="233" count="7" type="stmt"/>
        <line num="250" count="7" type="stmt"/>
        <line num="257" count="7" type="stmt"/>
        <line num="267" count="7" type="stmt"/>
        <line num="279" count="7" type="stmt"/>
        <line num="287" count="7" type="stmt"/>
        <line num="295" count="7" type="stmt"/>
        <line num="302" count="7" type="stmt"/>
        <line num="311" count="17" type="stmt"/>
      </file>
      <file name="validar.ts" path="/home/renan/Documentos/Projects/Omni-Tribo/apps/mobile/src/schemas/validar.ts">
        <metrics statements="7" coveredstatements="7" conditionals="6" coveredconditionals="4" methods="2" coveredmethods="2"/>
        <line num="18" count="124" type="cond" truecount="1" falsecount="1"/>
        <line num="19" count="124" type="stmt"/>
        <line num="20" count="124" type="cond" truecount="2" falsecount="0"/>
        <line num="21" count="1" type="stmt"/>
        <line num="22" count="5" type="cond" truecount="1" falsecount="1"/>
        <line num="25" count="1" type="stmt"/>
        <line num="31" count="124" type="stmt"/>
      </file>
    </package>
    <package name="src.stores">
      <metrics statements="11" coveredstatements="10" conditionals="0" coveredconditionals="0" methods="8" coveredmethods="7"/>
      <file name="sessao.ts" path="/home/renan/Documentos/Projects/Omni-Tribo/apps/mobile/src/stores/sessao.ts">
        <metrics statements="11" coveredstatements="10" conditionals="0" coveredconditionals="0" methods="8" coveredmethods="7"/>
        <line num="19" count="8" type="stmt"/>
        <line num="39" count="8" type="stmt"/>
        <line num="46" count="11" type="stmt"/>
        <line num="47" count="11" type="stmt"/>
        <line num="50" count="1" type="stmt"/>
        <line num="52" count="0" type="stmt"/>
        <line num="55" count="14" type="stmt"/>
        <line num="56" count="14" type="stmt"/>
        <line num="59" count="2" type="stmt"/>
        <line num="63" count="2" type="stmt"/>
        <line num="74" count="171" type="stmt"/>
      </file>
    </package>
    <package name="src.testes">
      <metrics statements="63" coveredstatements="46" conditionals="7" coveredconditionals="5" methods="43" coveredmethods="27"/>
      <file name="fixtures.ts" path="/home/renan/Documentos/Projects/Omni-Tribo/apps/mobile/src/testes/fixtures.ts">
        <metrics statements="17" coveredstatements="17" conditionals="7" coveredconditionals="5" methods="5" coveredmethods="5"/>
        <line num="19" count="13" type="stmt"/>
        <line num="26" count="13" type="stmt"/>
        <line num="33" count="49" type="stmt"/>
        <line num="73" count="26" type="stmt"/>
        <line num="89" count="14" type="stmt"/>
        <line num="92" count="13" type="stmt"/>
        <line num="99" count="13" type="stmt"/>
        <line num="113" count="13" type="stmt"/>
        <line num="128" count="13" type="stmt"/>
        <line num="160" count="13" type="stmt"/>
        <line num="183" count="39" type="stmt"/>
        <line num="196" count="13" type="stmt"/>
        <line num="205" count="13" type="stmt"/>
        <line num="217" count="13" type="stmt"/>
        <line num="225" count="13" type="stmt"/>
        <line num="233" count="13" type="stmt"/>
        <line num="247" count="30" type="stmt"/>
      </file>
      <file name="manipuladores.ts" path="/home/renan/Documentos/Projects/Omni-Tribo/apps/mobile/src/testes/manipuladores.ts">
        <metrics statements="38" coveredstatements="21" conditionals="0" coveredconditionals="0" methods="35" coveredmethods="19"/>
        <line num="20" count="13" type="stmt"/>
        <line num="29" count="13" type="stmt"/>
        <line num="30" count="1" type="stmt"/>
        <line num="31" count="0" type="stmt"/>
        <line num="33" count="2" type="stmt"/>
        <line num="35" count="0" type="stmt"/>
        <line num="36" count="1" type="stmt"/>
        <line num="39" count="7" type="stmt"/>
        <line num="40" count="11" type="stmt"/>
        <line num="41" count="1" type="stmt"/>
        <line num="42" count="1" type="stmt"/>
        <line num="43" count="0" type="stmt"/>
        <line num="45" count="0" type="stmt"/>
        <line num="49" count="0" type="stmt"/>
        <line num="51" count="1" type="stmt"/>
        <line num="54" count="0" type="stmt"/>
        <line num="57" count="0" type="stmt"/>
        <line num="60" count="0" type="stmt"/>
        <line num="63" count="0" type="stmt"/>
        <line num="66" count="0" type="stmt"/>
        <line num="70" count="10" type="stmt"/>
        <line num="71" count="5" type="stmt"/>
        <line num="73" count="0" type="stmt"/>
        <line num="85" count="9" type="stmt"/>
        <line num="86" count="6" type="stmt"/>
        <line num="88" count="0" type="stmt"/>
        <line num="89" count="0" type="stmt"/>
        <line num="97" count="0" type="stmt"/>
        <line num="99" count="1" type="stmt"/>
        <line num="102" count="5" type="stmt"/>
        <line num="103" count="3" type="stmt"/>
        <line num="105" count="0" type="stmt"/>
        <line num="110" count="0" type="stmt"/>
        <line num="112" count="4" type="stmt"/>
        <line num="113" count="24" type="stmt"/>
        <line num="115" count="0" type="stmt"/>
        <line num="117" count="6" type="stmt"/>
        <line num="118" count="2" type="stmt"/>
      </file>
      <file name="render.tsx" path="/home/renan/Documentos/Projects/Omni-Tribo/apps/mobile/src/testes/render.tsx">
        <metrics statements="6" coveredstatements="6" conditionals="0" coveredconditionals="0" methods="3" coveredmethods="3"/>
        <line num="13" count="7" type="stmt"/>
        <line num="20" count="73" type="stmt"/>
        <line num="46" count="73" type="stmt"/>
        <line num="48" count="73" type="stmt"/>
        <line num="54" count="73" type="stmt"/>
        <line num="55" count="73" type="stmt"/>
      </file>
      <file name="servidor.ts" path="/home/renan/Documentos/Projects/Omni-Tribo/apps/mobile/src/testes/servidor.ts">
        <metrics statements="2" coveredstatements="2" conditionals="0" coveredconditionals="0" methods="0" coveredmethods="0"/>
        <line num="13" count="13" type="stmt"/>
        <line num="16" count="13" type="stmt"/>
      </file>
    </package>
    <package name="src.theme">
      <metrics statements="9" coveredstatements="9" conditionals="0" coveredconditionals="0" methods="0" coveredmethods="0"/>
      <file name="index.ts" path="/home/renan/Documentos/Projects/Omni-Tribo/apps/mobile/src/theme/index.ts">
        <metrics statements="2" coveredstatements="2" conditionals="0" coveredconditionals="0" methods="0" coveredmethods="0"/>
        <line num="21" count="7" type="stmt"/>
        <line num="24" count="7" type="stmt"/>
      </file>
      <file name="tokens.ts" path="/home/renan/Documentos/Projects/Omni-Tribo/apps/mobile/src/theme/tokens.ts">
        <metrics statements="7" coveredstatements="7" conditionals="0" coveredconditionals="0" methods="0" coveredmethods="0"/>
        <line num="9" count="7" type="stmt"/>
        <line num="41" count="7" type="stmt"/>
        <line num="58" count="7" type="stmt"/>
        <line num="67" count="7" type="stmt"/>
        <line num="74" count="7" type="stmt"/>
        <line num="97" count="7" type="stmt"/>
        <line num="117" count="7" type="stmt"/>
      </file>
    </package>
  </project>
</coverage>
