{"/home/renan/Documentos/Projects/Omni-Tribo/apps/mobile/app/_layout.tsx": {"path":"/home/renan/Documentos/Projects/Omni-Tribo/apps/mobile/app/_layout.tsx","statementMap":{"0":{"start":{"line":12,"column":20},"end":{"line":23,"column":2}},"1":{"start":{"line":18,"column":35},"end":{"line":18,"column":88}},"2":{"start":{"line":26,"column":30},"end":{"line":26,"column":45}},"3":{"start":{"line":28,"column":2},"end":{"line":30,"column":9}},"4":{"start":{"line":29,"column":4},"end":{"line":29,"column":53}},"5":{"start":{"line":29,"column":36},"end":{"line":29,"column":51}},"6":{"start":{"line":32,"column":2},"end":{"line":32,"column":27}},"7":{"start":{"line":32,"column":15},"end":{"line":32,"column":27}},"8":{"start":{"line":34,"column":2},"end":{"line":52,"column":4}}},"fnMap":{"0":{"name":"(anonymous_0)","decl":{"start":{"line":18,"column":13},"end":{"line":18,"column":14}},"loc":{"start":{"line":18,"column":35},"end":{"line":18,"column":88}},"line":18},"1":{"name":"LayoutRaiz","decl":{"start":{"line":25,"column":24},"end":{"line":25,"column":34}},"loc":{"start":{"line":25,"column":37},"end":{"line":53,"column":1}},"line":25},"2":{"name":"(anonymous_2)","decl":{"start":{"line":28,"column":12},"end":{"line":28,"column":13}},"loc":{"start":{"line":28,"column":18},"end":{"line":30,"column":3}},"line":28},"3":{"name":"(anonymous_3)","decl":{"start":{"line":29,"column":30},"end":{"line":29,"column":31}},"loc":{"start":{"line":29,"column":36},"end":{"line":29,"column":51}},"line":29}},"branchMap":{"0":{"loc":{"start":{"line":18,"column":35},"end":{"line":18,"column":88}},"type":"binary-expr","locations":[{"start":{"line":18,"column":35},"end":{"line":18,"column":49}},{"start":{"line":18,"column":53},"end":{"line":18,"column":88}}],"line":18},"1":{"loc":{"start":{"line":32,"column":2},"end":{"line":32,"column":27}},"type":"if","locations":[{"start":{"line":32,"column":2},"end":{"line":32,"column":27}},{"start":{},"end":{}}],"line":32}},"s":{"0":0,"1":0,"2":0,"3":0,"4":0,"5":0,"6":0,"7":0,"8":0},"f":{"0":0,"1":0,"2":0,"3":0},"b":{"0":[0,0],"1":[0,0]}}
,"/home/renan/Documentos/Projects/Omni-Tribo/apps/mobile/app/beneficios.tsx": {"path":"/home/renan/Documentos/Projects/Omni-Tribo/apps/mobile/app/beneficios.tsx","statementMap":{"0":{"start":{"line":36,"column":17},"end":{"line":36,"column":28}},"1":{"start":{"line":37,"column":19},"end":{"line":37,"column":32}},"2":{"start":{"line":38,"column":44},"end":{"line":38,"column":59}},"3":{"start":{"line":39,"column":40},"end":{"line":39,"column":72}},"4":{"start":{"line":41,"column":16},"end":{"line":41,"column":47}},"5":{"start":{"line":45,"column":19},"end":{"line":51,"column":3}},"6":{"start":{"line":47,"column":6},"end":{"line":49,"column":20}},"7":{"start":{"line":48,"column":35},"end":{"line":48,"column":80}},"8":{"start":{"line":53,"column":2},"end":{"line":64,"column":3}},"9":{"start":{"line":54,"column":4},"end":{"line":63,"column":6}},"10":{"start":{"line":60,"column":59},"end":{"line":60,"column":82}},"11":{"start":{"line":66,"column":2},"end":{"line":170,"column":4}},"12":{"start":{"line":76,"column":27},"end":{"line":76,"column":40}},"13":{"start":{"line":103,"column":27},"end":{"line":103,"column":50}},"14":{"start":{"line":109,"column":27},"end":{"line":109,"column":49}},"15":{"start":{"line":119,"column":55},"end":{"line":119,"column":78}},"16":{"start":{"line":123,"column":12},"end":{"line":128,"column":14}},"17":{"start":{"line":127,"column":29},"end":{"line":127,"column":54}},"18":{"start":{"line":135,"column":24},"end":{"line":135,"column":44}},"19":{"start":{"line":163,"column":29},"end":{"line":163,"column":49}},"20":{"start":{"line":182,"column":17},"end":{"line":182,"column":62}},"21":{"start":{"line":184,"column":2},"end":{"line":225,"column":4}},"22":{"start":{"line":228,"column":16},"end":{"line":246,"column":2}}},"fnMap":{"0":{"name":"TelaBeneficios","decl":{"start":{"line":35,"column":24},"end":{"line":35,"column":38}},"loc":{"start":{"line":35,"column":41},"end":{"line":171,"column":1}},"line":35},"1":{"name":"(anonymous_1)","decl":{"start":{"line":46,"column":4},"end":{"line":46,"column":5}},"loc":{"start":{"line":47,"column":6},"end":{"line":49,"column":20}},"line":47},"2":{"name":"(anonymous_2)","decl":{"start":{"line":48,"column":28},"end":{"line":48,"column":29}},"loc":{"start":{"line":48,"column":35},"end":{"line":48,"column":80}},"line":48},"3":{"name":"(anonymous_3)","decl":{"start":{"line":60,"column":53},"end":{"line":60,"column":54}},"loc":{"start":{"line":60,"column":59},"end":{"line":60,"column":82}},"line":60},"4":{"name":"(anonymous_4)","decl":{"start":{"line":76,"column":21},"end":{"line":76,"column":22}},"loc":{"start":{"line":76,"column":27},"end":{"line":76,"column":40}},"line":76},"5":{"name":"(anonymous_5)","decl":{"start":{"line":103,"column":21},"end":{"line":103,"column":22}},"loc":{"start":{"line":103,"column":27},"end":{"line":103,"column":50}},"line":103},"6":{"name":"(anonymous_6)","decl":{"start":{"line":109,"column":21},"end":{"line":109,"column":22}},"loc":{"start":{"line":109,"column":27},"end":{"line":109,"column":49}},"line":109},"7":{"name":"(anonymous_7)","decl":{"start":{"line":119,"column":49},"end":{"line":119,"column":50}},"loc":{"start":{"line":119,"column":55},"end":{"line":119,"column":78}},"line":119},"8":{"name":"(anonymous_8)","decl":{"start":{"line":122,"column":23},"end":{"line":122,"column":24}},"loc":{"start":{"line":123,"column":12},"end":{"line":128,"column":14}},"line":123},"9":{"name":"(anonymous_9)","decl":{"start":{"line":127,"column":23},"end":{"line":127,"column":24}},"loc":{"start":{"line":127,"column":29},"end":{"line":127,"column":54}},"line":127},"10":{"name":"(anonymous_10)","decl":{"start":{"line":135,"column":18},"end":{"line":135,"column":19}},"loc":{"start":{"line":135,"column":24},"end":{"line":135,"column":44}},"line":135},"11":{"name":"(anonymous_11)","decl":{"start":{"line":163,"column":23},"end":{"line":163,"column":24}},"loc":{"start":{"line":163,"column":29},"end":{"line":163,"column":49}},"line":163},"12":{"name":"CartaoBeneficio","decl":{"start":{"line":173,"column":9},"end":{"line":173,"column":24}},"loc":{"start":{"line":181,"column":3},"end":{"line":226,"column":1}},"line":181}},"branchMap":{"0":{"loc":{"start":{"line":41,"column":16},"end":{"line":41,"column":47}},"type":"binary-expr","locations":[{"start":{"line":41,"column":16},"end":{"line":41,"column":42}},{"start":{"line":41,"column":46},"end":{"line":41,"column":47}}],"line":41},"1":{"loc":{"start":{"line":47,"column":6},"end":{"line":49,"column":20}},"type":"cond-expr","locations":[{"start":{"line":48,"column":10},"end":{"line":48,"column":81}},{"start":{"line":49,"column":10},"end":{"line":49,"column":20}}],"line":47},"2":{"loc":{"start":{"line":53,"column":2},"end":{"line":64,"column":3}},"type":"if","locations":[{"start":{"line":53,"column":2},"end":{"line":64,"column":3}},{"start":{},"end":{}}],"line":53},"3":{"loc":{"start":{"line":83,"column":11},"end":{"line":87,"column":11}},"type":"cond-expr","locations":[{"start":{"line":84,"column":12},"end":{"line":84,"column":51}},{"start":{"line":86,"column":12},"end":{"line":86,"column":84}}],"line":83},"4":{"loc":{"start":{"line":114,"column":9},"end":{"line":130,"column":9}},"type":"cond-expr","locations":[{"start":{"line":115,"column":10},"end":{"line":120,"column":12}},{"start":{"line":122,"column":10},"end":{"line":129,"column":12}}],"line":114},"5":{"loc":{"start":{"line":139,"column":9},"end":{"line":167,"column":16}},"type":"cond-expr","locations":[{"start":{"line":140,"column":10},"end":{"line":166,"column":17}},{"start":{"line":167,"column":12},"end":{"line":167,"column":16}}],"line":139},"6":{"loc":{"start":{"line":201,"column":11},"end":{"line":209,"column":11}},"type":"cond-expr","locations":[{"start":{"line":202,"column":12},"end":{"line":204,"column":19}},{"start":{"line":206,"column":12},"end":{"line":208,"column":19}}],"line":201},"7":{"loc":{"start":{"line":215,"column":15},"end":{"line":215,"column":65}},"type":"cond-expr","locations":[{"start":{"line":215,"column":32},"end":{"line":215,"column":51}},{"start":{"line":215,"column":54},"end":{"line":215,"column":65}}],"line":215},"8":{"loc":{"start":{"line":217,"column":12},"end":{"line":219,"column":68}},"type":"cond-expr","locations":[{"start":{"line":218,"column":16},"end":{"line":218,"column":54}},{"start":{"line":219,"column":16},"end":{"line":219,"column":68}}],"line":217}},"s":{"0":15,"1":15,"2":15,"3":15,"4":15,"5":15,"6":12,"7":6,"8":15,"9":1,"10":0,"11":14,"12":0,"13":0,"14":1,"15":0,"16":79,"17":1,"18":0,"19":1,"20":79,"21":79,"22":1},"f":{"0":15,"1":12,"2":6,"3":0,"4":0,"5":0,"6":1,"7":0,"8":79,"9":1,"10":0,"11":1,"12":79},"b":{"0":[15,7],"1":[1,11],"2":[1,14],"3":[6,8],"4":[0,14],"5":[1,13],"6":[8,71],"7":[8,71],"8":[8,71]},"_coverageSchema":"1a1c01bbd47fc00a2c39e90264f33305004495a9","hash":"58334c3a69c04996d8ba06af01c5ac5ae25de45b"}
,"/home/renan/Documentos/Projects/Omni-Tribo/apps/mobile/app/index.tsx": {"path":"/home/renan/Documentos/Projects/Omni-Tribo/apps/mobile/app/index.tsx","statementMap":{"0":{"start":{"line":25,"column":22},"end":{"line":25,"column":63}},"1":{"start":{"line":25,"column":44},"end":{"line":25,"column":62}},"2":{"start":{"line":26,"column":52},"end":{"line":26,"column":82}},"3":{"start":{"line":28,"column":2},"end":{"line":36,"column":9}},"4":{"start":{"line":29,"column":16},"end":{"line":29,"column":20}},"5":{"start":{"line":30,"column":4},"end":{"line":32,"column":7}},"6":{"start":{"line":31,"column":6},"end":{"line":31,"column":46}},"7":{"start":{"line":31,"column":17},"end":{"line":31,"column":46}},"8":{"start":{"line":33,"column":4},"end":{"line":35,"column":6}},"9":{"start":{"line":34,"column":6},"end":{"line":34,"column":20}},"10":{"start":{"line":38,"column":2},"end":{"line":38,"column":54}},"11":{"start":{"line":38,"column":19},"end":{"line":38,"column":54}},"12":{"start":{"line":40,"column":2},"end":{"line":46,"column":3}},"13":{"start":{"line":41,"column":4},"end":{"line":45,"column":6}},"14":{"start":{"line":48,"column":2},"end":{"line":48,"column":81}},"15":{"start":{"line":51,"column":16},"end":{"line":53,"column":2}}},"fnMap":{"0":{"name":"Entrada","decl":{"start":{"line":24,"column":24},"end":{"line":24,"column":31}},"loc":{"start":{"line":24,"column":34},"end":{"line":49,"column":1}},"line":24},"1":{"name":"(anonymous_1)","decl":{"start":{"line":25,"column":32},"end":{"line":25,"column":33}},"loc":{"start":{"line":25,"column":44},"end":{"line":25,"column":62}},"line":25},"2":{"name":"(anonymous_2)","decl":{"start":{"line":28,"column":12},"end":{"line":28,"column":13}},"loc":{"start":{"line":28,"column":18},"end":{"line":36,"column":3}},"line":28},"3":{"name":"(anonymous_3)","decl":{"start":{"line":30,"column":32},"end":{"line":30,"column":33}},"loc":{"start":{"line":30,"column":43},"end":{"line":32,"column":5}},"line":30},"4":{"name":"(anonymous_4)","decl":{"start":{"line":33,"column":11},"end":{"line":33,"column":12}},"loc":{"start":{"line":33,"column":17},"end":{"line":35,"column":5}},"line":33}},"branchMap":{"0":{"loc":{"start":{"line":31,"column":6},"end":{"line":31,"column":46}},"type":"if","locations":[{"start":{"line":31,"column":6},"end":{"line":31,"column":46}},{"start":{},"end":{}}],"line":31},"1":{"loc":{"start":{"line":38,"column":2},"end":{"line":38,"column":54}},"type":"if","locations":[{"start":{"line":38,"column":2},"end":{"line":38,"column":54}},{"start":{},"end":{}}],"line":38},"2":{"loc":{"start":{"line":40,"column":2},"end":{"line":46,"column":3}},"type":"if","locations":[{"start":{"line":40,"column":2},"end":{"line":46,"column":3}},{"start":{},"end":{}}],"line":40},"3":{"loc":{"start":{"line":48,"column":25},"end":{"line":48,"column":76}},"type":"cond-expr","locations":[{"start":{"line":48,"column":45},"end":{"line":48,"column":58}},{"start":{"line":48,"column":61},"end":{"line":48,"column":76}}],"line":48}},"s":{"0":0,"1":0,"2":0,"3":0,"4":0,"5":0,"6":0,"7":0,"8":0,"9":0,"10":0,"11":0,"12":0,"13":0,"14":0,"15":0},"f":{"0":0,"1":0,"2":0,"3":0,"4":0},"b":{"0":[0,0],"1":[0,0],"2":[0,0],"3":[0,0]}}
,"/home/renan/Documentos/Projects/Omni-Tribo/apps/mobile/app/onboarding.tsx": {"path":"/home/renan/Documentos/Projects/Omni-Tribo/apps/mobile/app/onboarding.tsx","statementMap":{"0":{"start":{"line":33,"column":24},"end":{"line":55,"column":1}},"1":{"start":{"line":58,"column":17},"end":{"line":58,"column":28}},"2":{"start":{"line":59,"column":28},"end":{"line":59,"column":39}},"3":{"start":{"line":60,"column":18},"end":{"line":60,"column":48}},"4":{"start":{"line":63,"column":4},"end":{"line":63,"column":34}},"5":{"start":{"line":64,"column":4},"end":{"line":64,"column":36}},"6":{"start":{"line":68,"column":19},"end":{"line":68,"column":75}},"7":{"start":{"line":69,"column":4},"end":{"line":69,"column":43}},"8":{"start":{"line":69,"column":26},"end":{"line":69,"column":43}},"9":{"start":{"line":72,"column":17},"end":{"line":72,"column":44}},"10":{"start":{"line":74,"column":2},"end":{"line":115,"column":4}},"11":{"start":{"line":94,"column":10},"end":{"line":102,"column":17}},"12":{"start":{"line":110,"column":45},"end":{"line":110,"column":96}},"13":{"start":{"line":110,"column":61},"end":{"line":110,"column":95}},"14":{"start":{"line":118,"column":16},"end":{"line":131,"column":2}}},"fnMap":{"0":{"name":"Onboarding","decl":{"start":{"line":57,"column":24},"end":{"line":57,"column":34}},"loc":{"start":{"line":57,"column":37},"end":{"line":116,"column":1}},"line":57},"1":{"name":"concluir","decl":{"start":{"line":62,"column":17},"end":{"line":62,"column":25}},"loc":{"start":{"line":62,"column":28},"end":{"line":65,"column":3}},"line":62},"2":{"name":"aoRolar","decl":{"start":{"line":67,"column":11},"end":{"line":67,"column":18}},"loc":{"start":{"line":67,"column":68},"end":{"line":70,"column":3}},"line":67},"3":{"name":"(anonymous_3)","decl":{"start":{"line":93,"column":20},"end":{"line":93,"column":21}},"loc":{"start":{"line":94,"column":10},"end":{"line":102,"column":17}},"line":94},"4":{"name":"(anonymous_4)","decl":{"start":{"line":110,"column":39},"end":{"line":110,"column":40}},"loc":{"start":{"line":110,"column":45},"end":{"line":110,"column":96}},"line":110},"5":{"name":"(anonymous_5)","decl":{"start":{"line":110,"column":54},"end":{"line":110,"column":55}},"loc":{"start":{"line":110,"column":61},"end":{"line":110,"column":95}},"line":110}},"branchMap":{"0":{"loc":{"start":{"line":69,"column":4},"end":{"line":69,"column":43}},"type":"if","locations":[{"start":{"line":69,"column":4},"end":{"line":69,"column":43}},{"start":{},"end":{}}],"line":69},"1":{"loc":{"start":{"line":79,"column":9},"end":{"line":83,"column":9}},"type":"cond-expr","locations":[{"start":{"line":80,"column":10},"end":{"line":80,"column":91}},{"start":{"line":82,"column":10},"end":{"line":82,"column":18}}],"line":79},"2":{"loc":{"start":{"line":109,"column":18},"end":{"line":109,"column":48}},"type":"cond-expr","locations":[{"start":{"line":109,"column":27},"end":{"line":109,"column":36}},{"start":{"line":109,"column":39},"end":{"line":109,"column":48}}],"line":109},"3":{"loc":{"start":{"line":110,"column":19},"end":{"line":110,"column":96}},"type":"cond-expr","locations":[{"start":{"line":110,"column":28},"end":{"line":110,"column":36}},{"start":{"line":110,"column":39},"end":{"line":110,"column":96}}],"line":110}},"s":{"0":1,"1":3,"2":3,"3":3,"4":1,"5":1,"6":0,"7":0,"8":0,"9":3,"10":3,"11":9,"12":0,"13":0,"14":1},"f":{"0":3,"1":1,"2":0,"3":9,"4":0,"5":0},"b":{"0":[0,0],"1":[3,0],"2":[0,3],"3":[0,3]},"_coverageSchema":"1a1c01bbd47fc00a2c39e90264f33305004495a9","hash":"55938fcf23dfce1e00cfd7adc5e7021cea92b8e5"}
,"/home/renan/Documentos/Projects/Omni-Tribo/apps/mobile/app/(auth)/_layout.tsx": {"path":"/home/renan/Documentos/Projects/Omni-Tribo/apps/mobile/app/(auth)/_layout.tsx","statementMap":{"0":{"start":{"line":6,"column":22},"end":{"line":6,"column":63}},"1":{"start":{"line":6,"column":44},"end":{"line":6,"column":62}},"2":{"start":{"line":10,"column":2},"end":{"line":10,"column":54}},"3":{"start":{"line":10,"column":19},"end":{"line":10,"column":54}},"4":{"start":{"line":12,"column":2},"end":{"line":12,"column":58}}},"fnMap":{"0":{"name":"LayoutAuth","decl":{"start":{"line":5,"column":24},"end":{"line":5,"column":34}},"loc":{"start":{"line":5,"column":37},"end":{"line":13,"column":1}},"line":5},"1":{"name":"(anonymous_1)","decl":{"start":{"line":6,"column":32},"end":{"line":6,"column":33}},"loc":{"start":{"line":6,"column":44},"end":{"line":6,"column":62}},"line":6}},"branchMap":{"0":{"loc":{"start":{"line":10,"column":2},"end":{"line":10,"column":54}},"type":"if","locations":[{"start":{"line":10,"column":2},"end":{"line":10,"column":54}},{"start":{},"end":{}}],"line":10}},"s":{"0":0,"1":0,"2":0,"3":0,"4":0},"f":{"0":0,"1":0},"b":{"0":[0,0]}}
,"/home/renan/Documentos/Projects/Omni-Tribo/apps/mobile/app/(auth)/login.tsx": {"path":"/home/renan/Documentos/Projects/Omni-Tribo/apps/mobile/app/(auth)/login.tsx","statementMap":{"0":{"start":{"line":14,"column":17},"end":{"line":14,"column":28}},"1":{"start":{"line":15,"column":17},"end":{"line":15,"column":27}},"2":{"start":{"line":17,"column":28},"end":{"line":17,"column":40}},"3":{"start":{"line":18,"column":28},"end":{"line":18,"column":40}},"4":{"start":{"line":19,"column":40},"end":{"line":19,"column":76}},"5":{"start":{"line":21,"column":26},"end":{"line":21,"column":53}},"6":{"start":{"line":22,"column":16},"end":{"line":22,"column":54}},"7":{"start":{"line":23,"column":16},"end":{"line":23,"column":44}},"8":{"start":{"line":26,"column":20},"end":{"line":26,"column":73}},"9":{"start":{"line":27,"column":4},"end":{"line":34,"column":5}},"10":{"start":{"line":28,"column":6},"end":{"line":32,"column":8}},"11":{"start":{"line":30,"column":49},"end":{"line":30,"column":93}},"12":{"start":{"line":33,"column":6},"end":{"line":33,"column":13}},"13":{"start":{"line":35,"column":4},"end":{"line":35,"column":23}},"14":{"start":{"line":36,"column":4},"end":{"line":36,"column":80}},"15":{"start":{"line":36,"column":51},"end":{"line":36,"column":76}},"16":{"start":{"line":39,"column":2},"end":{"line":96,"column":4}},"17":{"start":{"line":99,"column":16},"end":{"line":111,"column":2}}},"fnMap":{"0":{"name":"Login","decl":{"start":{"line":13,"column":24},"end":{"line":13,"column":29}},"loc":{"start":{"line":13,"column":32},"end":{"line":97,"column":1}},"line":13},"1":{"name":"submeter","decl":{"start":{"line":25,"column":17},"end":{"line":25,"column":25}},"loc":{"start":{"line":25,"column":28},"end":{"line":37,"column":3}},"line":25},"2":{"name":"(anonymous_2)","decl":{"start":{"line":30,"column":35},"end":{"line":30,"column":36}},"loc":{"start":{"line":30,"column":49},"end":{"line":30,"column":93}},"line":30},"3":{"name":"(anonymous_3)","decl":{"start":{"line":36,"column":45},"end":{"line":36,"column":46}},"loc":{"start":{"line":36,"column":51},"end":{"line":36,"column":76}},"line":36}},"branchMap":{"0":{"loc":{"start":{"line":27,"column":4},"end":{"line":34,"column":5}},"type":"if","locations":[{"start":{"line":27,"column":4},"end":{"line":34,"column":5}},{"start":{},"end":{}}],"line":27},"1":{"loc":{"start":{"line":42,"column":18},"end":{"line":42,"column":63}},"type":"cond-expr","locations":[{"start":{"line":42,"column":42},"end":{"line":42,"column":51}},{"start":{"line":42,"column":54},"end":{"line":42,"column":63}}],"line":42},"2":{"loc":{"start":{"line":73,"column":13},"end":{"line":77,"column":20}},"type":"cond-expr","locations":[{"start":{"line":74,"column":14},"end":{"line":76,"column":21}},{"start":{"line":77,"column":16},"end":{"line":77,"column":20}}],"line":73}},"s":{"0":19,"1":19,"2":19,"3":19,"4":19,"5":19,"6":19,"7":19,"8":4,"9":4,"10":1,"11":1,"12":1,"13":3,"14":3,"15":1,"16":19,"17":1},"f":{"0":19,"1":4,"2":1,"3":1},"b":{"0":[1,3],"1":[19,0],"2":[1,18]},"_coverageSchema":"1a1c01bbd47fc00a2c39e90264f33305004495a9","hash":"eb6f59e215e68f958d107e653f4e99e67d462861"}
,"/home/renan/Documentos/Projects/Omni-Tribo/apps/mobile/app/(auth)/registrar.tsx": {"path":"/home/renan/Documentos/Projects/Omni-Tribo/apps/mobile/app/(auth)/registrar.tsx","statementMap":{"0":{"start":{"line":14,"column":17},"end":{"line":14,"column":28}},"1":{"start":{"line":15,"column":16},"end":{"line":15,"column":29}},"2":{"start":{"line":17,"column":26},"end":{"line":17,"column":38}},"3":{"start":{"line":18,"column":28},"end":{"line":18,"column":40}},"4":{"start":{"line":19,"column":30},"end":{"line":19,"column":42}},"5":{"start":{"line":20,"column":28},"end":{"line":20,"column":40}},"6":{"start":{"line":21,"column":40},"end":{"line":21,"column":76}},"7":{"start":{"line":23,"column":16},"end":{"line":23,"column":65}},"8":{"start":{"line":24,"column":16},"end":{"line":24,"column":43}},"9":{"start":{"line":27,"column":20},"end":{"line":32,"column":6}},"10":{"start":{"line":33,"column":4},"end":{"line":40,"column":5}},"11":{"start":{"line":34,"column":6},"end":{"line":38,"column":8}},"12":{"start":{"line":36,"column":49},"end":{"line":36,"column":93}},"13":{"start":{"line":39,"column":6},"end":{"line":39,"column":13}},"14":{"start":{"line":41,"column":4},"end":{"line":41,"column":23}},"15":{"start":{"line":46,"column":4},"end":{"line":46,"column":79}},"16":{"start":{"line":46,"column":50},"end":{"line":46,"column":75}},"17":{"start":{"line":49,"column":2},"end":{"line":115,"column":4}},"18":{"start":{"line":118,"column":16},"end":{"line":128,"column":2}}},"fnMap":{"0":{"name":"Registrar","decl":{"start":{"line":13,"column":24},"end":{"line":13,"column":33}},"loc":{"start":{"line":13,"column":36},"end":{"line":116,"column":1}},"line":13},"1":{"name":"submeter","decl":{"start":{"line":26,"column":11},"end":{"line":26,"column":19}},"loc":{"start":{"line":26,"column":22},"end":{"line":47,"column":3}},"line":26},"2":{"name":"(anonymous_2)","decl":{"start":{"line":36,"column":35},"end":{"line":36,"column":36}},"loc":{"start":{"line":36,"column":49},"end":{"line":36,"column":93}},"line":36},"3":{"name":"(anonymous_3)","decl":{"start":{"line":46,"column":44},"end":{"line":46,"column":45}},"loc":{"start":{"line":46,"column":50},"end":{"line":46,"column":75}},"line":46}},"branchMap":{"0":{"loc":{"start":{"line":33,"column":4},"end":{"line":40,"column":5}},"type":"if","locations":[{"start":{"line":33,"column":4},"end":{"line":40,"column":5}},{"start":{},"end":{}}],"line":33},"1":{"loc":{"start":{"line":52,"column":18},"end":{"line":52,"column":63}},"type":"cond-expr","locations":[{"start":{"line":52,"column":42},"end":{"line":52,"column":51}},{"start":{"line":52,"column":54},"end":{"line":52,"column":63}}],"line":52},"2":{"loc":{"start":{"line":92,"column":13},"end":{"line":96,"column":20}},"type":"cond-expr","locations":[{"start":{"line":93,"column":14},"end":{"line":95,"column":21}},{"start":{"line":96,"column":16},"end":{"line":96,"column":20}}],"line":92}},"s":{"0":0,"1":0,"2":0,"3":0,"4":0,"5":0,"6":0,"7":0,"8":0,"9":0,"10":0,"11":0,"12":0,"13":0,"14":0,"15":0,"16":0,"17":0,"18":0},"f":{"0":0,"1":0,"2":0,"3":0},"b":{"0":[0,0],"1":[0,0],"2":[0,0]}}
,"/home/renan/Documentos/Projects/Omni-Tribo/apps/mobile/app/(tabs)/_layout.tsx": {"path":"/home/renan/Documentos/Projects/Omni-Tribo/apps/mobile/app/(tabs)/_layout.tsx","statementMap":{"0":{"start":{"line":9,"column":22},"end":{"line":9,"column":63}},"1":{"start":{"line":9,"column":44},"end":{"line":9,"column":62}},"2":{"start":{"line":13,"column":29},"end":{"line":13,"column":50}},"3":{"start":{"line":17,"column":2},"end":{"line":17,"column":61}},"4":{"start":{"line":17,"column":20},"end":{"line":17,"column":61}},"5":{"start":{"line":19,"column":2},"end":{"line":58,"column":4}},"6":{"start":{"line":31,"column":64},"end":{"line":31,"column":95}},"7":{"start":{"line":35,"column":61},"end":{"line":35,"column":92}},"8":{"start":{"line":39,"column":65},"end":{"line":39,"column":96}},"9":{"start":{"line":45,"column":37},"end":{"line":45,"column":68}},"10":{"start":{"line":55,"column":63},"end":{"line":55,"column":94}},"11":{"start":{"line":62,"column":2},"end":{"line":62,"column":67}}},"fnMap":{"0":{"name":"LayoutTabs","decl":{"start":{"line":8,"column":24},"end":{"line":8,"column":34}},"loc":{"start":{"line":8,"column":37},"end":{"line":59,"column":1}},"line":8},"1":{"name":"(anonymous_1)","decl":{"start":{"line":9,"column":32},"end":{"line":9,"column":33}},"loc":{"start":{"line":9,"column":44},"end":{"line":9,"column":62}},"line":9},"2":{"name":"(anonymous_2)","decl":{"start":{"line":31,"column":49},"end":{"line":31,"column":50}},"loc":{"start":{"line":31,"column":64},"end":{"line":31,"column":95}},"line":31},"3":{"name":"(anonymous_3)","decl":{"start":{"line":35,"column":46},"end":{"line":35,"column":47}},"loc":{"start":{"line":35,"column":61},"end":{"line":35,"column":92}},"line":35},"4":{"name":"(anonymous_4)","decl":{"start":{"line":39,"column":50},"end":{"line":39,"column":51}},"loc":{"start":{"line":39,"column":65},"end":{"line":39,"column":96}},"line":39},"5":{"name":"(anonymous_5)","decl":{"start":{"line":45,"column":22},"end":{"line":45,"column":23}},"loc":{"start":{"line":45,"column":37},"end":{"line":45,"column":68}},"line":45},"6":{"name":"(anonymous_6)","decl":{"start":{"line":55,"column":48},"end":{"line":55,"column":49}},"loc":{"start":{"line":55,"column":63},"end":{"line":55,"column":94}},"line":55},"7":{"name":"Icone","decl":{"start":{"line":61,"column":9},"end":{"line":61,"column":14}},"loc":{"start":{"line":61,"column":67},"end":{"line":63,"column":1}},"line":61}},"branchMap":{"0":{"loc":{"start":{"line":17,"column":2},"end":{"line":17,"column":61}},"type":"if","locations":[{"start":{"line":17,"column":2},"end":{"line":17,"column":61}},{"start":{},"end":{}}],"line":17},"1":{"loc":{"start":{"line":49,"column":23},"end":{"line":49,"column":70}},"type":"cond-expr","locations":[{"start":{"line":49,"column":50},"end":{"line":49,"column":58}},{"start":{"line":49,"column":61},"end":{"line":49,"column":70}}],"line":49},"2":{"loc":{"start":{"line":49,"column":23},"end":{"line":49,"column":47}},"type":"binary-expr","locations":[{"start":{"line":49,"column":23},"end":{"line":49,"column":31}},{"start":{"line":49,"column":35},"end":{"line":49,"column":47}}],"line":49}},"s":{"0":0,"1":0,"2":0,"3":0,"4":0,"5":0,"6":0,"7":0,"8":0,"9":0,"10":0,"11":0},"f":{"0":0,"1":0,"2":0,"3":0,"4":0,"5":0,"6":0,"7":0},"b":{"0":[0,0],"1":[0,0],"2":[0,0]}}
,"/home/renan/Documentos/Projects/Omni-Tribo/apps/mobile/app/(tabs)/carteira.tsx": {"path":"/home/renan/Documentos/Projects/Omni-Tribo/apps/mobile/app/(tabs)/carteira.tsx","statementMap":{"0":{"start":{"line":23,"column":69},"end":{"line":31,"column":1}},"1":{"start":{"line":34,"column":17},"end":{"line":34,"column":28}},"2":{"start":{"line":35,"column":19},"end":{"line":35,"column":32}},"3":{"start":{"line":36,"column":18},"end":{"line":36,"column":34}},"4":{"start":{"line":37,"column":21},"end":{"line":37,"column":42}},"5":{"start":{"line":39,"column":50},"end":{"line":39,"column":65}},"6":{"start":{"line":40,"column":42},"end":{"line":40,"column":54}},"7":{"start":{"line":41,"column":38},"end":{"line":41,"column":50}},"8":{"start":{"line":42,"column":34},"end":{"line":42,"column":46}},"9":{"start":{"line":43,"column":36},"end":{"line":43,"column":72}},"10":{"start":{"line":52,"column":16},"end":{"line":52,"column":47}},"11":{"start":{"line":54,"column":22},"end":{"line":54,"column":86}},"12":{"start":{"line":54,"column":70},"end":{"line":54,"column":85}},"13":{"start":{"line":65,"column":20},"end":{"line":71,"column":6}},"14":{"start":{"line":73,"column":4},"end":{"line":76,"column":5}},"15":{"start":{"line":74,"column":6},"end":{"line":74,"column":46}},"16":{"start":{"line":75,"column":6},"end":{"line":75,"column":13}},"17":{"start":{"line":77,"column":4},"end":{"line":77,"column":21}},"18":{"start":{"line":79,"column":4},"end":{"line":93,"column":6}},"19":{"start":{"line":86,"column":10},"end":{"line":86,"column":50}},"20":{"start":{"line":87,"column":10},"end":{"line":87,"column":37}},"21":{"start":{"line":88,"column":10},"end":{"line":88,"column":30}},"22":{"start":{"line":89,"column":10},"end":{"line":89,"column":28}},"23":{"start":{"line":90,"column":10},"end":{"line":90,"column":26}},"24":{"start":{"line":96,"column":2},"end":{"line":254,"column":4}},"25":{"start":{"line":101,"column":32},"end":{"line":101,"column":39}},"26":{"start":{"line":107,"column":14},"end":{"line":107,"column":38}},"27":{"start":{"line":108,"column":14},"end":{"line":108,"column":37}},"28":{"start":{"line":115,"column":10},"end":{"line":115,"column":95}},"29":{"start":{"line":115,"column":66},"end":{"line":115,"column":95}},"30":{"start":{"line":148,"column":31},"end":{"line":148,"column":56}},"31":{"start":{"line":170,"column":31},"end":{"line":170,"column":57}},"32":{"start":{"line":191,"column":63},"end":{"line":191,"column":85}},"33":{"start":{"line":201,"column":34},"end":{"line":201,"column":71}},"34":{"start":{"line":206,"column":24},"end":{"line":206,"column":50}},"35":{"start":{"line":227,"column":35},"end":{"line":227,"column":74}},"36":{"start":{"line":258,"column":18},"end":{"line":258,"column":48}},"37":{"start":{"line":259,"column":2},"end":{"line":276,"column":4}},"38":{"start":{"line":279,"column":16},"end":{"line":299,"column":2}}},"fnMap":{"0":{"name":"TelaCarteira","decl":{"start":{"line":33,"column":24},"end":{"line":33,"column":36}},"loc":{"start":{"line":33,"column":39},"end":{"line":255,"column":1}},"line":33},"1":{"name":"(anonymous_1)","decl":{"start":{"line":54,"column":58},"end":{"line":54,"column":59}},"loc":{"start":{"line":54,"column":70},"end":{"line":54,"column":85}},"line":54},"2":{"name":"enviarTransferencia","decl":{"start":{"line":64,"column":11},"end":{"line":64,"column":30}},"loc":{"start":{"line":64,"column":33},"end":{"line":94,"column":3}},"line":64},"3":{"name":"(anonymous_3)","decl":{"start":{"line":85,"column":19},"end":{"line":85,"column":20}},"loc":{"start":{"line":85,"column":25},"end":{"line":91,"column":9}},"line":85},"4":{"name":"(anonymous_4)","decl":{"start":{"line":101,"column":22},"end":{"line":101,"column":23}},"loc":{"start":{"line":101,"column":32},"end":{"line":101,"column":39}},"line":101},"5":{"name":"(anonymous_5)","decl":{"start":{"line":106,"column":23},"end":{"line":106,"column":24}},"loc":{"start":{"line":106,"column":29},"end":{"line":109,"column":13}},"line":106},"6":{"name":"(anonymous_6)","decl":{"start":{"line":114,"column":22},"end":{"line":114,"column":23}},"loc":{"start":{"line":114,"column":28},"end":{"line":116,"column":9}},"line":114},"7":{"name":"(anonymous_7)","decl":{"start":{"line":148,"column":25},"end":{"line":148,"column":26}},"loc":{"start":{"line":148,"column":31},"end":{"line":148,"column":56}},"line":148},"8":{"name":"(anonymous_8)","decl":{"start":{"line":170,"column":25},"end":{"line":170,"column":26}},"loc":{"start":{"line":170,"column":31},"end":{"line":170,"column":57}},"line":170},"9":{"name":"(anonymous_9)","decl":{"start":{"line":191,"column":57},"end":{"line":191,"column":58}},"loc":{"start":{"line":191,"column":63},"end":{"line":191,"column":85}},"line":191},"10":{"name":"(anonymous_10)","decl":{"start":{"line":201,"column":20},"end":{"line":201,"column":21}},"loc":{"start":{"line":201,"column":34},"end":{"line":201,"column":71}},"line":201},"11":{"name":"(anonymous_11)","decl":{"start":{"line":206,"column":18},"end":{"line":206,"column":19}},"loc":{"start":{"line":206,"column":24},"end":{"line":206,"column":50}},"line":206},"12":{"name":"(anonymous_12)","decl":{"start":{"line":227,"column":24},"end":{"line":227,"column":25}},"loc":{"start":{"line":227,"column":35},"end":{"line":227,"column":74}},"line":227},"13":{"name":"LinhaLancamento","decl":{"start":{"line":257,"column":9},"end":{"line":257,"column":24}},"loc":{"start":{"line":257,"column":77},"end":{"line":277,"column":1}},"line":257}},"branchMap":{"0":{"loc":{"start":{"line":54,"column":23},"end":{"line":54,"column":48}},"type":"binary-expr","locations":[{"start":{"line":54,"column":23},"end":{"line":54,"column":42}},{"start":{"line":54,"column":46},"end":{"line":54,"column":48}}],"line":54},"1":{"loc":{"start":{"line":69,"column":14},"end":{"line":69,"column":71}},"type":"cond-expr","locations":[{"start":{"line":69,"column":41},"end":{"line":69,"column":50}},{"start":{"line":69,"column":53},"end":{"line":69,"column":71}}],"line":69},"2":{"loc":{"start":{"line":70,"column":16},"end":{"line":70,"column":44}},"type":"binary-expr","locations":[{"start":{"line":70,"column":16},"end":{"line":70,"column":31}},{"start":{"line":70,"column":35},"end":{"line":70,"column":44}}],"line":70},"3":{"loc":{"start":{"line":73,"column":4},"end":{"line":76,"column":5}},"type":"if","locations":[{"start":{"line":73,"column":4},"end":{"line":76,"column":5}},{"start":{},"end":{}}],"line":73},"4":{"loc":{"start":{"line":115,"column":10},"end":{"line":115,"column":95}},"type":"if","locations":[{"start":{"line":115,"column":10},"end":{"line":115,"column":95}},{"start":{},"end":{}}],"line":115},"5":{"loc":{"start":{"line":115,"column":14},"end":{"line":115,"column":64}},"type":"binary-expr","locations":[{"start":{"line":115,"column":14},"end":{"line":115,"column":33}},{"start":{"line":115,"column":37},"end":{"line":115,"column":64}}],"line":115},"6":{"loc":{"start":{"line":123,"column":15},"end":{"line":133,"column":15}},"type":"cond-expr","locations":[{"start":{"line":124,"column":16},"end":{"line":124,"column":55}},{"start":{"line":125,"column":18},"end":{"line":133,"column":15}}],"line":123},"7":{"loc":{"start":{"line":125,"column":18},"end":{"line":133,"column":15}},"type":"cond-expr","locations":[{"start":{"line":126,"column":16},"end":{"line":126,"column":78}},{"start":{"line":128,"column":16},"end":{"line":132,"column":18}}],"line":125},"8":{"loc":{"start":{"line":129,"column":26},"end":{"line":129,"column":57}},"type":"binary-expr","locations":[{"start":{"line":129,"column":26},"end":{"line":129,"column":52}},{"start":{"line":129,"column":56},"end":{"line":129,"column":57}}],"line":129},"9":{"loc":{"start":{"line":180,"column":10},"end":{"line":199,"column":11}},"type":"cond-expr","locations":[{"start":{"line":181,"column":12},"end":{"line":185,"column":19}},{"start":{"line":186,"column":14},"end":{"line":199,"column":11}}],"line":180},"10":{"loc":{"start":{"line":186,"column":14},"end":{"line":199,"column":11}},"type":"cond-expr","locations":[{"start":{"line":187,"column":12},"end":{"line":192,"column":14}},{"start":{"line":194,"column":12},"end":{"line":198,"column":14}}],"line":186},"11":{"loc":{"start":{"line":240,"column":9},"end":{"line":244,"column":16}},"type":"cond-expr","locations":[{"start":{"line":243,"column":10},"end":{"line":243,"column":98}},{"start":{"line":244,"column":12},"end":{"line":244,"column":16}}],"line":240},"12":{"loc":{"start":{"line":264,"column":9},"end":{"line":264,"column":97}},"type":"cond-expr","locations":[{"start":{"line":264,"column":31},"end":{"line":264,"column":90}},{"start":{"line":264,"column":93},"end":{"line":264,"column":97}}],"line":264},"13":{"loc":{"start":{"line":267,"column":46},"end":{"line":267,"column":89}},"type":"cond-expr","locations":[{"start":{"line":267,"column":56},"end":{"line":267,"column":75}},{"start":{"line":267,"column":78},"end":{"line":267,"column":89}}],"line":267},"14":{"loc":{"start":{"line":268,"column":11},"end":{"line":268,"column":30}},"type":"cond-expr","locations":[{"start":{"line":268,"column":21},"end":{"line":268,"column":24}},{"start":{"line":268,"column":27},"end":{"line":268,"column":30}}],"line":268},"15":{"loc":{"start":{"line":272,"column":15},"end":{"line":272,"column":58}},"type":"cond-expr","locations":[{"start":{"line":272,"column":25},"end":{"line":272,"column":44}},{"start":{"line":272,"column":47},"end":{"line":272,"column":58}}],"line":272}},"s":{"0":1,"1":24,"2":24,"3":24,"4":24,"5":24,"6":24,"7":24,"8":24,"9":24,"10":24,"11":24,"12":16,"13":2,"14":2,"15":0,"16":0,"17":2,"18":2,"19":1,"20":1,"21":1,"22":1,"23":1,"24":24,"25":20,"26":0,"27":0,"28":0,"29":0,"30":2,"31":1,"32":0,"33":16,"34":0,"35":2,"36":16,"37":16,"38":1},"f":{"0":24,"1":16,"2":2,"3":1,"4":20,"5":0,"6":0,"7":2,"8":1,"9":0,"10":16,"11":0,"12":2,"13":16},"b":{"0":[24,8],"1":[0,2],"2":[2,2],"3":[0,2],"4":[0,0],"5":[0,0],"6":[4,20],"7":[0,20],"8":[20,0],"9":[8,16],"10":[0,16],"11":[1,23],"12":[0,16],"13":[16,0],"14":[16,0],"15":[16,0]},"_coverageSchema":"1a1c01bbd47fc00a2c39e90264f33305004495a9","hash":"3683c3e6c604031dd1772344a86f8de51f4c5ee9"}
,"/home/renan/Documentos/Projects/Omni-Tribo/apps/mobile/app/(tabs)/index.tsx": {"path":"/home/renan/Documentos/Projects/Omni-Tribo/apps/mobile/app/(tabs)/index.tsx","statementMap":{"0":{"start":{"line":19,"column":38},"end":{"line":19,"column":77}},"1":{"start":{"line":29,"column":17},"end":{"line":29,"column":28}},"2":{"start":{"line":30,"column":26},"end":{"line":30,"column":49}},"3":{"start":{"line":31,"column":36},"end":{"line":31,"column":75}},"4":{"start":{"line":33,"column":75},"end":{"line":33,"column":91}},"5":{"start":{"line":34,"column":16},"end":{"line":34,"column":83}},"6":{"start":{"line":35,"column":16},"end":{"line":35,"column":46}},"7":{"start":{"line":39,"column":28},"end":{"line":39,"column":89}},"8":{"start":{"line":41,"column":29},"end":{"line":51,"column":43}},"9":{"start":{"line":42,"column":4},"end":{"line":47,"column":5}},"10":{"start":{"line":43,"column":6},"end":{"line":46,"column":10}},"11":{"start":{"line":43,"column":47},"end":{"line":46,"column":7}},"12":{"start":{"line":48,"column":4},"end":{"line":50,"column":6}},"13":{"start":{"line":49,"column":6},"end":{"line":49,"column":51}},"14":{"start":{"line":49,"column":39},"end":{"line":49,"column":49}},"15":{"start":{"line":53,"column":21},"end":{"line":53,"column":80}},"16":{"start":{"line":54,"column":15},"end":{"line":54,"column":66}},"17":{"start":{"line":55,"column":22},"end":{"line":55,"column":87}},"18":{"start":{"line":58,"column":4},"end":{"line":63,"column":5}},"19":{"start":{"line":59,"column":6},"end":{"line":59,"column":29}},"20":{"start":{"line":60,"column":6},"end":{"line":60,"column":27}},"21":{"start":{"line":62,"column":6},"end":{"line":62,"column":27}},"22":{"start":{"line":66,"column":2},"end":{"line":191,"column":4}},"23":{"start":{"line":75,"column":27},"end":{"line":75,"column":55}},"24":{"start":{"line":84,"column":27},"end":{"line":84,"column":43}},"25":{"start":{"line":90,"column":27},"end":{"line":90,"column":43}},"26":{"start":{"line":97,"column":69},"end":{"line":97,"column":92}},"27":{"start":{"line":99,"column":10},"end":{"line":107,"column":12}},"28":{"start":{"line":103,"column":27},"end":{"line":103,"column":78}},"29":{"start":{"line":134,"column":34},"end":{"line":134,"column":48}},"30":{"start":{"line":147,"column":12},"end":{"line":149,"column":13}},"31":{"start":{"line":148,"column":14},"end":{"line":148,"column":41}},"32":{"start":{"line":160,"column":34},"end":{"line":160,"column":56}},"33":{"start":{"line":181,"column":12},"end":{"line":186,"column":14}},"34":{"start":{"line":184,"column":29},"end":{"line":184,"column":69}},"35":{"start":{"line":194,"column":16},"end":{"line":216,"column":2}}},"fnMap":{"0":{"name":"TelaMissoes","decl":{"start":{"line":28,"column":24},"end":{"line":28,"column":35}},"loc":{"start":{"line":28,"column":38},"end":{"line":192,"column":1}},"line":28},"1":{"name":"(anonymous_1)","decl":{"start":{"line":41,"column":37},"end":{"line":41,"column":38}},"loc":{"start":{"line":41,"column":43},"end":{"line":51,"column":3}},"line":41},"2":{"name":"(anonymous_2)","decl":{"start":{"line":43,"column":36},"end":{"line":43,"column":37}},"loc":{"start":{"line":43,"column":47},"end":{"line":46,"column":7}},"line":43},"3":{"name":"(anonymous_3)","decl":{"start":{"line":48,"column":45},"end":{"line":48,"column":46}},"loc":{"start":{"line":49,"column":6},"end":{"line":49,"column":51}},"line":49},"4":{"name":"(anonymous_4)","decl":{"start":{"line":49,"column":26},"end":{"line":49,"column":27}},"loc":{"start":{"line":49,"column":39},"end":{"line":49,"column":49}},"line":49},"5":{"name":"recarregar","decl":{"start":{"line":57,"column":11},"end":{"line":57,"column":21}},"loc":{"start":{"line":57,"column":24},"end":{"line":64,"column":3}},"line":57},"6":{"name":"(anonymous_6)","decl":{"start":{"line":75,"column":21},"end":{"line":75,"column":22}},"loc":{"start":{"line":75,"column":27},"end":{"line":75,"column":55}},"line":75},"7":{"name":"(anonymous_7)","decl":{"start":{"line":84,"column":21},"end":{"line":84,"column":22}},"loc":{"start":{"line":84,"column":27},"end":{"line":84,"column":43}},"line":84},"8":{"name":"(anonymous_8)","decl":{"start":{"line":90,"column":21},"end":{"line":90,"column":22}},"loc":{"start":{"line":90,"column":27},"end":{"line":90,"column":43}},"line":90},"9":{"name":"(anonymous_9)","decl":{"start":{"line":97,"column":63},"end":{"line":97,"column":64}},"loc":{"start":{"line":97,"column":69},"end":{"line":97,"column":92}},"line":97},"10":{"name":"(anonymous_10)","decl":{"start":{"line":98,"column":24},"end":{"line":98,"column":25}},"loc":{"start":{"line":99,"column":10},"end":{"line":107,"column":12}},"line":99},"11":{"name":"(anonymous_11)","decl":{"start":{"line":103,"column":21},"end":{"line":103,"column":22}},"loc":{"start":{"line":103,"column":27},"end":{"line":103,"column":78}},"line":103},"12":{"name":"(anonymous_12)","decl":{"start":{"line":134,"column":24},"end":{"line":134,"column":25}},"loc":{"start":{"line":134,"column":34},"end":{"line":134,"column":48}},"line":134},"13":{"name":"(anonymous_13)","decl":{"start":{"line":144,"column":24},"end":{"line":144,"column":25}},"loc":{"start":{"line":144,"column":30},"end":{"line":150,"column":11}},"line":144},"14":{"name":"(anonymous_14)","decl":{"start":{"line":160,"column":28},"end":{"line":160,"column":29}},"loc":{"start":{"line":160,"column":34},"end":{"line":160,"column":56}},"line":160},"15":{"name":"(anonymous_15)","decl":{"start":{"line":180,"column":22},"end":{"line":180,"column":23}},"loc":{"start":{"line":181,"column":12},"end":{"line":186,"column":14}},"line":181},"16":{"name":"(anonymous_16)","decl":{"start":{"line":184,"column":23},"end":{"line":184,"column":24}},"loc":{"start":{"line":184,"column":29},"end":{"line":184,"column":69}},"line":184}},"branchMap":{"0":{"loc":{"start":{"line":34,"column":35},"end":{"line":34,"column":71}},"type":"cond-expr","locations":[{"start":{"line":34,"column":54},"end":{"line":34,"column":64}},{"start":{"line":34,"column":67},"end":{"line":34,"column":71}}],"line":34},"1":{"loc":{"start":{"line":39,"column":28},"end":{"line":39,"column":89}},"type":"cond-expr","locations":[{"start":{"line":39,"column":75},"end":{"line":39,"column":82}},{"start":{"line":39,"column":85},"end":{"line":39,"column":89}}],"line":39},"2":{"loc":{"start":{"line":39,"column":28},"end":{"line":39,"column":72}},"type":"binary-expr","locations":[{"start":{"line":39,"column":28},"end":{"line":39,"column":44}},{"start":{"line":39,"column":48},"end":{"line":39,"column":72}}],"line":39},"3":{"loc":{"start":{"line":42,"column":4},"end":{"line":47,"column":5}},"type":"if","locations":[{"start":{"line":42,"column":4},"end":{"line":47,"column":5}},{"start":{},"end":{}}],"line":42},"4":{"loc":{"start":{"line":43,"column":14},"end":{"line":43,"column":30}},"type":"binary-expr","locations":[{"start":{"line":43,"column":14},"end":{"line":43,"column":24}},{"start":{"line":43,"column":28},"end":{"line":43,"column":30}}],"line":43},"5":{"loc":{"start":{"line":48,"column":12},"end":{"line":48,"column":35}},"type":"binary-expr","locations":[{"start":{"line":48,"column":12},"end":{"line":48,"column":29}},{"start":{"line":48,"column":33},"end":{"line":48,"column":35}}],"line":48},"6":{"loc":{"start":{"line":53,"column":21},"end":{"line":53,"column":80}},"type":"cond-expr","locations":[{"start":{"line":53,"column":47},"end":{"line":53,"column":62}},{"start":{"line":53,"column":65},"end":{"line":53,"column":80}}],"line":53},"7":{"loc":{"start":{"line":54,"column":15},"end":{"line":54,"column":66}},"type":"cond-expr","locations":[{"start":{"line":54,"column":41},"end":{"line":54,"column":52}},{"start":{"line":54,"column":55},"end":{"line":54,"column":66}}],"line":54},"8":{"loc":{"start":{"line":55,"column":22},"end":{"line":55,"column":87}},"type":"cond-expr","locations":[{"start":{"line":55,"column":48},"end":{"line":55,"column":66}},{"start":{"line":55,"column":69},"end":{"line":55,"column":87}}],"line":55},"9":{"loc":{"start":{"line":58,"column":4},"end":{"line":63,"column":5}},"type":"if","locations":[{"start":{"line":58,"column":4},"end":{"line":63,"column":5}},{"start":{"line":61,"column":11},"end":{"line":63,"column":5}}],"line":58},"10":{"loc":{"start":{"line":103,"column":40},"end":{"line":103,"column":77}},"type":"cond-expr","locations":[{"start":{"line":103,"column":61},"end":{"line":103,"column":70}},{"start":{"line":103,"column":73},"end":{"line":103,"column":77}}],"line":103},"11":{"loc":{"start":{"line":111,"column":7},"end":{"line":115,"column":14}},"type":"cond-expr","locations":[{"start":{"line":112,"column":8},"end":{"line":114,"column":15}},{"start":{"line":115,"column":10},"end":{"line":115,"column":14}}],"line":111},"12":{"loc":{"start":{"line":111,"column":7},"end":{"line":111,"column":51}},"type":"binary-expr","locations":[{"start":{"line":111,"column":7},"end":{"line":111,"column":31}},{"start":{"line":111,"column":35},"end":{"line":111,"column":51}}],"line":111},"13":{"loc":{"start":{"line":117,"column":7},"end":{"line":189,"column":7}},"type":"cond-expr","locations":[{"start":{"line":118,"column":8},"end":{"line":122,"column":15}},{"start":{"line":123,"column":10},"end":{"line":189,"column":7}}],"line":117},"14":{"loc":{"start":{"line":123,"column":10},"end":{"line":189,"column":7}},"type":"cond-expr","locations":[{"start":{"line":124,"column":8},"end":{"line":129,"column":10}},{"start":{"line":131,"column":8},"end":{"line":188,"column":10}}],"line":123},"15":{"loc":{"start":{"line":147,"column":12},"end":{"line":149,"column":13}},"type":"if","locations":[{"start":{"line":147,"column":12},"end":{"line":149,"column":13}},{"start":{},"end":{}}],"line":147},"16":{"loc":{"start":{"line":147,"column":16},"end":{"line":147,"column":89}},"type":"binary-expr","locations":[{"start":{"line":147,"column":16},"end":{"line":147,"column":39}},{"start":{"line":147,"column":43},"end":{"line":147,"column":60}},{"start":{"line":147,"column":64},"end":{"line":147,"column":89}}],"line":147},"17":{"loc":{"start":{"line":156,"column":12},"end":{"line":173,"column":13}},"type":"cond-expr","locations":[{"start":{"line":157,"column":14},"end":{"line":162,"column":16}},{"start":{"line":164,"column":14},"end":{"line":172,"column":16}}],"line":156},"18":{"loc":{"start":{"line":156,"column":12},"end":{"line":156,"column":57}},"type":"binary-expr","locations":[{"start":{"line":156,"column":12},"end":{"line":156,"column":28}},{"start":{"line":156,"column":32},"end":{"line":156,"column":57}}],"line":156},"19":{"loc":{"start":{"line":168,"column":18},"end":{"line":170,"column":69}},"type":"cond-expr","locations":[{"start":{"line":169,"column":22},"end":{"line":169,"column":99}},{"start":{"line":170,"column":22},"end":{"line":170,"column":69}}],"line":168},"20":{"loc":{"start":{"line":176,"column":12},"end":{"line":178,"column":20}},"type":"cond-expr","locations":[{"start":{"line":177,"column":14},"end":{"line":177,"column":86}},{"start":{"line":178,"column":16},"end":{"line":178,"column":20}}],"line":176}},"s":{"0":1,"1":27,"2":27,"3":27,"4":27,"5":27,"6":27,"7":27,"8":27,"9":21,"10":20,"11":4,"12":1,"13":1,"14":1,"15":27,"16":27,"17":27,"18":0,"19":0,"20":0,"21":0,"22":27,"23":0,"24":0,"25":0,"26":0,"27":108,"28":0,"29":9,"30":0,"31":0,"32":6,"33":5,"34":0,"35":1},"f":{"0":27,"1":21,"2":4,"3":1,"4":1,"5":0,"6":0,"7":0,"8":0,"9":0,"10":108,"11":0,"12":9,"13":0,"14":6,"15":5,"16":0},"b":{"0":[27,0],"1":[1,26],"2":[27,27],"3":[20,1],"4":[20,16],"5":[1,0],"6":[26,1],"7":[26,1],"8":[26,1],"9":[0,0],"10":[0,0],"11":[1,26],"12":[27,1],"13":[5,22],"14":[1,21],"15":[0,0],"16":[0,0,0],"17":[16,5],"18":[21,21],"19":[4,1],"20":[0,21]},"_coverageSchema":"1a1c01bbd47fc00a2c39e90264f33305004495a9","hash":"59011938e151e65a14d42cdb8b1f4f0fcf202309"}
,"/home/renan/Documentos/Projects/Omni-Tribo/apps/mobile/app/(tabs)/mapa.tsx": {"path":"/home/renan/Documentos/Projects/Omni-Tribo/apps/mobile/app/(tabs)/mapa.tsx","statementMap":{"0":{"start":{"line":24,"column":22},"end":{"line":24,"column":54}},"1":{"start":{"line":27,"column":17},"end":{"line":27,"column":28}},"2":{"start":{"line":31,"column":58},"end":{"line":31,"column":79}},"3":{"start":{"line":33,"column":17},"end":{"line":33,"column":28}},"4":{"start":{"line":34,"column":16},"end":{"line":34,"column":48}},"5":{"start":{"line":36,"column":30},"end":{"line":36,"column":63}},"6":{"start":{"line":37,"column":40},"end":{"line":37,"column":84}},"7":{"start":{"line":38,"column":50},"end":{"line":38,"column":94}},"8":{"start":{"line":46,"column":17},"end":{"line":52,"column":30}},"9":{"start":{"line":47,"column":4},"end":{"line":47,"column":72}},"10":{"start":{"line":47,"column":20},"end":{"line":47,"column":72}},"11":{"start":{"line":48,"column":4},"end":{"line":50,"column":5}},"12":{"start":{"line":49,"column":6},"end":{"line":49,"column":70}},"13":{"start":{"line":51,"column":4},"end":{"line":51,"column":25}},"14":{"start":{"line":56,"column":15},"end":{"line":56,"column":69}},"15":{"start":{"line":57,"column":15},"end":{"line":57,"column":53}},"16":{"start":{"line":59,"column":18},"end":{"line":59,"column":42}},"17":{"start":{"line":60,"column":17},"end":{"line":60,"column":54}},"18":{"start":{"line":61,"column":16},"end":{"line":61,"column":30}},"19":{"start":{"line":66,"column":24},"end":{"line":66,"column":90}},"20":{"start":{"line":66,"column":69},"end":{"line":66,"column":84}},"21":{"start":{"line":68,"column":37},"end":{"line":90,"column":33}},"22":{"start":{"line":69,"column":22},"end":{"line":76,"column":7}},"23":{"start":{"line":69,"column":72},"end":{"line":76,"column":5}},"24":{"start":{"line":78,"column":21},"end":{"line":87,"column":7}},"25":{"start":{"line":78,"column":71},"end":{"line":87,"column":5}},"26":{"start":{"line":89,"column":4},"end":{"line":89,"column":39}},"27":{"start":{"line":92,"column":26},"end":{"line":104,"column":3}},"28":{"start":{"line":94,"column":27},"end":{"line":94,"column":40}},"29":{"start":{"line":95,"column":6},"end":{"line":101,"column":7}},"30":{"start":{"line":96,"column":8},"end":{"line":96,"column":34}},"31":{"start":{"line":97,"column":8},"end":{"line":97,"column":87}},"32":{"start":{"line":97,"column":56},"end":{"line":97,"column":76}},"33":{"start":{"line":99,"column":8},"end":{"line":99,"column":29}},"34":{"start":{"line":100,"column":8},"end":{"line":100,"column":84}},"35":{"start":{"line":100,"column":60},"end":{"line":100,"column":73}},"36":{"start":{"line":110,"column":2},"end":{"line":121,"column":3}},"37":{"start":{"line":111,"column":4},"end":{"line":120,"column":6}},"38":{"start":{"line":123,"column":26},"end":{"line":123,"column":76}},"39":{"start":{"line":125,"column":2},"end":{"line":235,"column":4}},"40":{"start":{"line":142,"column":27},"end":{"line":142,"column":54}},"41":{"start":{"line":181,"column":24},"end":{"line":181,"column":44}},"42":{"start":{"line":201,"column":27},"end":{"line":201,"column":48}},"43":{"start":{"line":202,"column":16},"end":{"line":202,"column":37}},"44":{"start":{"line":203,"column":16},"end":{"line":203,"column":45}},"45":{"start":{"line":213,"column":24},"end":{"line":213,"column":49}},"46":{"start":{"line":238,"column":16},"end":{"line":254,"column":2}}},"fnMap":{"0":{"name":"TelaMapa","decl":{"start":{"line":26,"column":24},"end":{"line":26,"column":32}},"loc":{"start":{"line":26,"column":35},"end":{"line":236,"column":1}},"line":26},"1":{"name":"(anonymous_1)","decl":{"start":{"line":46,"column":25},"end":{"line":46,"column":26}},"loc":{"start":{"line":46,"column":31},"end":{"line":52,"column":3}},"line":46},"2":{"name":"(anonymous_2)","decl":{"start":{"line":66,"column":47},"end":{"line":66,"column":48}},"loc":{"start":{"line":66,"column":69},"end":{"line":66,"column":84}},"line":66},"3":{"name":"(anonymous_3)","decl":{"start":{"line":68,"column":45},"end":{"line":68,"column":46}},"loc":{"start":{"line":68,"column":51},"end":{"line":90,"column":3}},"line":68},"4":{"name":"(anonymous_4)","decl":{"start":{"line":69,"column":61},"end":{"line":69,"column":62}},"loc":{"start":{"line":69,"column":72},"end":{"line":76,"column":5}},"line":69},"5":{"name":"(anonymous_5)","decl":{"start":{"line":78,"column":59},"end":{"line":78,"column":60}},"loc":{"start":{"line":78,"column":71},"end":{"line":87,"column":5}},"line":78},"6":{"name":"(anonymous_6)","decl":{"start":{"line":93,"column":4},"end":{"line":93,"column":5}},"loc":{"start":{"line":93,"column":20},"end":{"line":102,"column":5}},"line":93},"7":{"name":"(anonymous_7)","decl":{"start":{"line":97,"column":49},"end":{"line":97,"column":50}},"loc":{"start":{"line":97,"column":56},"end":{"line":97,"column":76}},"line":97},"8":{"name":"(anonymous_8)","decl":{"start":{"line":100,"column":53},"end":{"line":100,"column":54}},"loc":{"start":{"line":100,"column":60},"end":{"line":100,"column":73}},"line":100},"9":{"name":"(anonymous_9)","decl":{"start":{"line":142,"column":21},"end":{"line":142,"column":22}},"loc":{"start":{"line":142,"column":27},"end":{"line":142,"column":54}},"line":142},"10":{"name":"(anonymous_10)","decl":{"start":{"line":181,"column":18},"end":{"line":181,"column":19}},"loc":{"start":{"line":181,"column":24},"end":{"line":181,"column":44}},"line":181},"11":{"name":"(anonymous_11)","decl":{"start":{"line":200,"column":23},"end":{"line":200,"column":24}},"loc":{"start":{"line":200,"column":29},"end":{"line":204,"column":15}},"line":200},"12":{"name":"(anonymous_12)","decl":{"start":{"line":213,"column":18},"end":{"line":213,"column":19}},"loc":{"start":{"line":213,"column":24},"end":{"line":213,"column":49}},"line":213}},"branchMap":{"0":{"loc":{"start":{"line":47,"column":4},"end":{"line":47,"column":72}},"type":"if","locations":[{"start":{"line":47,"column":4},"end":{"line":47,"column":72}},{"start":{},"end":{}}],"line":47},"1":{"loc":{"start":{"line":48,"column":4},"end":{"line":50,"column":5}},"type":"if","locations":[{"start":{"line":48,"column":4},"end":{"line":50,"column":5}},{"start":{},"end":{}}],"line":48},"2":{"loc":{"start":{"line":48,"column":8},"end":{"line":48,"column":69}},"type":"binary-expr","locations":[{"start":{"line":48,"column":8},"end":{"line":48,"column":37}},{"start":{"line":48,"column":41},"end":{"line":48,"column":69}}],"line":48},"3":{"loc":{"start":{"line":56,"column":15},"end":{"line":56,"column":69}},"type":"cond-expr","locations":[{"start":{"line":56,"column":24},"end":{"line":56,"column":60}},{"start":{"line":56,"column":63},"end":{"line":56,"column":69}}],"line":56},"4":{"loc":{"start":{"line":57,"column":24},"end":{"line":57,"column":45}},"type":"binary-expr","locations":[{"start":{"line":57,"column":24},"end":{"line":57,"column":37}},{"start":{"line":57,"column":41},"end":{"line":57,"column":45}}],"line":57},"5":{"loc":{"start":{"line":69,"column":23},"end":{"line":69,"column":41}},"type":"binary-expr","locations":[{"start":{"line":69,"column":23},"end":{"line":69,"column":35}},{"start":{"line":69,"column":39},"end":{"line":69,"column":41}}],"line":69},"6":{"loc":{"start":{"line":71,"column":11},"end":{"line":71,"column":37}},"type":"binary-expr","locations":[{"start":{"line":71,"column":11},"end":{"line":71,"column":32}},{"start":{"line":71,"column":36},"end":{"line":71,"column":37}}],"line":71},"7":{"loc":{"start":{"line":72,"column":11},"end":{"line":72,"column":37}},"type":"binary-expr","locations":[{"start":{"line":72,"column":11},"end":{"line":72,"column":32}},{"start":{"line":72,"column":36},"end":{"line":72,"column":37}}],"line":72},"8":{"loc":{"start":{"line":78,"column":22},"end":{"line":78,"column":39}},"type":"binary-expr","locations":[{"start":{"line":78,"column":22},"end":{"line":78,"column":33}},{"start":{"line":78,"column":37},"end":{"line":78,"column":39}}],"line":78},"9":{"loc":{"start":{"line":95,"column":6},"end":{"line":101,"column":7}},"type":"if","locations":[{"start":{"line":95,"column":6},"end":{"line":101,"column":7}},{"start":{"line":98,"column":13},"end":{"line":101,"column":7}}],"line":95},"10":{"loc":{"start":{"line":97,"column":23},"end":{"line":97,"column":85}},"type":"binary-expr","locations":[{"start":{"line":97,"column":23},"end":{"line":97,"column":77}},{"start":{"line":97,"column":81},"end":{"line":97,"column":85}}],"line":97},"11":{"loc":{"start":{"line":97,"column":24},"end":{"line":97,"column":42}},"type":"binary-expr","locations":[{"start":{"line":97,"column":24},"end":{"line":97,"column":36}},{"start":{"line":97,"column":40},"end":{"line":97,"column":42}}],"line":97},"12":{"loc":{"start":{"line":100,"column":28},"end":{"line":100,"column":82}},"type":"binary-expr","locations":[{"start":{"line":100,"column":28},"end":{"line":100,"column":74}},{"start":{"line":100,"column":78},"end":{"line":100,"column":82}}],"line":100},"13":{"loc":{"start":{"line":100,"column":29},"end":{"line":100,"column":46}},"type":"binary-expr","locations":[{"start":{"line":100,"column":29},"end":{"line":100,"column":40}},{"start":{"line":100,"column":44},"end":{"line":100,"column":46}}],"line":100},"14":{"loc":{"start":{"line":110,"column":2},"end":{"line":121,"column":3}},"type":"if","locations":[{"start":{"line":110,"column":2},"end":{"line":121,"column":3}},{"start":{},"end":{}}],"line":110},"15":{"loc":{"start":{"line":123,"column":26},"end":{"line":123,"column":76}},"type":"binary-expr","locations":[{"start":{"line":123,"column":26},"end":{"line":123,"column":50}},{"start":{"line":123,"column":54},"end":{"line":123,"column":76}}],"line":123},"16":{"loc":{"start":{"line":127,"column":7},"end":{"line":146,"column":14}},"type":"cond-expr","locations":[{"start":{"line":128,"column":8},"end":{"line":145,"column":15}},{"start":{"line":146,"column":10},"end":{"line":146,"column":14}}],"line":127},"17":{"loc":{"start":{"line":133,"column":14},"end":{"line":135,"column":73}},"type":"cond-expr","locations":[{"start":{"line":134,"column":18},"end":{"line":134,"column":109}},{"start":{"line":135,"column":18},"end":{"line":135,"column":73}}],"line":133},"18":{"loc":{"start":{"line":150,"column":7},"end":{"line":162,"column":14}},"type":"cond-expr","locations":[{"start":{"line":151,"column":8},"end":{"line":161,"column":15}},{"start":{"line":162,"column":10},"end":{"line":162,"column":14}}],"line":150},"19":{"loc":{"start":{"line":173,"column":7},"end":{"line":177,"column":14}},"type":"cond-expr","locations":[{"start":{"line":174,"column":8},"end":{"line":176,"column":15}},{"start":{"line":177,"column":10},"end":{"line":177,"column":14}}],"line":173},"20":{"loc":{"start":{"line":185,"column":9},"end":{"line":208,"column":16}},"type":"cond-expr","locations":[{"start":{"line":186,"column":10},"end":{"line":207,"column":17}},{"start":{"line":208,"column":12},"end":{"line":208,"column":16}}],"line":185},"21":{"loc":{"start":{"line":217,"column":9},"end":{"line":232,"column":16}},"type":"cond-expr","locations":[{"start":{"line":218,"column":10},"end":{"line":231,"column":17}},{"start":{"line":232,"column":12},"end":{"line":232,"column":16}}],"line":217},"22":{"loc":{"start":{"line":223,"column":13},"end":{"line":227,"column":20}},"type":"cond-expr","locations":[{"start":{"line":224,"column":14},"end":{"line":226,"column":21}},{"start":{"line":227,"column":16},"end":{"line":227,"column":20}}],"line":223}},"s":{"0":1,"1":43,"2":43,"3":43,"4":43,"5":43,"6":43,"7":43,"8":43,"9":10,"10":2,"11":8,"12":4,"13":4,"14":43,"15":43,"16":43,"17":43,"18":43,"19":43,"20":0,"21":43,"22":30,"23":20,"24":30,"25":10,"26":30,"27":43,"28":0,"29":0,"30":0,"31":0,"32":0,"33":0,"34":0,"35":0,"36":43,"37":36,"38":7,"39":7,"40":0,"41":0,"42":0,"43":0,"44":0,"45":0,"46":1},"f":{"0":43,"1":10,"2":0,"3":30,"4":20,"5":10,"6":0,"7":0,"8":0,"9":0,"10":0,"11":0,"12":0},"b":{"0":[2,8],"1":[4,4],"2":[8,4],"3":[0,43],"4":[43,43],"5":[30,10],"6":[20,0],"7":[20,0],"8":[30,20],"9":[0,0],"10":[0,0],"11":[0,0],"12":[0,0],"13":[0,0],"14":[36,7],"15":[7,6],"16":[1,6],"17":[1,0],"18":[4,3],"19":[0,7],"20":[0,7],"21":[0,7],"22":[0,0]},"_coverageSchema":"1a1c01bbd47fc00a2c39e90264f33305004495a9","hash":"729cec62a52f769134c8a6da7d2c239b1c26cff0"}
,"/home/renan/Documentos/Projects/Omni-Tribo/apps/mobile/app/(tabs)/notificacoes.tsx": {"path":"/home/renan/Documentos/Projects/Omni-Tribo/apps/mobile/app/(tabs)/notificacoes.tsx","statementMap":{"0":{"start":{"line":17,"column":17},"end":{"line":17,"column":28}},"1":{"start":{"line":18,"column":46},"end":{"line":18,"column":61}},"2":{"start":{"line":20,"column":18},"end":{"line":20,"column":53}},"3":{"start":{"line":21,"column":19},"end":{"line":21,"column":40}},"4":{"start":{"line":22,"column":21},"end":{"line":22,"column":36}},"5":{"start":{"line":24,"column":16},"end":{"line":24,"column":80}},"6":{"start":{"line":24,"column":64},"end":{"line":24,"column":79}},"7":{"start":{"line":29,"column":4},"end":{"line":29,"column":59}},"8":{"start":{"line":29,"column":22},"end":{"line":29,"column":59}},"9":{"start":{"line":30,"column":4},"end":{"line":30,"column":67}},"10":{"start":{"line":30,"column":25},"end":{"line":30,"column":67}},"11":{"start":{"line":33,"column":2},"end":{"line":126,"column":4}},"12":{"start":{"line":38,"column":32},"end":{"line":38,"column":39}},"13":{"start":{"line":44,"column":14},"end":{"line":44,"column":37}},"14":{"start":{"line":45,"column":14},"end":{"line":45,"column":38}},"15":{"start":{"line":52,"column":10},"end":{"line":52,"column":95}},"16":{"start":{"line":52,"column":66},"end":{"line":52,"column":95}},"17":{"start":{"line":63,"column":31},"end":{"line":63,"column":55}},"18":{"start":{"line":71,"column":31},"end":{"line":71,"column":54}},"19":{"start":{"line":88,"column":63},"end":{"line":88,"column":85}},"20":{"start":{"line":103,"column":10},"end":{"line":122,"column":22}},"21":{"start":{"line":104,"column":27},"end":{"line":104,"column":38}},"22":{"start":{"line":129,"column":16},"end":{"line":143,"column":2}}},"fnMap":{"0":{"name":"TelaNotificacoes","decl":{"start":{"line":16,"column":24},"end":{"line":16,"column":40}},"loc":{"start":{"line":16,"column":43},"end":{"line":127,"column":1}},"line":16},"1":{"name":"(anonymous_1)","decl":{"start":{"line":24,"column":52},"end":{"line":24,"column":53}},"loc":{"start":{"line":24,"column":64},"end":{"line":24,"column":79}},"line":24},"2":{"name":"abrir","decl":{"start":{"line":26,"column":11},"end":{"line":26,"column":16}},"loc":{"start":{"line":26,"column":41},"end":{"line":31,"column":3}},"line":26},"3":{"name":"(anonymous_3)","decl":{"start":{"line":38,"column":22},"end":{"line":38,"column":23}},"loc":{"start":{"line":38,"column":32},"end":{"line":38,"column":39}},"line":38},"4":{"name":"(anonymous_4)","decl":{"start":{"line":43,"column":23},"end":{"line":43,"column":24}},"loc":{"start":{"line":43,"column":29},"end":{"line":46,"column":13}},"line":43},"5":{"name":"(anonymous_5)","decl":{"start":{"line":51,"column":22},"end":{"line":51,"column":23}},"loc":{"start":{"line":51,"column":28},"end":{"line":53,"column":9}},"line":51},"6":{"name":"(anonymous_6)","decl":{"start":{"line":63,"column":25},"end":{"line":63,"column":26}},"loc":{"start":{"line":63,"column":31},"end":{"line":63,"column":55}},"line":63},"7":{"name":"(anonymous_7)","decl":{"start":{"line":71,"column":25},"end":{"line":71,"column":26}},"loc":{"start":{"line":71,"column":31},"end":{"line":71,"column":54}},"line":71},"8":{"name":"(anonymous_8)","decl":{"start":{"line":88,"column":57},"end":{"line":88,"column":58}},"loc":{"start":{"line":88,"column":63},"end":{"line":88,"column":85}},"line":88},"9":{"name":"(anonymous_9)","decl":{"start":{"line":102,"column":20},"end":{"line":102,"column":21}},"loc":{"start":{"line":103,"column":10},"end":{"line":122,"column":22}},"line":103},"10":{"name":"(anonymous_10)","decl":{"start":{"line":104,"column":21},"end":{"line":104,"column":22}},"loc":{"start":{"line":104,"column":27},"end":{"line":104,"column":38}},"line":104}},"branchMap":{"0":{"loc":{"start":{"line":24,"column":17},"end":{"line":24,"column":42}},"type":"binary-expr","locations":[{"start":{"line":24,"column":17},"end":{"line":24,"column":36}},{"start":{"line":24,"column":40},"end":{"line":24,"column":42}}],"line":24},"1":{"loc":{"start":{"line":29,"column":4},"end":{"line":29,"column":59}},"type":"if","locations":[{"start":{"line":29,"column":4},"end":{"line":29,"column":59}},{"start":{},"end":{}}],"line":29},"2":{"loc":{"start":{"line":30,"column":4},"end":{"line":30,"column":67}},"type":"if","locations":[{"start":{"line":30,"column":4},"end":{"line":30,"column":67}},{"start":{},"end":{}}],"line":30},"3":{"loc":{"start":{"line":52,"column":10},"end":{"line":52,"column":95}},"type":"if","locations":[{"start":{"line":52,"column":10},"end":{"line":52,"column":95}},{"start":{},"end":{}}],"line":52},"4":{"loc":{"start":{"line":52,"column":14},"end":{"line":52,"column":64}},"type":"binary-expr","locations":[{"start":{"line":52,"column":14},"end":{"line":52,"column":33}},{"start":{"line":52,"column":37},"end":{"line":52,"column":64}}],"line":52},"5":{"loc":{"start":{"line":68,"column":18},"end":{"line":68,"column":99}},"type":"cond-expr","locations":[{"start":{"line":68,"column":55},"end":{"line":68,"column":85}},{"start":{"line":68,"column":88},"end":{"line":68,"column":99}}],"line":68},"6":{"loc":{"start":{"line":68,"column":18},"end":{"line":68,"column":52}},"type":"binary-expr","locations":[{"start":{"line":68,"column":18},"end":{"line":68,"column":31}},{"start":{"line":68,"column":35},"end":{"line":68,"column":52}}],"line":68},"7":{"loc":{"start":{"line":78,"column":10},"end":{"line":100,"column":11}},"type":"cond-expr","locations":[{"start":{"line":79,"column":12},"end":{"line":82,"column":19}},{"start":{"line":83,"column":14},"end":{"line":100,"column":11}}],"line":78},"8":{"loc":{"start":{"line":83,"column":14},"end":{"line":100,"column":11}},"type":"cond-expr","locations":[{"start":{"line":84,"column":12},"end":{"line":89,"column":14}},{"start":{"line":91,"column":12},"end":{"line":99,"column":14}}],"line":83},"9":{"loc":{"start":{"line":93,"column":22},"end":{"line":93,"column":77}},"type":"cond-expr","locations":[{"start":{"line":93,"column":39},"end":{"line":93,"column":54}},{"start":{"line":93,"column":57},"end":{"line":93,"column":77}}],"line":93},"10":{"loc":{"start":{"line":95,"column":16},"end":{"line":97,"column":80}},"type":"cond-expr","locations":[{"start":{"line":96,"column":20},"end":{"line":96,"column":39}},{"start":{"line":97,"column":20},"end":{"line":97,"column":80}}],"line":95},"11":{"loc":{"start":{"line":107,"column":35},"end":{"line":107,"column":66}},"type":"cond-expr","locations":[{"start":{"line":107,"column":47},"end":{"line":107,"column":53}},{"start":{"line":107,"column":56},"end":{"line":107,"column":66}}],"line":107},"12":{"loc":{"start":{"line":110,"column":26},"end":{"line":110,"column":65}},"type":"cond-expr","locations":[{"start":{"line":110,"column":38},"end":{"line":110,"column":47}},{"start":{"line":110,"column":50},"end":{"line":110,"column":65}}],"line":110},"13":{"loc":{"start":{"line":112,"column":29},"end":{"line":112,"column":83}},"type":"cond-expr","locations":[{"start":{"line":112,"column":41},"end":{"line":112,"column":59}},{"start":{"line":112,"column":62},"end":{"line":112,"column":83}}],"line":112},"14":{"loc":{"start":{"line":117,"column":17},"end":{"line":117,"column":91}},"type":"cond-expr","locations":[{"start":{"line":117,"column":30},"end":{"line":117,"column":84}},{"start":{"line":117,"column":87},"end":{"line":117,"column":91}}],"line":117}},"s":{"0":18,"1":18,"2":18,"3":18,"4":18,"5":18,"6":10,"7":1,"8":1,"9":1,"10":0,"11":18,"12":26,"13":0,"14":0,"15":0,"16":0,"17":0,"18":0,"19":0,"20":24,"21":1,"22":1},"f":{"0":18,"1":10,"2":1,"3":26,"4":0,"5":0,"6":0,"7":0,"8":0,"9":24,"10":1},"b":{"0":[18,8],"1":[1,0],"2":[0,1],"3":[0,0],"4":[0,0],"5":[12,6],"6":[18,12],"7":[6,12],"8":[2,10],"9":[0,10],"10":[0,10],"11":[8,16],"12":[8,16],"13":[8,16],"14":[16,8]},"_coverageSchema":"1a1c01bbd47fc00a2c39e90264f33305004495a9","hash":"cd52c6fe3783cffccabaa37ea303745594cf5823"}
,"/home/renan/Documentos/Projects/Omni-Tribo/apps/mobile/app/(tabs)/perfil.tsx": {"path":"/home/renan/Documentos/Projects/Omni-Tribo/apps/mobile/app/(tabs)/perfil.tsx","statementMap":{"0":{"start":{"line":28,"column":95},"end":{"line":41,"column":1}},"1":{"start":{"line":44,"column":17},"end":{"line":44,"column":28}},"2":{"start":{"line":45,"column":19},"end":{"line":45,"column":57}},"3":{"start":{"line":45,"column":41},"end":{"line":45,"column":56}},"4":{"start":{"line":46,"column":23},"end":{"line":46,"column":65}},"5":{"start":{"line":46,"column":45},"end":{"line":46,"column":64}},"6":{"start":{"line":48,"column":17},"end":{"line":48,"column":28}},"7":{"start":{"line":49,"column":25},"end":{"line":49,"column":44}},"8":{"start":{"line":50,"column":31},"end":{"line":50,"column":56}},"9":{"start":{"line":51,"column":19},"end":{"line":51,"column":37}},"10":{"start":{"line":52,"column":18},"end":{"line":52,"column":35}},"11":{"start":{"line":54,"column":52},"end":{"line":54,"column":67}},"12":{"start":{"line":55,"column":56},"end":{"line":55,"column":71}},"13":{"start":{"line":56,"column":40},"end":{"line":56,"column":55}},"14":{"start":{"line":57,"column":28},"end":{"line":57,"column":40}},"15":{"start":{"line":60,"column":4},"end":{"line":60,"column":72}},"16":{"start":{"line":60,"column":22},"end":{"line":60,"column":72}},"17":{"start":{"line":60,"column":61},"end":{"line":60,"column":70}},"18":{"start":{"line":61,"column":4},"end":{"line":61,"column":21}},"19":{"start":{"line":62,"column":4},"end":{"line":62,"column":36}},"20":{"start":{"line":66,"column":18},"end":{"line":66,"column":46}},"21":{"start":{"line":70,"column":4},"end":{"line":73,"column":7}},"22":{"start":{"line":77,"column":4},"end":{"line":85,"column":6}},"23":{"start":{"line":81,"column":10},"end":{"line":81,"column":27}},"24":{"start":{"line":82,"column":10},"end":{"line":82,"column":42}},"25":{"start":{"line":88,"column":2},"end":{"line":98,"column":3}},"26":{"start":{"line":89,"column":4},"end":{"line":97,"column":6}},"27":{"start":{"line":100,"column":2},"end":{"line":111,"column":3}},"28":{"start":{"line":101,"column":4},"end":{"line":110,"column":6}},"29":{"start":{"line":106,"column":59},"end":{"line":106,"column":80}},"30":{"start":{"line":113,"column":12},"end":{"line":113,"column":23}},"31":{"start":{"line":114,"column":18},"end":{"line":114,"column":39}},"32":{"start":{"line":115,"column":20},"end":{"line":115,"column":66}},"33":{"start":{"line":117,"column":2},"end":{"line":294,"column":4}},"34":{"start":{"line":167,"column":10},"end":{"line":167,"column":68}},"35":{"start":{"line":175,"column":25},"end":{"line":175,"column":51}},"36":{"start":{"line":193,"column":24},"end":{"line":193,"column":51}},"37":{"start":{"line":200,"column":12},"end":{"line":215,"column":19}},"38":{"start":{"line":208,"column":18},"end":{"line":208,"column":77}},"39":{"start":{"line":223,"column":27},"end":{"line":223,"column":51}},"40":{"start":{"line":235,"column":27},"end":{"line":235,"column":55}},"41":{"start":{"line":258,"column":10},"end":{"line":258,"column":40}},"42":{"start":{"line":259,"column":10},"end":{"line":259,"column":31}},"43":{"start":{"line":261,"column":26},"end":{"line":261,"column":55}},"44":{"start":{"line":267,"column":24},"end":{"line":267,"column":45}},"45":{"start":{"line":298,"column":2},"end":{"line":322,"column":4}},"46":{"start":{"line":325,"column":16},"end":{"line":341,"column":2}}},"fnMap":{"0":{"name":"TelaPerfil","decl":{"start":{"line":43,"column":24},"end":{"line":43,"column":34}},"loc":{"start":{"line":43,"column":37},"end":{"line":295,"column":1}},"line":43},"1":{"name":"(anonymous_1)","decl":{"start":{"line":45,"column":29},"end":{"line":45,"column":30}},"loc":{"start":{"line":45,"column":41},"end":{"line":45,"column":56}},"line":45},"2":{"name":"(anonymous_2)","decl":{"start":{"line":46,"column":33},"end":{"line":46,"column":34}},"loc":{"start":{"line":46,"column":45},"end":{"line":46,"column":64}},"line":46},"3":{"name":"sair","decl":{"start":{"line":59,"column":17},"end":{"line":59,"column":21}},"loc":{"start":{"line":59,"column":24},"end":{"line":63,"column":3}},"line":59},"4":{"name":"(anonymous_4)","decl":{"start":{"line":60,"column":55},"end":{"line":60,"column":56}},"loc":{"start":{"line":60,"column":61},"end":{"line":60,"column":70}},"line":60},"5":{"name":"compartilharDados","decl":{"start":{"line":65,"column":17},"end":{"line":65,"column":34}},"loc":{"start":{"line":65,"column":37},"end":{"line":74,"column":3}},"line":65},"6":{"name":"confirmarExclusao","decl":{"start":{"line":76,"column":11},"end":{"line":76,"column":28}},"loc":{"start":{"line":76,"column":31},"end":{"line":86,"column":3}},"line":76},"7":{"name":"(anonymous_7)","decl":{"start":{"line":80,"column":19},"end":{"line":80,"column":20}},"loc":{"start":{"line":80,"column":31},"end":{"line":83,"column":9}},"line":80},"8":{"name":"(anonymous_8)","decl":{"start":{"line":106,"column":53},"end":{"line":106,"column":54}},"loc":{"start":{"line":106,"column":59},"end":{"line":106,"column":80}},"line":106},"9":{"name":"(anonymous_9)","decl":{"start":{"line":166,"column":26},"end":{"line":166,"column":27}},"loc":{"start":{"line":167,"column":10},"end":{"line":167,"column":68}},"line":167},"10":{"name":"(anonymous_10)","decl":{"start":{"line":175,"column":19},"end":{"line":175,"column":20}},"loc":{"start":{"line":175,"column":25},"end":{"line":175,"column":51}},"line":175},"11":{"name":"(anonymous_11)","decl":{"start":{"line":193,"column":18},"end":{"line":193,"column":19}},"loc":{"start":{"line":193,"column":24},"end":{"line":193,"column":51}},"line":193},"12":{"name":"(anonymous_12)","decl":{"start":{"line":199,"column":43},"end":{"line":199,"column":44}},"loc":{"start":{"line":200,"column":12},"end":{"line":215,"column":19}},"line":200},"13":{"name":"(anonymous_13)","decl":{"start":{"line":207,"column":31},"end":{"line":207,"column":32}},"loc":{"start":{"line":208,"column":18},"end":{"line":208,"column":77}},"line":208},"14":{"name":"(anonymous_14)","decl":{"start":{"line":223,"column":21},"end":{"line":223,"column":22}},"loc":{"start":{"line":223,"column":27},"end":{"line":223,"column":51}},"line":223},"15":{"name":"(anonymous_15)","decl":{"start":{"line":235,"column":21},"end":{"line":235,"column":22}},"loc":{"start":{"line":235,"column":27},"end":{"line":235,"column":55}},"line":235},"16":{"name":"(anonymous_16)","decl":{"start":{"line":257,"column":21},"end":{"line":257,"column":22}},"loc":{"start":{"line":257,"column":27},"end":{"line":260,"column":9}},"line":257},"17":{"name":"(anonymous_17)","decl":{"start":{"line":261,"column":20},"end":{"line":261,"column":21}},"loc":{"start":{"line":261,"column":26},"end":{"line":261,"column":55}},"line":261},"18":{"name":"(anonymous_18)","decl":{"start":{"line":267,"column":18},"end":{"line":267,"column":19}},"loc":{"start":{"line":267,"column":24},"end":{"line":267,"column":45}},"line":267},"19":{"name":"Conquista","decl":{"start":{"line":297,"column":9},"end":{"line":297,"column":18}},"loc":{"start":{"line":297,"column":68},"end":{"line":323,"column":1}},"line":297}},"branchMap":{"0":{"loc":{"start":{"line":60,"column":4},"end":{"line":60,"column":72}},"type":"if","locations":[{"start":{"line":60,"column":4},"end":{"line":60,"column":72}},{"start":{},"end":{}}],"line":60},"1":{"loc":{"start":{"line":88,"column":2},"end":{"line":98,"column":3}},"type":"if","locations":[{"start":{"line":88,"column":2},"end":{"line":98,"column":3}},{"start":{},"end":{}}],"line":88},"2":{"loc":{"start":{"line":100,"column":2},"end":{"line":111,"column":3}},"type":"if","locations":[{"start":{"line":100,"column":2},"end":{"line":111,"column":3}},{"start":{},"end":{}}],"line":100},"3":{"loc":{"start":{"line":100,"column":6},"end":{"line":100,"column":34}},"type":"binary-expr","locations":[{"start":{"line":100,"column":6},"end":{"line":100,"column":18}},{"start":{"line":100,"column":22},"end":{"line":100,"column":34}}],"line":100},"4":{"loc":{"start":{"line":105,"column":21},"end":{"line":105,"column":72}},"type":"cond-expr","locations":[{"start":{"line":105,"column":36},"end":{"line":105,"column":60}},{"start":{"line":105,"column":63},"end":{"line":105,"column":72}}],"line":105},"5":{"loc":{"start":{"line":149,"column":11},"end":{"line":161,"column":11}},"type":"cond-expr","locations":[{"start":{"line":150,"column":12},"end":{"line":155,"column":15}},{"start":{"line":157,"column":12},"end":{"line":160,"column":19}}],"line":149},"6":{"loc":{"start":{"line":183,"column":13},"end":{"line":183,"column":62}},"type":"cond-expr","locations":[{"start":{"line":183,"column":35},"end":{"line":183,"column":50}},{"start":{"line":183,"column":53},"end":{"line":183,"column":62}}],"line":183},"7":{"loc":{"start":{"line":199,"column":12},"end":{"line":199,"column":37}},"type":"binary-expr","locations":[{"start":{"line":199,"column":12},"end":{"line":199,"column":31}},{"start":{"line":199,"column":35},"end":{"line":199,"column":37}}],"line":199},"8":{"loc":{"start":{"line":243,"column":11},"end":{"line":245,"column":18}},"type":"cond-expr","locations":[{"start":{"line":244,"column":12},"end":{"line":244,"column":92}},{"start":{"line":245,"column":14},"end":{"line":245,"column":18}}],"line":243},"9":{"loc":{"start":{"line":282,"column":9},"end":{"line":284,"column":16}},"type":"cond-expr","locations":[{"start":{"line":283,"column":10},"end":{"line":283,"column":96}},{"start":{"line":284,"column":12},"end":{"line":284,"column":16}}],"line":282},"10":{"loc":{"start":{"line":299,"column":18},"end":{"line":299,"column":73}},"type":"cond-expr","locations":[{"start":{"line":299,"column":42},"end":{"line":299,"column":61}},{"start":{"line":299,"column":64},"end":{"line":299,"column":73}}],"line":299},"11":{"loc":{"start":{"line":301,"column":9},"end":{"line":301,"column":44}},"type":"cond-expr","locations":[{"start":{"line":301,"column":33},"end":{"line":301,"column":37}},{"start":{"line":301,"column":40},"end":{"line":301,"column":44}}],"line":301},"12":{"loc":{"start":{"line":307,"column":7},"end":{"line":320,"column":14}},"type":"cond-expr","locations":[{"start":{"line":308,"column":8},"end":{"line":319,"column":11}},{"start":{"line":320,"column":10},"end":{"line":320,"column":14}}],"line":307}},"s":{"0":1,"1":32,"2":32,"3":97,"4":32,"5":97,"6":32,"7":32,"8":32,"9":32,"10":32,"11":32,"12":32,"13":32,"14":32,"15":0,"16":0,"17":0,"18":0,"19":0,"20":0,"21":0,"22":2,"23":1,"24":1,"25":32,"26":6,"27":26,"28":2,"29":0,"30":24,"31":24,"32":24,"33":24,"34":48,"35":3,"36":0,"37":57,"38":0,"39":0,"40":2,"41":2,"42":2,"43":0,"44":0,"45":48,"46":1},"f":{"0":32,"1":97,"2":97,"3":0,"4":0,"5":0,"6":2,"7":1,"8":0,"9":48,"10":3,"11":0,"12":57,"13":0,"14":0,"15":2,"16":2,"17":0,"18":0,"19":48},"b":{"0":[0,0],"1":[6,26],"2":[2,24],"3":[26,24],"4":[2,0],"5":[24,0],"6":[0,24],"7":[24,5],"8":[1,23],"9":[1,23],"10":[24,24],"11":[24,24],"12":[24,24]},"_coverageSchema":"1a1c01bbd47fc00a2c39e90264f33305004495a9","hash":"be614c92a0988dc9a242dde85677f2904dd42f39"}
[...]
,"/home/renan/Documentos/Projects/Omni-Tribo/apps/mobile/src/stores/sessao.ts": {"path":"/home/renan/Documentos/Projects/Omni-Tribo/apps/mobile/src/stores/sessao.ts","statementMap":{"0":{"start":{"line":19,"column":22},"end":{"line":19,"column":46}},"1":{"start":{"line":39,"column":25},"end":{"line":60,"column":3}},"2":{"start":{"line":39,"column":56},"end":{"line":60,"column":1}},"3":{"start":{"line":46,"column":4},"end":{"line":46,"column":59}},"4":{"start":{"line":47,"column":4},"end":{"line":47,"column":80}},"5":{"start":{"line":50,"column":31},"end":{"line":50,"column":47}},"6":{"start":{"line":52,"column":33},"end":{"line":52,"column":60}},"7":{"start":{"line":55,"column":4},"end":{"line":55,"column":38}},"8":{"start":{"line":56,"column":4},"end":{"line":56,"column":66}},"9":{"start":{"line":59,"column":29},"end":{"line":59,"column":56}},"10":{"start":{"line":63,"column":2},"end":{"line":63,"column":34}},"11":{"start":{"line":74,"column":27},"end":{"line":74,"column":53}},"12":{"start":{"line":74,"column":33},"end":{"line":74,"column":53}}},"fnMap":{"0":{"name":"(anonymous_0)","decl":{"start":{"line":39,"column":46},"end":{"line":39,"column":47}},"loc":{"start":{"line":39,"column":56},"end":{"line":60,"column":1}},"line":39},"1":{"name":"(anonymous_1)","decl":{"start":{"line":45,"column":17},"end":{"line":45,"column":18}},"loc":{"start":{"line":45,"column":35},"end":{"line":48,"column":3}},"line":45},"2":{"name":"(anonymous_2)","decl":{"start":{"line":50,"column":18},"end":{"line":50,"column":19}},"loc":{"start":{"line":50,"column":31},"end":{"line":50,"column":47}},"line":50},"3":{"name":"(anonymous_3)","decl":{"start":{"line":52,"column":22},"end":{"line":52,"column":23}},"loc":{"start":{"line":52,"column":33},"end":{"line":52,"column":60}},"line":52},"4":{"name":"(anonymous_4)","decl":{"start":{"line":54,"column":12},"end":{"line":54,"column":13}},"loc":{"start":{"line":54,"column":24},"end":{"line":57,"column":3}},"line":54},"5":{"name":"(anonymous_5)","decl":{"start":{"line":59,"column":23},"end":{"line":59,"column":24}},"loc":{"start":{"line":59,"column":29},"end":{"line":59,"column":56}},"line":59},"6":{"name":"lerRefreshPersistido","decl":{"start":{"line":62,"column":22},"end":{"line":62,"column":42}},"loc":{"start":{"line":62,"column":69},"end":{"line":64,"column":1}},"line":62},"7":{"name":"(anonymous_7)","decl":{"start":{"line":74,"column":27},"end":{"line":74,"column":28}},"loc":{"start":{"line":74,"column":33},"end":{"line":74,"column":53}},"line":74}},"branchMap":{},"s":{"0":8,"1":8,"2":8,"3":11,"4":11,"5":1,"6":0,"7":14,"8":14,"9":2,"10":2,"11":8,"12":171},"f":{"0":8,"1":11,"2":1,"3":0,"4":14,"5":2,"6":2,"7":171},"b":{},"_coverageSchema":"1a1c01bbd47fc00a2c39e90264f33305004495a9","hash":"8bbf011b3933cb7517870445c9129aad6d6aa5a9"}
,"/home/renan/Documentos/Projects/Omni-Tribo/apps/mobile/src/testes/fixtures.ts": {"path":"/home/renan/Documentos/Projects/Omni-Tribo/apps/mobile/src/testes/fixtures.ts","statementMap":{"0":{"start":{"line":19,"column":37},"end":{"line":24,"column":1}},"1":{"start":{"line":26,"column":35},"end":{"line":30,"column":1}},"2":{"start":{"line":33,"column":2},"end":{"line":66,"column":4}},"3":{"start":{"line":73,"column":2},"end":{"line":82,"column":4}},"4":{"start":{"line":89,"column":2},"end":{"line":89,"column":54}},"5":{"start":{"line":92,"column":42},"end":{"line":97,"column":1}},"6":{"start":{"line":99,"column":46},"end":{"line":111,"column":1}},"7":{"start":{"line":113,"column":36},"end":{"line":119,"column":1}},"8":{"start":{"line":128,"column":38},"end":{"line":158,"column":1}},"9":{"start":{"line":160,"column":55},"end":{"line":180,"column":1}},"10":{"start":{"line":183,"column":2},"end":{"line":192,"column":4}},"11":{"start":{"line":196,"column":61},"end":{"line":203,"column":2}},"12":{"start":{"line":205,"column":53},"end":{"line":215,"column":1}},"13":{"start":{"line":217,"column":36},"end":{"line":223,"column":1}},"14":{"start":{"line":225,"column":42},"end":{"line":231,"column":1}},"15":{"start":{"line":233,"column":48},"end":{"line":238,"column":1}},"16":{"start":{"line":247,"column":2},"end":{"line":255,"column":4}}},"fnMap":{"0":{"name":"missao","decl":{"start":{"line":32,"column":16},"end":{"line":32,"column":22}},"loc":{"start":{"line":32,"column":83},"end":{"line":67,"column":1}},"line":32},"1":{"name":"pagina","decl":{"start":{"line":69,"column":16},"end":{"line":69,"column":22}},"loc":{"start":{"line":72,"column":21},"end":{"line":83,"column":1}},"line":72},"2":{"name":"proxima","decl":{"start":{"line":85,"column":16},"end":{"line":85,"column":23}},"loc":{"start":{"line":88,"column":25},"end":{"line":90,"column":1}},"line":88},"3":{"name":"alerta","decl":{"start":{"line":182,"column":16},"end":{"line":182,"column":22}},"loc":{"start":{"line":182,"column":83},"end":{"line":193,"column":1}},"line":182},"4":{"name":"problema","decl":{"start":{"line":241,"column":16},"end":{"line":241,"column":24}},"loc":{"start":{"line":246,"column":2},"end":{"line":256,"column":1}},"line":246}},"branchMap":{"0":{"loc":{"start":{"line":32,"column":23},"end":{"line":32,"column":65}},"type":"default-arg","locations":[{"start":{"line":32,"column":63},"end":{"line":32,"column":65}}],"line":32},"1":{"loc":{"start":{"line":71,"column":2},"end":{"line":71,"column":47}},"type":"default-arg","locations":[{"start":{"line":71,"column":45},"end":{"line":71,"column":47}}],"line":71},"2":{"loc":{"start":{"line":78,"column":18},"end":{"line":78,"column":47}},"type":"cond-expr","locations":[{"start":{"line":78,"column":42},"end":{"line":78,"column":43}},{"start":{"line":78,"column":46},"end":{"line":78,"column":47}}],"line":78},"3":{"loc":{"start":{"line":87,"column":2},"end":{"line":87,"column":44}},"type":"default-arg","locations":[{"start":{"line":87,"column":42},"end":{"line":87,"column":44}}],"line":87},"4":{"loc":{"start":{"line":182,"column":23},"end":{"line":182,"column":65}},"type":"default-arg","locations":[{"start":{"line":182,"column":63},"end":{"line":182,"column":65}}],"line":182},"5":{"loc":{"start":{"line":245,"column":2},"end":{"line":245,"column":37}},"type":"default-arg","locations":[{"start":{"line":245,"column":35},"end":{"line":245,"column":37}}],"line":245}},"s":{"0":13,"1":13,"2":49,"3":26,"4":14,"5":13,"6":13,"7":13,"8":13,"9":13,"10":39,"11":13,"12":13,"13":13,"14":13,"15":13,"16":30},"f":{"0":49,"1":26,"2":14,"3":39,"4":30},"b":{"0":[7],"1":[26],"2":[0,26],"3":[11],"4":[0],"5":[27]},"_coverageSchema":"1a1c01bbd47fc00a2c39e90264f33305004495a9","hash":"7e2a02b9e313be1acb9eac60588f23b94f80603d"}
,"/home/renan/Documentos/Projects/Omni-Tribo/apps/mobile/src/testes/manipuladores.ts": {"path":"/home/renan/Documentos/Projects/Omni-Tribo/apps/mobile/src/testes/manipuladores.ts","statementMap":{"0":{"start":{"line":20,"column":13},"end":{"line":20,"column":38}},"1":{"start":{"line":29,"column":29},"end":{"line":119,"column":1}},"2":{"start":{"line":30,"column":40},"end":{"line":30,"column":65}},"3":{"start":{"line":31,"column":44},"end":{"line":31,"column":86}},"4":{"start":{"line":33,"column":4},"end":{"line":33,"column":88}},"5":{"start":{"line":35,"column":41},"end":{"line":35,"column":80}},"6":{"start":{"line":36,"column":36},"end":{"line":36,"column":62}},"7":{"start":{"line":39,"column":36},"end":{"line":39,"column":73}},"8":{"start":{"line":40,"column":45},"end":{"line":40,"column":80}},"9":{"start":{"line":41,"column":55},"end":{"line":41,"column":80}},"10":{"start":{"line":42,"column":37},"end":{"line":42,"column":86}},"11":{"start":{"line":43,"column":40},"end":{"line":43,"column":67}},"12":{"start":{"line":45,"column":4},"end":{"line":45,"column":67}},"13":{"start":{"line":49,"column":50},"end":{"line":49,"column":97}},"14":{"start":{"line":51,"column":4},"end":{"line":51,"column":75}},"15":{"start":{"line":54,"column":4},"end":{"line":54,"column":81}},"16":{"start":{"line":57,"column":4},"end":{"line":57,"column":69}},"17":{"start":{"line":60,"column":4},"end":{"line":60,"column":54}},"18":{"start":{"line":63,"column":4},"end":{"line":63,"column":55}},"19":{"start":{"line":66,"column":4},"end":{"line":66,"column":54}},"20":{"start":{"line":70,"column":37},"end":{"line":70,"column":64}},"21":{"start":{"line":71,"column":49},"end":{"line":71,"column":88}},"22":{"start":{"line":73,"column":4},"end":{"line":81,"column":5}},"23":{"start":{"line":85,"column":40},"end":{"line":85,"column":65}},"24":{"start":{"line":86,"column":55},"end":{"line":86,"column":88}},"25":{"start":{"line":88,"column":18},"end":{"line":88,"column":87}},"26":{"start":{"line":89,"column":4},"end":{"line":94,"column":7}},"27":{"start":{"line":97,"column":4},"end":{"line":97,"column":88}},"28":{"start":{"line":99,"column":43},"end":{"line":99,"column":82}},"29":{"start":{"line":102,"column":55},"end":{"line":102,"column":89}},"30":{"start":{"line":103,"column":36},"end":{"line":103,"column":68}},"31":{"start":{"line":105,"column":4},"end":{"line":105,"column":67}},"32":{"start":{"line":110,"column":4},"end":{"line":110,"column":71}},"33":{"start":{"line":112,"column":39},"end":{"line":112,"column":63}},"34":{"start":{"line":113,"column":44},"end":{"line":113,"column":79}},"35":{"start":{"line":115,"column":4},"end":{"line":115,"column":62}},"36":{"start":{"line":117,"column":34},"end":{"line":117,"column":58}},"37":{"start":{"line":118,"column":43},"end":{"line":118,"column":70}}},"fnMap":{"0":{"name":"(anonymous_0)","decl":{"start":{"line":30,"column":34},"end":{"line":30,"column":35}},"loc":{"start":{"line":30,"column":40},"end":{"line":30,"column":65}},"line":30},"1":{"name":"(anonymous_1)","decl":{"start":{"line":31,"column":38},"end":{"line":31,"column":39}},"loc":{"start":{"line":31,"column":44},"end":{"line":31,"column":86}},"line":31},"2":{"name":"(anonymous_2)","decl":{"start":{"line":32,"column":36},"end":{"line":32,"column":37}},"loc":{"start":{"line":33,"column":4},"end":{"line":33,"column":88}},"line":33},"3":{"name":"(anonymous_3)","decl":{"start":{"line":35,"column":35},"end":{"line":35,"column":36}},"loc":{"start":{"line":35,"column":41},"end":{"line":35,"column":80}},"line":35},"4":{"name":"(anonymous_4)","decl":{"start":{"line":36,"column":30},"end":{"line":36,"column":31}},"loc":{"start":{"line":36,"column":36},"end":{"line":36,"column":62}},"line":36},"5":{"name":"(anonymous_5)","decl":{"start":{"line":39,"column":30},"end":{"line":39,"column":31}},"loc":{"start":{"line":39,"column":36},"end":{"line":39,"column":73}},"line":39},"6":{"name":"(anonymous_6)","decl":{"start":{"line":40,"column":39},"end":{"line":40,"column":40}},"loc":{"start":{"line":40,"column":45},"end":{"line":40,"column":80}},"line":40},"7":{"name":"(anonymous_7)","decl":{"start":{"line":41,"column":49},"end":{"line":41,"column":50}},"loc":{"start":{"line":41,"column":55},"end":{"line":41,"column":80}},"line":41},"8":{"name":"(anonymous_8)","decl":{"start":{"line":42,"column":31},"end":{"line":42,"column":32}},"loc":{"start":{"line":42,"column":37},"end":{"line":42,"column":86}},"line":42},"9":{"name":"(anonymous_9)","decl":{"start":{"line":43,"column":34},"end":{"line":43,"column":35}},"loc":{"start":{"line":43,"column":40},"end":{"line":43,"column":67}},"line":43},"10":{"name":"(anonymous_10)","decl":{"start":{"line":44,"column":43},"end":{"line":44,"column":44}},"loc":{"start":{"line":45,"column":4},"end":{"line":45,"column":67}},"line":45},"11":{"name":"(anonymous_11)","decl":{"start":{"line":49,"column":44},"end":{"line":49,"column":45}},"loc":{"start":{"line":49,"column":50},"end":{"line":49,"column":97}},"line":49},"12":{"name":"(anonymous_12)","decl":{"start":{"line":50,"column":43},"end":{"line":50,"column":44}},"loc":{"start":{"line":51,"column":4},"end":{"line":51,"column":75}},"line":51},"13":{"name":"(anonymous_13)","decl":{"start":{"line":53,"column":43},"end":{"line":53,"column":44}},"loc":{"start":{"line":54,"column":4},"end":{"line":54,"column":81}},"line":54},"14":{"name":"(anonymous_14)","decl":{"start":{"line":56,"column":44},"end":{"line":56,"column":45}},"loc":{"start":{"line":57,"column":4},"end":{"line":57,"column":69}},"line":57},"15":{"name":"(anonymous_15)","decl":{"start":{"line":59,"column":44},"end":{"line":59,"column":45}},"loc":{"start":{"line":60,"column":4},"end":{"line":60,"column":54}},"line":60},"16":{"name":"(anonymous_16)","decl":{"start":{"line":62,"column":45},"end":{"line":62,"column":46}},"loc":{"start":{"line":63,"column":4},"end":{"line":63,"column":55}},"line":63},"17":{"name":"(anonymous_17)","decl":{"start":{"line":65,"column":45},"end":{"line":65,"column":46}},"loc":{"start":{"line":66,"column":4},"end":{"line":66,"column":54}},"line":66},"18":{"name":"(anonymous_18)","decl":{"start":{"line":70,"column":31},"end":{"line":70,"column":32}},"loc":{"start":{"line":70,"column":37},"end":{"line":70,"column":64}},"line":70},"19":{"name":"(anonymous_19)","decl":{"start":{"line":71,"column":43},"end":{"line":71,"column":44}},"loc":{"start":{"line":71,"column":49},"end":{"line":71,"column":88}},"line":71},"20":{"name":"(anonymous_20)","decl":{"start":{"line":72,"column":47},"end":{"line":72,"column":48}},"loc":{"start":{"line":73,"column":4},"end":{"line":81,"column":5}},"line":73},"21":{"name":"(anonymous_21)","decl":{"start":{"line":85,"column":34},"end":{"line":85,"column":35}},"loc":{"start":{"line":85,"column":40},"end":{"line":85,"column":65}},"line":85},"22":{"name":"(anonymous_22)","decl":{"start":{"line":86,"column":49},"end":{"line":86,"column":50}},"loc":{"start":{"line":86,"column":55},"end":{"line":86,"column":88}},"line":86},"23":{"name":"(anonymous_23)","decl":{"start":{"line":87,"column":55},"end":{"line":87,"column":56}},"loc":{"start":{"line":87,"column":86},"end":{"line":95,"column":3}},"line":87},"24":{"name":"(anonymous_24)","decl":{"start":{"line":96,"column":40},"end":{"line":96,"column":41}},"loc":{"start":{"line":97,"column":4},"end":{"line":97,"column":88}},"line":97},"25":{"name":"(anonymous_25)","decl":{"start":{"line":99,"column":37},"end":{"line":99,"column":38}},"loc":{"start":{"line":99,"column":43},"end":{"line":99,"column":82}},"line":99},"26":{"name":"(anonymous_26)","decl":{"start":{"line":102,"column":49},"end":{"line":102,"column":50}},"loc":{"start":{"line":102,"column":55},"end":{"line":102,"column":89}},"line":102},"27":{"name":"(anonymous_27)","decl":{"start":{"line":103,"column":30},"end":{"line":103,"column":31}},"loc":{"start":{"line":103,"column":36},"end":{"line":103,"column":68}},"line":103},"28":{"name":"(anonymous_28)","decl":{"start":{"line":104,"column":41},"end":{"line":104,"column":42}},"loc":{"start":{"line":105,"column":4},"end":{"line":105,"column":67}},"line":105},"29":{"name":"(anonymous_29)","decl":{"start":{"line":109,"column":29},"end":{"line":109,"column":30}},"loc":{"start":{"line":110,"column":4},"end":{"line":110,"column":71}},"line":110},"30":{"name":"(anonymous_30)","decl":{"start":{"line":112,"column":33},"end":{"line":112,"column":34}},"loc":{"start":{"line":112,"column":39},"end":{"line":112,"column":63}},"line":112},"31":{"name":"(anonymous_31)","decl":{"start":{"line":113,"column":38},"end":{"line":113,"column":39}},"loc":{"start":{"line":113,"column":44},"end":{"line":113,"column":79}},"line":113},"32":{"name":"(anonymous_32)","decl":{"start":{"line":114,"column":42},"end":{"line":114,"column":43}},"loc":{"start":{"line":115,"column":4},"end":{"line":115,"column":62}},"line":115},"33":{"name":"(anonymous_33)","decl":{"start":{"line":117,"column":28},"end":{"line":117,"column":29}},"loc":{"start":{"line":117,"column":34},"end":{"line":117,"column":58}},"line":117},"34":{"name":"(anonymous_34)","decl":{"start":{"line":118,"column":37},"end":{"line":118,"column":38}},"loc":{"start":{"line":118,"column":43},"end":{"line":118,"column":70}},"line":118}},"branchMap":{},"s":{"0":13,"1":13,"2":1,"3":0,"4":2,"5":0,"6":1,"7":7,"8":11,"9":1,"10":1,"11":0,"12":0,"13":0,"14":1,"15":0,"16":0,"17":0,"18":0,"19":0,"20":10,"21":5,"22":0,"23":9,"24":6,"25":0,"26":0,"27":0,"28":1,"29":5,"30":3,"31":0,"32":0,"33":4,"34":24,"35":0,"36":6,"37":2},"f":{"0":1,"1":0,"2":2,"3":0,"4":1,"5":7,"6":11,"7":1,"8":1,"9":0,"10":0,"11":0,"12":1,"13":0,"14":0,"15":0,"16":0,"17":0,"18":10,"19":5,"20":0,"21":9,"22":6,"23":0,"24":0,"25":1,"26":5,"27":3,"28":0,"29":0,"30":4,"31":24,"32":0,"33":6,"34":2},"b":{},"_coverageSchema":"1a1c01bbd47fc00a2c39e90264f33305004495a9","hash":"f00b3d602d8c5e04617caa31e50d06bcece506ef"}
,"/home/renan/Documentos/Projects/Omni-Tribo/apps/mobile/src/testes/render.tsx": {"path":"/home/renan/Documentos/Projects/Omni-Tribo/apps/mobile/src/testes/render.tsx","statementMap":{"0":{"start":{"line":13,"column":26},"end":{"line":16,"column":1}},"1":{"start":{"line":20,"column":2},"end":{"line":35,"column":5}},"2":{"start":{"line":46,"column":18},"end":{"line":46,"column":35}},"3":{"start":{"line":48,"column":4},"end":{"line":52,"column":6}},"4":{"start":{"line":54,"column":20},"end":{"line":54,"column":63}},"5":{"start":{"line":55,"column":2},"end":{"line":55,"column":48}}},"fnMap":{"0":{"name":"novoQueryClient","decl":{"start":{"line":19,"column":9},"end":{"line":19,"column":24}},"loc":{"start":{"line":19,"column":27},"end":{"line":36,"column":1}},"line":19},"1":{"name":"render","decl":{"start":{"line":45,"column":22},"end":{"line":45,"column":28}},"loc":{"start":{"line":45,"column":47},"end":{"line":56,"column":1}},"line":45},"2":{"name":"Envolucro","decl":{"start":{"line":47,"column":11},"end":{"line":47,"column":20}},"loc":{"start":{"line":47,"column":60},"end":{"line":53,"column":3}},"line":47}},"branchMap":{},"s":{"0":7,"1":73,"2":73,"3":73,"4":73,"5":73},"f":{"0":73,"1":73,"2":73},"b":{},"_coverageSchema":"1a1c01bbd47fc00a2c39e90264f33305004495a9","hash":"4ee7cbcfd546e599b4fbbb8640f4cde5ad4caa45"}
,"/home/renan/Documentos/Projects/Omni-Tribo/apps/mobile/src/testes/servidor.ts": {"path":"/home/renan/Documentos/Projects/Omni-Tribo/apps/mobile/src/testes/servidor.ts","statementMap":{"0":{"start":{"line":13,"column":24},"end":{"line":13,"column":53}},"1":{"start":{"line":16,"column":26},"end":{"line":16,"column":51}}},"fnMap":{},"branchMap":{},"s":{"0":13,"1":13},"f":{},"b":{},"_coverageSchema":"1a1c01bbd47fc00a2c39e90264f33305004495a9","hash":"f78ae06a24c2b0e44238d78a777ae3ae15fba2b0"}
,"/home/renan/Documentos/Projects/Omni-Tribo/apps/mobile/src/theme/index.ts": {"path":"/home/renan/Documentos/Projects/Omni-Tribo/apps/mobile/src/theme/index.ts","statementMap":{"0":{"start":{"line":21,"column":72},"end":{"line":21,"column":85}},"1":{"start":{"line":24,"column":66},"end":{"line":24,"column":76}}},"fnMap":{},"branchMap":{},"s":{"0":7,"1":7},"f":{},"b":{},"_coverageSchema":"1a1c01bbd47fc00a2c39e90264f33305004495a9","hash":"ea9264f422d34090de80044ebb6fa1684b699767"}
,"/home/renan/Documentos/Projects/Omni-Tribo/apps/mobile/src/theme/tokens.ts": {"path":"/home/renan/Documentos/Projects/Omni-Tribo/apps/mobile/src/theme/tokens.ts","statementMap":{"0":{"start":{"line":9,"column":21},"end":{"line":24,"column":10}},"1":{"start":{"line":41,"column":30},"end":{"line":50,"column":10}},"2":{"start":{"line":58,"column":22},"end":{"line":65,"column":10}},"3":{"start":{"line":67,"column":20},"end":{"line":72,"column":10}},"4":{"start":{"line":74,"column":26},"end":{"line":80,"column":10}},"5":{"start":{"line":97,"column":30},"end":{"line":102,"column":10}},"6":{"start":{"line":117,"column":27},"end":{"line":129,"column":10}}},"fnMap":{},"branchMap":{},"s":{"0":7,"1":7,"2":7,"3":7,"4":7,"5":7,"6":7},"f":{},"b":{},"_coverageSchema":"1a1c01bbd47fc00a2c39e90264f33305004495a9","hash":"035807c0b548225bc8366f2eea2f4acd2e9b15d1"}
}
