TN:
SF:app/_layout.tsx
FN:18,(anonymous_0)
FN:25,LayoutRaiz
FN:28,(anonymous_2)
FN:29,(anonymous_3)
FNF:4
FNH:0
FNDA:0,(anonymous_0)
FNDA:0,LayoutRaiz
FNDA:0,(anonymous_2)
FNDA:0,(anonymous_3)
DA:12,0
DA:18,0
DA:26,0
DA:28,0
DA:29,0
DA:32,0
DA:34,0
LF:7
LH:0
BRDA:18,0,0,0
BRDA:18,0,1,0
BRDA:32,1,0,0
BRDA:32,1,1,0
BRF:4
BRH:0
end_of_record
TN:
SF:app/beneficios.tsx
FN:35,TelaBeneficios
FN:46,(anonymous_1)
FN:48,(anonymous_2)
FN:60,(anonymous_3)
FN:76,(anonymous_4)
FN:103,(anonymous_5)
FN:109,(anonymous_6)
FN:119,(anonymous_7)
FN:122,(anonymous_8)
FN:127,(anonymous_9)
FN:135,(anonymous_10)
FN:163,(anonymous_11)
FN:173,CartaoBeneficio
FNF:13
FNH:8
FNDA:15,TelaBeneficios
FNDA:12,(anonymous_1)
FNDA:6,(anonymous_2)
FNDA:0,(anonymous_3)
FNDA:0,(anonymous_4)
FNDA:0,(anonymous_5)
FNDA:1,(anonymous_6)
FNDA:0,(anonymous_7)
FNDA:79,(anonymous_8)
FNDA:1,(anonymous_9)
FNDA:0,(anonymous_10)
FNDA:1,(anonymous_11)
FNDA:79,CartaoBeneficio
DA:36,15
DA:37,15
DA:38,15
DA:39,15
DA:41,15
DA:45,15
DA:47,12
DA:48,6
DA:53,15
DA:54,1
DA:60,0
DA:66,14
DA:76,0
DA:103,0
DA:109,1
DA:119,0
DA:123,79
DA:127,1
DA:135,0
DA:163,1
DA:182,79
DA:184,79
DA:228,1
LF:23
LH:18
BRDA:41,0,0,15
BRDA:41,0,1,7
BRDA:47,1,0,1
BRDA:47,1,1,11
BRDA:53,2,0,1
BRDA:53,2,1,14
BRDA:83,3,0,6
BRDA:83,3,1,8
BRDA:114,4,0,0
BRDA:114,4,1,14
BRDA:139,5,0,1
BRDA:139,5,1,13
BRDA:201,6,0,8
BRDA:201,6,1,71
BRDA:215,7,0,8
BRDA:215,7,1,71
BRDA:217,8,0,8
BRDA:217,8,1,71
BRF:18
BRH:17
end_of_record
TN:
SF:app/index.tsx
FN:24,Entrada
FN:25,(anonymous_1)
FN:28,(anonymous_2)
FN:30,(anonymous_3)
FN:33,(anonymous_4)
FNF:5
FNH:0
FNDA:0,Entrada
FNDA:0,(anonymous_1)
FNDA:0,(anonymous_2)
FNDA:0,(anonymous_3)
FNDA:0,(anonymous_4)
DA:25,0
DA:26,0
DA:28,0
DA:29,0
DA:30,0
DA:31,0
DA:33,0
DA:34,0
DA:38,0
DA:40,0
DA:41,0
DA:48,0
DA:51,0
LF:13
LH:0
BRDA:31,0,0,0
BRDA:31,0,1,0
BRDA:38,1,0,0
BRDA:38,1,1,0
BRDA:40,2,0,0
BRDA:40,2,1,0
BRDA:48,3,0,0
BRDA:48,3,1,0
BRF:8
BRH:0
end_of_record
TN:
SF:app/onboarding.tsx
FN:57,Onboarding
FN:62,concluir
FN:67,aoRolar
FN:93,(anonymous_3)
FN:110,(anonymous_4)
FN:110,(anonymous_5)
FNF:6
FNH:3
FNDA:3,Onboarding
FNDA:1,concluir
FNDA:0,aoRolar
FNDA:9,(anonymous_3)
FNDA:0,(anonymous_4)
FNDA:0,(anonymous_5)
DA:33,1
DA:58,3
DA:59,3
DA:60,3
DA:63,1
DA:64,1
DA:68,0
DA:69,0
DA:72,3
DA:74,3
DA:94,9
DA:110,0
DA:118,1
LF:13
LH:10
BRDA:69,0,0,0
BRDA:69,0,1,0
BRDA:79,1,0,3
BRDA:79,1,1,0
BRDA:109,2,0,0
BRDA:109,2,1,3
BRDA:110,3,0,0
BRDA:110,3,1,3
BRF:8
BRH:3
end_of_record
TN:
SF:app/(auth)/_layout.tsx
FN:5,LayoutAuth
FN:6,(anonymous_1)
FNF:2
FNH:0
FNDA:0,LayoutAuth
FNDA:0,(anonymous_1)
DA:6,0
DA:10,0
DA:12,0
LF:3
LH:0
BRDA:10,0,0,0
BRDA:10,0,1,0
BRF:2
BRH:0
end_of_record
TN:
SF:app/(auth)/login.tsx
FN:13,Login
FN:25,submeter
FN:30,(anonymous_2)
FN:36,(anonymous_3)
FNF:4
FNH:4
FNDA:19,Login
FNDA:4,submeter
FNDA:1,(anonymous_2)
FNDA:1,(anonymous_3)
DA:14,19
DA:15,19
DA:17,19
DA:18,19
DA:19,19
DA:21,19
DA:22,19
DA:23,19
DA:26,4
DA:27,4
DA:28,1
DA:30,1
DA:33,1
DA:35,3
DA:36,3
DA:39,19
DA:99,1
LF:17
LH:17
BRDA:27,0,0,1
BRDA:27,0,1,3
BRDA:42,1,0,19
BRDA:42,1,1,0
BRDA:73,2,0,1
BRDA:73,2,1,18
BRF:6
BRH:5
end_of_record
TN:
SF:app/(auth)/registrar.tsx
FN:13,Registrar
FN:26,submeter
FN:36,(anonymous_2)
FN:46,(anonymous_3)
FNF:4
FNH:0
FNDA:0,Registrar
FNDA:0,submeter
FNDA:0,(anonymous_2)
FNDA:0,(anonymous_3)
DA:14,0
DA:15,0
DA:17,0
DA:18,0
DA:19,0
DA:20,0
DA:21,0
DA:23,0
DA:24,0
DA:27,0
DA:33,0
DA:34,0
DA:36,0
DA:39,0
DA:41,0
DA:46,0
DA:49,0
DA:118,0
LF:18
LH:0
BRDA:33,0,0,0
BRDA:33,0,1,0
BRDA:52,1,0,0
BRDA:52,1,1,0
BRDA:92,2,0,0
BRDA:92,2,1,0
BRF:6
BRH:0
end_of_record
TN:
SF:app/(tabs)/_layout.tsx
FN:8,LayoutTabs
FN:9,(anonymous_1)
FN:31,(anonymous_2)
FN:35,(anonymous_3)
FN:39,(anonymous_4)
FN:45,(anonymous_5)
FN:55,(anonymous_6)
FN:61,Icone
FNF:8
FNH:0
FNDA:0,LayoutTabs
FNDA:0,(anonymous_1)
FNDA:0,(anonymous_2)
FNDA:0,(anonymous_3)
FNDA:0,(anonymous_4)
FNDA:0,(anonymous_5)
FNDA:0,(anonymous_6)
FNDA:0,Icone
DA:9,0
DA:13,0
DA:17,0
DA:19,0
DA:31,0
DA:35,0
DA:39,0
DA:45,0
DA:55,0
DA:62,0
LF:10
LH:0
BRDA:17,0,0,0
BRDA:17,0,1,0
BRDA:49,1,0,0
BRDA:49,1,1,0
BRDA:49,2,0,0
BRDA:49,2,1,0
BRF:6
BRH:0
end_of_record
TN:
SF:app/(tabs)/carteira.tsx
FN:33,TelaCarteira
FN:54,(anonymous_1)
FN:64,enviarTransferencia
FN:85,(anonymous_3)
FN:101,(anonymous_4)
FN:106,(anonymous_5)
FN:114,(anonymous_6)
FN:148,(anonymous_7)
FN:170,(anonymous_8)
FN:191,(anonymous_9)
FN:201,(anonymous_10)
FN:206,(anonymous_11)
FN:227,(anonymous_12)
FN:257,LinhaLancamento
FNF:14
FNH:10
FNDA:24,TelaCarteira
FNDA:16,(anonymous_1)
FNDA:2,enviarTransferencia
FNDA:1,(anonymous_3)
FNDA:20,(anonymous_4)
FNDA:0,(anonymous_5)
FNDA:0,(anonymous_6)
FNDA:2,(anonymous_7)
FNDA:1,(anonymous_8)
FNDA:0,(anonymous_9)
FNDA:16,(anonymous_10)
FNDA:0,(anonymous_11)
FNDA:2,(anonymous_12)
FNDA:16,LinhaLancamento
DA:23,1
DA:34,24
DA:35,24
DA:36,24
DA:37,24
DA:39,24
DA:40,24
DA:41,24
DA:42,24
DA:43,24
DA:52,24
DA:54,24
DA:65,2
DA:73,2
DA:74,0
DA:75,0
DA:77,2
DA:79,2
DA:86,1
DA:87,1
DA:88,1
DA:89,1
DA:90,1
DA:96,24
DA:101,20
DA:107,0
DA:108,0
DA:115,0
DA:148,2
DA:170,1
DA:191,0
DA:201,16
DA:206,0
DA:227,2
DA:258,16
DA:259,16
DA:279,1
LF:37
LH:30
BRDA:54,0,0,24
BRDA:54,0,1,8
BRDA:69,1,0,0
BRDA:69,1,1,2
BRDA:70,2,0,2
BRDA:70,2,1,2
BRDA:73,3,0,0
BRDA:73,3,1,2
BRDA:115,4,0,0
BRDA:115,4,1,0
BRDA:115,5,0,0
BRDA:115,5,1,0
BRDA:123,6,0,4
BRDA:123,6,1,20
BRDA:125,7,0,0
BRDA:125,7,1,20
BRDA:129,8,0,20
BRDA:129,8,1,0
BRDA:180,9,0,8
BRDA:180,9,1,16
BRDA:186,10,0,0
BRDA:186,10,1,16
BRDA:240,11,0,1
BRDA:240,11,1,23
BRDA:264,12,0,0
BRDA:264,12,1,16
BRDA:267,13,0,16
BRDA:267,13,1,0
BRDA:268,14,0,16
BRDA:268,14,1,0
BRDA:272,15,0,16
BRDA:272,15,1,0
BRF:32
BRH:19
end_of_record
TN:
SF:app/(tabs)/index.tsx
FN:28,TelaMissoes
FN:41,(anonymous_1)
FN:43,(anonymous_2)
FN:48,(anonymous_3)
FN:49,(anonymous_4)
FN:57,recarregar
FN:75,(anonymous_6)
FN:84,(anonymous_7)
FN:90,(anonymous_8)
FN:97,(anonymous_9)
FN:98,(anonymous_10)
FN:103,(anonymous_11)
FN:134,(anonymous_12)
FN:144,(anonymous_13)
FN:160,(anonymous_14)
FN:180,(anonymous_15)
FN:184,(anonymous_16)
FNF:17
FNH:9
FNDA:27,TelaMissoes
FNDA:21,(anonymous_1)
FNDA:4,(anonymous_2)
FNDA:1,(anonymous_3)
FNDA:1,(anonymous_4)
FNDA:0,recarregar
FNDA:0,(anonymous_6)
FNDA:0,(anonymous_7)
FNDA:0,(anonymous_8)
FNDA:0,(anonymous_9)
FNDA:108,(anonymous_10)
FNDA:0,(anonymous_11)
FNDA:9,(anonymous_12)
FNDA:0,(anonymous_13)
FNDA:6,(anonymous_14)
FNDA:5,(anonymous_15)
FNDA:0,(anonymous_16)
DA:19,1
DA:29,27
DA:30,27
DA:31,27
DA:33,27
DA:34,27
DA:35,27
DA:39,27
DA:41,27
DA:42,21
DA:43,20
DA:48,1
DA:49,1
DA:53,27
DA:54,27
DA:55,27
DA:58,0
DA:59,0
DA:60,0
DA:62,0
DA:66,27
DA:75,0
DA:84,0
DA:90,0
DA:97,0
DA:99,108
DA:103,0
DA:134,9
DA:147,0
DA:148,0
DA:160,6
DA:181,5
DA:184,0
DA:194,1
LF:34
LH:22
BRDA:34,0,0,27
BRDA:34,0,1,0
BRDA:39,1,0,1
BRDA:39,1,1,26
BRDA:39,2,0,27
BRDA:39,2,1,27
BRDA:42,3,0,20
BRDA:42,3,1,1
BRDA:43,4,0,20
BRDA:43,4,1,16
BRDA:48,5,0,1
BRDA:48,5,1,0
BRDA:53,6,0,26
BRDA:53,6,1,1
BRDA:54,7,0,26
BRDA:54,7,1,1
BRDA:55,8,0,26
BRDA:55,8,1,1
BRDA:58,9,0,0
BRDA:58,9,1,0
BRDA:103,10,0,0
BRDA:103,10,1,0
BRDA:111,11,0,1
BRDA:111,11,1,26
BRDA:111,12,0,27
BRDA:111,12,1,1
BRDA:117,13,0,5
BRDA:117,13,1,22
BRDA:123,14,0,1
BRDA:123,14,1,21
BRDA:147,15,0,0
BRDA:147,15,1,0
BRDA:147,16,0,0
BRDA:147,16,1,0
BRDA:147,16,2,0
BRDA:156,17,0,16
BRDA:156,17,1,5
BRDA:156,18,0,21
BRDA:156,18,1,21
BRDA:168,19,0,4
BRDA:168,19,1,1
BRDA:176,20,0,0
BRDA:176,20,1,21
BRF:43
BRH:31
end_of_record
TN:
SF:app/(tabs)/mapa.tsx
FN:26,TelaMapa
FN:46,(anonymous_1)
FN:66,(anonymous_2)
FN:68,(anonymous_3)
FN:69,(anonymous_4)
FN:78,(anonymous_5)
FN:93,(anonymous_6)
FN:97,(anonymous_7)
FN:100,(anonymous_8)
FN:142,(anonymous_9)
FN:181,(anonymous_10)
FN:200,(anonymous_11)
FN:213,(anonymous_12)
FNF:13
FNH:5
FNDA:43,TelaMapa
FNDA:10,(anonymous_1)
FNDA:0,(anonymous_2)
FNDA:30,(anonymous_3)
FNDA:20,(anonymous_4)
FNDA:10,(anonymous_5)
FNDA:0,(anonymous_6)
FNDA:0,(anonymous_7)
FNDA:0,(anonymous_8)
FNDA:0,(anonymous_9)
FNDA:0,(anonymous_10)
FNDA:0,(anonymous_11)
FNDA:0,(anonymous_12)
DA:24,1
DA:27,43
DA:31,43
DA:33,43
DA:34,43
DA:36,43
DA:37,43
DA:38,43
DA:46,43
DA:47,10
DA:48,8
DA:49,4
DA:51,4
DA:56,43
DA:57,43
DA:59,43
DA:60,43
DA:61,43
DA:66,43
DA:68,43
DA:69,30
DA:78,30
DA:89,30
DA:92,43
DA:94,0
DA:95,0
DA:96,0
DA:97,0
DA:99,0
DA:100,0
DA:110,43
DA:111,36
DA:123,7
DA:125,7
DA:142,0
DA:181,0
DA:201,0
DA:202,0
DA:203,0
DA:213,0
DA:238,1
LF:41
LH:29
BRDA:47,0,0,2
BRDA:47,0,1,8
BRDA:48,1,0,4
BRDA:48,1,1,4
BRDA:48,2,0,8
BRDA:48,2,1,4
BRDA:56,3,0,0
BRDA:56,3,1,43
BRDA:57,4,0,43
BRDA:57,4,1,43
BRDA:69,5,0,30
BRDA:69,5,1,10
BRDA:71,6,0,20
BRDA:71,6,1,0
BRDA:72,7,0,20
BRDA:72,7,1,0
BRDA:78,8,0,30
BRDA:78,8,1,20
BRDA:95,9,0,0
BRDA:95,9,1,0
BRDA:97,10,0,0
BRDA:97,10,1,0
BRDA:97,11,0,0
BRDA:97,11,1,0
BRDA:100,12,0,0
BRDA:100,12,1,0
BRDA:100,13,0,0
BRDA:100,13,1,0
BRDA:110,14,0,36
BRDA:110,14,1,7
BRDA:123,15,0,7
BRDA:123,15,1,6
BRDA:127,16,0,1
BRDA:127,16,1,6
BRDA:133,17,0,1
BRDA:133,17,1,0
BRDA:150,18,0,4
BRDA:150,18,1,3
BRDA:173,19,0,0
BRDA:173,19,1,7
BRDA:185,20,0,0
BRDA:185,20,1,7
BRDA:217,21,0,0
BRDA:217,21,1,7
BRDA:223,22,0,0
BRDA:223,22,1,0
BRF:46
BRH:27
end_of_record
TN:
SF:app/(tabs)/notificacoes.tsx
FN:16,TelaNotificacoes
FN:24,(anonymous_1)
FN:26,abrir
FN:38,(anonymous_3)
FN:43,(anonymous_4)
FN:51,(anonymous_5)
FN:63,(anonymous_6)
FN:71,(anonymous_7)
FN:88,(anonymous_8)
FN:102,(anonymous_9)
FN:104,(anonymous_10)
FNF:11
FNH:6
FNDA:18,TelaNotificacoes
FNDA:10,(anonymous_1)
FNDA:1,abrir
FNDA:26,(anonymous_3)
FNDA:0,(anonymous_4)
FNDA:0,(anonymous_5)
FNDA:0,(anonymous_6)
FNDA:0,(anonymous_7)
FNDA:0,(anonymous_8)
FNDA:24,(anonymous_9)
FNDA:1,(anonymous_10)
DA:17,18
DA:18,18
DA:20,18
DA:21,18
DA:22,18
DA:24,18
DA:29,1
DA:30,1
DA:33,18
DA:38,26
DA:44,0
DA:45,0
DA:52,0
DA:63,0
DA:71,0
DA:88,0
DA:103,24
DA:104,1
DA:129,1
LF:19
LH:13
BRDA:24,0,0,18
BRDA:24,0,1,8
BRDA:29,1,0,1
BRDA:29,1,1,0
BRDA:30,2,0,0
BRDA:30,2,1,1
BRDA:52,3,0,0
BRDA:52,3,1,0
BRDA:52,4,0,0
BRDA:52,4,1,0
BRDA:68,5,0,12
BRDA:68,5,1,6
BRDA:68,6,0,18
BRDA:68,6,1,12
BRDA:78,7,0,6
BRDA:78,7,1,12
BRDA:83,8,0,2
BRDA:83,8,1,10
BRDA:93,9,0,0
BRDA:93,9,1,10
BRDA:95,10,0,0
BRDA:95,10,1,10
BRDA:107,11,0,8
BRDA:107,11,1,16
BRDA:110,12,0,8
BRDA:110,12,1,16
BRDA:112,13,0,8
BRDA:112,13,1,16
BRDA:117,14,0,16
BRDA:117,14,1,8
BRF:30
BRH:22
end_of_record
TN:
SF:app/(tabs)/perfil.tsx
FN:43,TelaPerfil
FN:45,(anonymous_1)
FN:46,(anonymous_2)
FN:59,sair
FN:60,(anonymous_4)
FN:65,compartilharDados
FN:76,confirmarExclusao
FN:80,(anonymous_7)
FN:106,(anonymous_8)
FN:166,(anonymous_9)
FN:175,(anonymous_10)
FN:193,(anonymous_11)
FN:199,(anonymous_12)
FN:207,(anonymous_13)
FN:223,(anonymous_14)
FN:235,(anonymous_15)
FN:257,(anonymous_16)
FN:261,(anonymous_17)
FN:267,(anonymous_18)
FN:297,Conquista
FNF:20
FNH:11
FNDA:32,TelaPerfil
FNDA:97,(anonymous_1)
FNDA:97,(anonymous_2)
FNDA:0,sair
FNDA:0,(anonymous_4)
FNDA:0,compartilharDados
FNDA:2,confirmarExclusao
FNDA:1,(anonymous_7)
FNDA:0,(anonymous_8)
FNDA:48,(anonymous_9)
FNDA:3,(anonymous_10)
FNDA:0,(anonymous_11)
FNDA:57,(anonymous_12)
FNDA:0,(anonymous_13)
FNDA:0,(anonymous_14)
FNDA:2,(anonymous_15)
FNDA:2,(anonymous_16)
FNDA:0,(anonymous_17)
FNDA:0,(anonymous_18)
FNDA:48,Conquista
DA:28,1
DA:44,32
DA:45,97
DA:46,97
DA:48,32
DA:49,32
DA:50,32
DA:51,32
DA:52,32
DA:54,32
DA:55,32
DA:56,32
DA:57,32
DA:60,0
DA:61,0
DA:62,0
DA:66,0
DA:70,0
DA:77,2
DA:81,1
DA:82,1
DA:88,32
DA:89,6
DA:100,26
DA:101,2
DA:106,0
DA:113,24
DA:114,24
DA:115,24
DA:117,24
DA:167,48
DA:175,3
DA:193,0
DA:200,57
DA:208,0
DA:223,0
DA:235,2
DA:258,2
DA:259,2
DA:261,0
DA:267,0
DA:298,48
DA:325,1
LF:43
LH:32
BRDA:60,0,0,0
BRDA:60,0,1,0
BRDA:88,1,0,6
BRDA:88,1,1,26
BRDA:100,2,0,2
BRDA:100,2,1,24
BRDA:100,3,0,26
BRDA:100,3,1,24
BRDA:105,4,0,2
BRDA:105,4,1,0
BRDA:149,5,0,24
BRDA:149,5,1,0
BRDA:183,6,0,0
BRDA:183,6,1,24
BRDA:199,7,0,24
BRDA:199,7,1,5
BRDA:243,8,0,1
BRDA:243,8,1,23
BRDA:282,9,0,1
BRDA:282,9,1,23
BRDA:299,10,0,24
BRDA:299,10,1,24
BRDA:301,11,0,24
BRDA:301,11,1,24
BRDA:307,12,0,24
BRDA:307,12,1,24
BRF:26
BRH:21
end_of_record
TN:
SF:app/missao/[id].tsx
FN:26,DetalheMissao
FN:29,(anonymous_1)
FN:66,(anonymous_2)
FN:78,fazerCheckin
FN:104,(anonymous_4)
FN:108,(anonymous_5)
FN:121,disparar
FN:129,aoTocar
FN:214,(anonymous_8)
FN:221,(anonymous_9)
FN:236,(anonymous_10)
FN:241,(anonymous_11)
FN:248,(anonymous_12)
FN:263,PontoDeCustodia
FN:281,tituloDoErro
FN:287,mensagemDoErro
FNF:16
FNH:14
FNDA:66,DetalheMissao
FNDA:198,(anonymous_1)
FNDA:0,(anonymous_2)
FNDA:4,fazerCheckin
FNDA:1,(anonymous_4)
FNDA:3,(anonymous_5)
FNDA:7,disparar
FNDA:8,aoTocar
FNDA:64,(anonymous_8)
FNDA:8,(anonymous_9)
FNDA:1,(anonymous_10)
FNDA:1,(anonymous_11)
FNDA:0,(anonymous_12)
FNDA:50,PontoDeCustodia
FNDA:1,tituloDoErro
FNDA:1,mensagemDoErro
DA:27,66
DA:28,66
DA:29,198
DA:31,66
DA:32,66
DA:33,66
DA:34,66
DA:36,66
DA:37,66
DA:46,66
DA:48,66
DA:49,16
DA:60,50
DA:61,0
DA:66,0
DA:73,50
DA:74,50
DA:75,50
DA:76,50
DA:79,4
DA:80,4
DA:81,4
DA:82,0
DA:88,0
DA:91,4
DA:105,1
DA:106,1
DA:109,3
DA:110,3
DA:113,3
DA:114,3
DA:122,7
DA:123,4
DA:124,4
DA:126,3
DA:132,8
DA:133,6
DA:136,50
DA:137,50
DA:139,50
DA:215,64
DA:221,8
DA:237,1
DA:238,1
DA:239,1
DA:241,1
DA:248,0
DA:264,50
DA:265,50
DA:267,0
DA:282,1
DA:283,0
DA:284,0
DA:288,1
DA:289,1
DA:291,0
DA:292,0
DA:295,1
LF:58
LH:48
BRDA:48,0,0,16
BRDA:48,0,1,50
BRDA:60,1,0,0
BRDA:60,1,1,50
BRDA:60,2,0,50
BRDA:60,2,1,50
BRDA:65,3,0,0
BRDA:65,3,1,0
BRDA:81,4,0,0
BRDA:81,4,1,4
BRDA:113,5,0,3
BRDA:113,5,1,0
BRDA:122,6,0,4
BRDA:122,6,1,3
BRDA:132,7,0,2
BRDA:132,7,1,6
BRDA:137,8,0,50
BRDA:137,8,1,38
BRDA:189,9,0,3
BRDA:189,9,1,47
BRDA:198,10,0,1
BRDA:198,10,1,49
BRDA:200,11,0,1
BRDA:200,11,1,0
BRDA:208,12,0,13
BRDA:208,12,1,37
BRDA:219,13,0,64
BRDA:219,13,1,15
BRDA:230,14,0,50
BRDA:230,14,1,48
BRDA:231,15,0,50
BRDA:231,15,1,48
BRDA:232,16,0,50
BRDA:232,16,1,48
BRDA:239,17,0,1
BRDA:239,17,1,0
BRDA:265,18,0,50
BRDA:265,18,1,0
BRDA:282,19,0,1
BRDA:282,19,1,0
BRDA:283,20,0,0
BRDA:283,20,1,0
BRDA:288,21,0,1
BRDA:288,21,1,0
BRDA:291,22,0,0
BRDA:291,22,1,0
BRF:46
BRH:32
end_of_record
TN:
SF:app/missao/criar.tsx
FN:35,CriarMissao
FN:44,(anonymous_1)
FN:45,(anonymous_2)
FN:81,(anonymous_3)
FN:92,(anonymous_4)
FN:106,(anonymous_5)
FN:119,enviar
FN:121,(anonymous_7)
FN:135,(anonymous_8)
FN:145,(anonymous_9)
FN:163,(anonymous_10)
FN:177,(anonymous_11)
FN:200,(anonymous_12)
FN:205,(anonymous_13)
FN:214,(anonymous_14)
FN:219,(anonymous_15)
FN:230,(anonymous_16)
FN:235,(anonymous_17)
FN:276,(anonymous_18)
FN:282,(anonymous_19)
FN:289,(anonymous_20)
FN:294,(anonymous_21)
FN:300,(anonymous_22)
FN:313,(anonymous_23)
FN:324,(anonymous_24)
FN:329,(anonymous_25)
FN:337,(anonymous_26)
FN:350,(anonymous_27)
FN:379,(anonymous_28)
FN:396,(anonymous_29)
FN:404,(anonymous_30)
FN:409,(anonymous_31)
FN:416,(anonymous_32)
FN:421,(anonymous_33)
FN:426,(anonymous_34)
FN:447,paraRequest
FN:471,numeroOuIndefinido
FNF:37
FNH:28
FNDA:143,CriarMissao
FNDA:14,(anonymous_1)
FNDA:14,(anonymous_2)
FNDA:14,(anonymous_3)
FNDA:16,(anonymous_4)
FNDA:143,(anonymous_5)
FNDA:5,enviar
FNDA:4,(anonymous_7)
FNDA:572,(anonymous_8)
FNDA:3,(anonymous_9)
FNDA:141,(anonymous_10)
FNDA:141,(anonymous_11)
FNDA:15,(anonymous_12)
FNDA:1,(anonymous_13)
FNDA:15,(anonymous_14)
FNDA:1,(anonymous_15)
FNDA:384,(anonymous_16)
FNDA:5,(anonymous_17)
FNDA:141,(anonymous_18)
FNDA:10,(anonymous_19)
FNDA:572,(anonymous_20)
FNDA:564,(anonymous_21)
FNDA:29,(anonymous_22)
FNDA:0,(anonymous_23)
FNDA:0,(anonymous_24)
FNDA:0,(anonymous_25)
FNDA:141,(anonymous_26)
FNDA:141,(anonymous_27)
FNDA:0,(anonymous_28)
FNDA:0,(anonymous_29)
FNDA:0,(anonymous_30)
FNDA:0,(anonymous_31)
FNDA:0,(anonymous_32)
FNDA:115,(anonymous_33)
FNDA:0,(anonymous_34)
FNDA:35,paraRequest
FNDA:2,numeroOuIndefinido
DA:27,1
DA:28,1
DA:29,1
DA:36,143
DA:37,143
DA:40,143
DA:41,143
DA:42,143
DA:44,143
DA:45,143
DA:53,143
DA:75,143
DA:76,143
DA:80,143
DA:81,143
DA:82,14
DA:83,0
DA:84,0
DA:89,143
DA:90,143
DA:92,143
DA:93,16
DA:96,2
DA:97,2
DA:98,2
DA:99,2
DA:106,143
DA:107,143
DA:108,143
DA:110,143
DA:111,143
DA:113,143
DA:120,5
DA:121,4
DA:125,143
DA:136,572
DA:137,572
DA:138,572
DA:146,3
DA:150,3
DA:151,3
DA:152,3
DA:164,141
DA:178,141
DA:201,15
DA:205,1
DA:215,15
DA:219,1
DA:231,384
DA:235,5
DA:277,141
DA:282,10
DA:290,572
DA:295,564
DA:301,29
DA:313,0
DA:324,0
DA:329,0
DA:338,141
DA:351,141
DA:379,0
DA:397,0
DA:398,0
DA:399,0
DA:404,0
DA:409,0
DA:417,0
DA:418,0
DA:422,115
DA:427,0
DA:428,0
DA:448,35
DA:472,2
DA:473,2
DA:474,2
DA:475,2
DA:478,1
LF:77
LH:62
BRDA:70,0,0,143
BRDA:70,0,1,143
BRDA:71,1,0,143
BRDA:71,1,1,143
BRDA:76,2,0,143
BRDA:76,2,1,128
BRDA:82,3,0,0
BRDA:82,3,1,14
BRDA:82,4,0,14
BRDA:82,4,1,0
BRDA:89,5,0,143
BRDA:89,5,1,0
BRDA:93,6,0,14
BRDA:93,6,1,2
BRDA:96,7,0,2
BRDA:96,7,1,0
BRDA:97,8,0,2
BRDA:97,8,1,0
BRDA:98,9,0,2
BRDA:98,9,1,0
BRDA:99,10,0,2
BRDA:99,10,1,0
BRDA:108,11,0,30
BRDA:108,11,1,113
BRDA:114,12,0,143
BRDA:114,12,1,0
BRDA:114,13,0,143
BRDA:114,13,1,143
BRDA:190,14,0,15
BRDA:190,14,1,128
BRDA:204,15,0,15
BRDA:204,15,1,11
BRDA:218,16,0,15
BRDA:218,16,1,12
BRDA:240,17,0,3
BRDA:240,17,1,125
BRDA:251,18,0,1
BRDA:251,18,1,142
BRDA:256,19,0,6
BRDA:256,19,1,136
BRDA:283,20,0,141
BRDA:283,20,1,139
BRDA:283,21,0,1
BRDA:283,21,1,138
BRDA:296,22,0,141
BRDA:296,22,1,423
BRDA:298,23,0,141
BRDA:298,23,1,423
BRDA:299,24,0,141
BRDA:299,24,1,423
BRDA:301,25,0,7
BRDA:301,25,1,22
BRDA:323,26,0,0
BRDA:323,26,1,143
BRDA:324,27,0,0
BRDA:324,27,1,0
BRDA:362,28,0,1
BRDA:362,28,1,142
BRDA:421,29,0,143
BRDA:421,29,1,28
BRDA:473,30,0,0
BRDA:473,30,1,2
BRDA:475,31,0,2
BRDA:475,31,1,0
BRF:64
BRH:51
end_of_record
TN:
SF:src/api/alertas.ts
FN:6,listarAlertas
FN:24,contarNaoLidos
FN:30,marcarAlertaLido
FNF:3
FNH:3
FNDA:5,listarAlertas
FNDA:5,contarNaoLidos
FNDA:1,marcarAlertaLido
DA:11,5
DA:14,4
DA:25,5
DA:26,5
DA:31,1
DA:32,1
LF:6
LH:6
BRDA:8,0,0,0
BRDA:9,1,0,5
BRF:2
BRH:1
end_of_record
TN:
SF:src/api/auth.ts
FN:9,login
FN:22,registrar
FN:27,me
FN:32,logout
FN:43,refresh
FNF:5
FNH:3
FNDA:3,login
FNDA:0,registrar
FNDA:1,me
FNDA:0,logout
FNDA:1,refresh
DA:10,3
DA:11,1
DA:23,0
DA:24,0
DA:28,1
DA:29,1
DA:33,0
DA:44,1
DA:49,0
LF:9
LH:5
BRF:0
BRH:0
end_of_record
TN:
SF:src/api/baseUrl.ts
FN:23,resolverBaseUrl
FN:40,semBarraFinal
FNF:2
FNH:2
FNDA:13,resolverBaseUrl
FNDA:13,semBarraFinal
DA:5,8
DA:24,13
DA:25,13
DA:26,13
DA:29,0
DA:30,0
DA:31,0
DA:32,0
DA:35,0
DA:41,13
DA:44,8
LF:11
LH:6
BRDA:25,0,0,13
BRDA:25,0,1,0
BRDA:25,1,0,13
BRDA:25,1,1,13
BRDA:30,2,0,0
BRDA:30,2,1,0
BRDA:30,3,0,0
BRDA:30,3,1,0
BRDA:32,4,0,0
BRDA:32,4,1,0
BRDA:35,5,0,0
BRDA:35,5,1,0
BRDA:41,6,0,0
BRDA:41,6,1,13
BRF:14
BRH:4
end_of_record
TN:
SF:src/api/carteira.ts
FN:16,buscarCarteira
FN:22,listarLancamentos
FN:43,transferirTokens
FN:68,sacar
FNF:4
FNH:4
FNDA:11,buscarCarteira
FNDA:5,listarLancamentos
FNDA:2,transferirTokens
FNDA:1,sacar
DA:18,11
DA:19,10
DA:26,5
DA:29,5
DA:49,2
DA:54,1
DA:69,1
DA:74,0
LF:8
LH:7
BRDA:24,0,0,5
BRF:1
BRH:1
end_of_record
TN:
SF:src/api/cliente.ts
FN:23,(anonymous_0)
FN:47,rotacionar
FN:63,rotacaoCompartilhada
FN:65,(anonymous_3)
FN:73,(anonymous_4)
FN:74,(anonymous_5)
FN:82,(anonymous_6)
FN:117,(anonymous_7)
FN:118,(anonymous_8)
FN:122,_limparRotacaoEmVoo
FNF:10
FNH:10
FNDA:163,(anonymous_0)
FNDA:4,rotacionar
FNDA:6,rotacaoCompartilhada
FNDA:4,(anonymous_3)
FNDA:135,(anonymous_4)
FNDA:28,(anonymous_5)
FNDA:20,(anonymous_6)
FNDA:139,(anonymous_7)
FNDA:24,(anonymous_8)
FNDA:7,_limparRotacaoEmVoo
DA:10,8
DA:17,8
DA:23,8
DA:24,163
DA:25,163
DA:26,147
DA:30,163
DA:31,163
DA:45,8
DA:48,4
DA:49,4
DA:53,4
DA:59,3
DA:60,3
DA:64,6
DA:65,4
DA:66,4
DA:69,6
DA:72,8
DA:73,135
DA:75,28
DA:76,28
DA:79,28
DA:82,20
DA:88,28
DA:89,22
DA:92,6
DA:94,6
DA:95,6
DA:96,5
DA:97,5
DA:102,1
DA:103,1
DA:116,8
DA:117,139
DA:118,24
DA:123,7
LF:37
LH:37
BRDA:25,0,0,147
BRDA:25,0,1,16
BRDA:48,1,0,4
BRDA:48,1,1,0
BRDA:49,2,0,0
BRDA:49,2,1,4
BRDA:64,3,0,4
BRDA:64,3,1,2
BRDA:79,4,0,28
BRDA:79,4,1,9
BRDA:79,4,2,9
BRDA:79,4,3,8
BRDA:79,4,4,6
BRDA:82,5,0,20
BRDA:82,5,1,0
BRDA:88,6,0,22
BRDA:88,6,1,6
BRF:17
BRH:14
end_of_record
TN:
SF:src/api/erros.ts
FN:92,ehErroApi
FN:112,texto
FN:116,segmentoDe
FN:124,camposDe
FN:126,(anonymous_4)
FN:143,paraErroApi
FN:208,numero
FN:212,cabecalhoRetryAfter
FN:220,mensagemDe
FN:228,valeTentarDeNovo
FNF:10
FNH:10
FNDA:69,ehErroApi
FNDA:63,texto
FNDA:61,segmentoDe
FNDA:5,camposDe
FNDA:6,(anonymous_4)
FNDA:69,paraErroApi
FNDA:12,numero
FNDA:2,cabecalhoRetryAfter
FNDA:11,mensagemDe
FNDA:5,valeTentarDeNovo
DA:67,9
DA:85,9
DA:93,69
DA:94,69
DA:95,69
DA:113,63
DA:117,61
DA:120,61
DA:121,61
DA:125,5
DA:126,3
DA:127,6
DA:128,4
DA:129,4
DA:130,3
DA:144,69
DA:146,63
DA:147,0
DA:155,63
DA:156,2
DA:164,61
DA:168,61
DA:169,61
DA:175,61
DA:177,61
DA:181,61
DA:183,5
DA:185,3
DA:192,3
DA:194,3
DA:201,2
DA:203,45
DA:209,12
DA:213,2
DA:214,2
DA:215,2
DA:216,2
DA:221,11
DA:229,5
LF:39
LH:38
BRDA:93,0,0,0
BRDA:93,0,1,69
BRDA:93,1,0,69
BRDA:93,1,1,69
BRDA:95,2,0,69
BRDA:95,2,1,6
BRDA:113,3,0,63
BRDA:113,3,1,0
BRDA:113,4,0,63
BRDA:113,4,1,63
BRDA:117,5,0,0
BRDA:117,5,1,61
BRDA:117,6,0,61
BRDA:117,6,1,61
BRDA:121,7,0,61
BRDA:121,7,1,0
BRDA:125,8,0,2
BRDA:125,8,1,3
BRDA:127,9,0,2
BRDA:127,9,1,4
BRDA:127,10,0,6
BRDA:127,10,1,5
BRDA:129,11,0,1
BRDA:129,11,1,3
BRDA:129,12,0,4
BRDA:129,12,1,3
BRDA:144,13,0,6
BRDA:144,13,1,63
BRDA:146,14,0,0
BRDA:146,14,1,63
BRDA:151,15,0,0
BRDA:151,15,1,0
BRDA:155,16,0,2
BRDA:155,16,1,61
BRDA:164,17,0,61
BRDA:164,17,1,0
BRDA:164,18,0,61
BRDA:164,18,1,61
BRDA:168,19,0,61
BRDA:168,19,1,0
BRDA:172,20,0,58
BRDA:172,20,1,3
BRDA:177,21,0,59
BRDA:177,21,1,2
BRDA:177,22,0,61
BRDA:177,22,1,61
BRDA:181,23,0,5
BRDA:181,23,1,3
BRDA:181,23,2,3
BRDA:181,23,3,3
BRDA:181,23,4,2
BRDA:181,23,5,45
BRDA:189,24,0,1
BRDA:189,24,1,2
BRDA:209,25,0,4
BRDA:209,25,1,8
BRDA:209,26,0,12
BRDA:209,26,1,4
BRDA:214,27,0,2
BRDA:214,27,1,1
BRDA:216,28,0,1
BRDA:216,28,1,1
BRDA:229,29,0,5
BRDA:229,29,1,4
BRF:64
BRH:55
end_of_record
TN:
SF:src/api/lugares.ts
FN:19,listarTribos
FN:25,buscarTribo
FN:30,buscarPontoCustodia
FN:35,pontosCustodiaProximos
FN:53,buscarClima
FN:65,buscarEnderecoPorCep
FNF:6
FNH:4
FNDA:0,listarTribos
FNDA:4,buscarTribo
FNDA:0,buscarPontoCustodia
FNDA:24,pontosCustodiaProximos
FNDA:8,buscarClima
FNDA:3,buscarEnderecoPorCep
DA:20,0
DA:21,0
DA:26,4
DA:27,4
DA:31,0
DA:32,0
DA:40,24
DA:43,24
DA:54,8
DA:55,6
DA:66,3
DA:67,2
LF:12
LH:8
BRDA:38,0,0,0
BRF:1
BRH:0
end_of_record
TN:
SF:src/api/missoes.ts
FN:21,listarMissoes
FN:34,missoesProximas
FN:41,buscarMissao
FN:52,criarMissao
FN:65,previaRecompensa
FN:78,aplicarAcao
FN:98,registrarCheckin
FNF:7
FNH:7
FNDA:8,listarMissoes
FNDA:15,missoesProximas
FNDA:20,buscarMissao
FNDA:5,criarMissao
FNDA:3,previaRecompensa
FNDA:3,aplicarAcao
FNDA:4,registrarCheckin
DA:24,8
DA:27,8
DA:35,15
DA:38,14
DA:42,20
DA:43,20
DA:53,5
DA:54,4
DA:68,3
DA:72,1
DA:83,3
DA:84,3
DA:85,2
DA:103,4
DA:106,1
LF:15
LH:15
BRDA:83,0,0,0
BRDA:83,0,1,3
BRF:2
BRH:1
end_of_record
TN:
SF:src/api/perfil.ts
FN:13,buscarPerfil
FN:18,listarConsentimentos
FN:34,definirConsentimento
FN:53,exportarMeusDados
FN:64,excluirMinhaConta
FNF:5
FNH:3
FNDA:10,buscarPerfil
FNDA:6,listarConsentimentos
FNDA:0,definirConsentimento
FNDA:0,exportarMeusDados
FNDA:2,excluirMinhaConta
DA:14,10
DA:15,9
DA:19,6
DA:20,6
DA:39,0
DA:43,0
DA:54,0
DA:55,0
DA:65,2
LF:9
LH:5
BRF:0
BRH:0
end_of_record
TN:
SF:src/api/tipos.ts
FNF:0
FNH:0
DA:22,0
LF:1
LH:0
BRF:0
BRH:0
end_of_record
TN:
SF:src/api/__tests__/ciclo.e2e.test.ts
FN:63,(anonymous_0)
FN:73,comoUsuario
FN:77,(anonymous_2)
FN:83,(anonymous_3)
FN:87,corpoDaMissao
FN:113,(anonymous_5)
FN:128,(anonymous_6)
FN:142,(anonymous_7)
FN:154,(anonymous_8)
FN:162,(anonymous_9)
FN:177,(anonymous_10)
FN:204,(anonymous_11)
FN:218,(anonymous_12)
FN:232,(anonymous_13)
FN:245,(anonymous_14)
FN:250,(anonymous_15)
FN:262,(anonymous_16)
FN:274,(anonymous_17)
FN:285,(anonymous_18)
FNF:19
FNH:0
FNDA:0,(anonymous_0)
FNDA:0,comoUsuario
FNDA:0,(anonymous_2)
FNDA:0,(anonymous_3)
FNDA:0,corpoDaMissao
FNDA:0,(anonymous_5)
FNDA:0,(anonymous_6)
FNDA:0,(anonymous_7)
FNDA:0,(anonymous_8)
FNDA:0,(anonymous_9)
FNDA:0,(anonymous_10)
FNDA:0,(anonymous_11)
FNDA:0,(anonymous_12)
FNDA:0,(anonymous_13)
FNDA:0,(anonymous_14)
FNDA:0,(anonymous_15)
FNDA:0,(anonymous_16)
FNDA:0,(anonymous_17)
FNDA:0,(anonymous_18)
DA:45,0
DA:48,0
DA:50,0
DA:52,0
DA:60,0
DA:61,0
DA:63,0
DA:74,0
DA:77,0
DA:79,0
DA:80,0
DA:83,0
DA:84,0
DA:88,0
DA:89,0
DA:113,0
DA:114,0
DA:116,0
DA:117,0
DA:118,0
DA:119,0
DA:122,0
DA:124,0
DA:125,0
DA:128,0
DA:129,0
DA:131,0
DA:132,0
DA:134,0
DA:137,0
DA:138,0
DA:139,0
DA:142,0
DA:143,0
DA:144,0
DA:145,0
DA:147,0
DA:154,0
DA:155,0
DA:157,0
DA:162,0
DA:163,0
DA:164,0
DA:166,0
DA:167,0
DA:168,0
DA:170,0
DA:171,0
DA:174,0
DA:177,0
DA:178,0
DA:180,0
DA:181,0
DA:186,0
DA:188,0
DA:189,0
DA:190,0
DA:194,0
DA:195,0
DA:196,0
DA:201,0
DA:204,0
DA:205,0
DA:207,0
DA:212,0
DA:215,0
DA:218,0
DA:219,0
DA:222,0
DA:227,0
DA:232,0
DA:233,0
DA:234,0
DA:235,0
DA:236,0
DA:238,0
DA:239,0
DA:240,0
DA:242,0
DA:245,0
DA:246,0
DA:247,0
DA:249,0
DA:250,0
DA:252,0
DA:253,0
DA:254,0
DA:255,0
DA:257,0
DA:262,0
DA:263,0
DA:264,0
DA:265,0
DA:267,0
DA:268,0
DA:269,0
DA:271,0
DA:274,0
DA:275,0
DA:276,0
DA:278,0
DA:279,0
DA:282,0
DA:285,0
DA:286,0
DA:287,0
DA:289,0
DA:290,0
DA:292,0
DA:293,0
DA:294,0
DA:295,0
LF:112
LH:0
BRDA:45,0,0,0
BRDA:45,0,1,0
BRDA:194,1,0,0
BRDA:194,1,1,0
BRDA:250,2,0,0
BRDA:250,2,1,0
BRF:6
BRH:0
end_of_record
TN:
SF:src/api/__tests__/integracao.e2e.test.ts
FN:23,(anonymous_0)
FN:24,(anonymous_1)
FN:29,(anonymous_2)
FN:33,(anonymous_3)
FN:39,(anonymous_4)
FN:45,(anonymous_5)
FN:61,(anonymous_6)
FN:77,(anonymous_7)
FN:78,(anonymous_8)
FN:81,(anonymous_9)
FN:87,(anonymous_10)
FN:96,(anonymous_11)
FNF:12
FNH:0
FNDA:0,(anonymous_0)
FNDA:0,(anonymous_1)
FNDA:0,(anonymous_2)
FNDA:0,(anonymous_3)
FNDA:0,(anonymous_4)
FNDA:0,(anonymous_5)
FNDA:0,(anonymous_6)
FNDA:0,(anonymous_7)
FNDA:0,(anonymous_8)
FNDA:0,(anonymous_9)
FNDA:0,(anonymous_10)
FNDA:0,(anonymous_11)
DA:21,0
DA:23,0
DA:24,0
DA:25,0
DA:26,0
DA:29,0
DA:30,0
DA:33,0
DA:34,0
DA:35,0
DA:36,0
DA:39,0
DA:40,0
DA:41,0
DA:42,0
DA:45,0
DA:46,0
DA:48,0
DA:49,0
DA:50,0
DA:51,0
DA:53,0
DA:54,0
DA:56,0
DA:57,0
DA:58,0
DA:61,0
DA:63,0
DA:70,0
DA:71,0
DA:72,0
DA:73,0
DA:74,0
DA:77,0
DA:78,0
DA:81,0
DA:82,0
DA:83,0
DA:84,0
DA:87,0
DA:88,0
DA:89,0
DA:90,0
DA:92,0
DA:93,0
DA:96,0
DA:97,0
DA:98,0
DA:99,0
DA:101,0
DA:102,0
DA:103,0
LF:52
LH:0
BRDA:21,0,0,0
BRDA:21,0,1,0
BRF:2
BRH:0
end_of_record
TN:
SF:src/components/Aviso.tsx
FN:23,Aviso
FNF:1
FNH:1
FNDA:10,Aviso
DA:24,10
DA:26,10
DA:40,4
DA:46,4
LF:4
LH:4
BRDA:23,0,0,0
BRDA:34,1,0,6
BRDA:34,1,1,4
BRF:3
BRH:2
end_of_record
TN:
SF:src/components/BarraProgresso.tsx
FN:26,BarraProgresso
FNF:1
FNH:1
FNDA:127,BarraProgresso
DA:34,127
DA:36,127
DA:55,2
LF:3
LH:3
BRDA:29,0,0,24
BRDA:30,1,0,127
BRDA:34,2,0,0
BRDA:34,2,1,127
BRDA:45,3,0,127
BRDA:45,3,1,0
BRF:6
BRH:4
end_of_record
TN:
SF:src/components/Botao.tsx
FN:30,Botao
FN:50,(anonymous_1)
FNF:2
FNH:2
FNDA:814,Botao
FNDA:814,(anonymous_1)
DA:39,814
DA:40,814
DA:42,814
DA:50,814
DA:69,6
DA:87,6
LF:6
LH:6
BRDA:33,0,0,286
BRDA:34,1,0,553
BRDA:35,2,0,737
BRDA:39,3,0,814
BRDA:39,3,1,797
BRDA:53,4,0,814
BRDA:53,4,1,0
BRDA:53,4,2,0
BRDA:54,5,0,814
BRDA:54,5,1,31
BRDA:59,6,0,23
BRDA:59,6,1,791
BRF:12
BRH:10
end_of_record
TN:
SF:src/components/CampoTexto.tsx
FN:12,CampoTexto
FN:25,(anonymous_1)
FN:26,(anonymous_2)
FNF:3
FNH:1
FNDA:1094,CampoTexto
FNDA:0,(anonymous_1)
FNDA:0,(anonymous_2)
DA:13,1094
DA:14,1094
DA:16,1094
DA:25,0
DA:26,0
DA:40,3
LF:6
LH:4
BRDA:23,0,0,1094
BRDA:23,0,1,1082
BRDA:29,1,0,1094
BRDA:29,1,1,0
BRDA:30,2,0,1094
BRDA:30,2,1,12
BRDA:31,3,0,1094
BRDA:31,3,1,141
BRDA:35,4,0,12
BRDA:35,4,1,1082
BRF:10
BRH:9
end_of_record
TN:
SF:src/components/Card.tsx
FN:9,Card
FNF:1
FNH:1
FNDA:659,Card
DA:10,659
DA:17,5
LF:2
LH:2
BRF:0
BRH:0
end_of_record
TN:
SF:src/components/Chip.tsx
FN:15,Chip
FNF:1
FNH:1
FNDA:1300,Chip
DA:16,1300
DA:17,1300
DA:19,1300
DA:41,5
LF:4
LH:4
BRDA:15,0,0,105
BRDA:16,1,0,254
BRDA:16,1,1,1046
BRDA:16,2,0,1046
BRDA:16,2,1,410
BRDA:17,3,0,254
BRDA:17,3,1,1046
BRDA:17,4,0,1046
BRDA:17,4,1,410
BRDA:24,5,0,1195
BRDA:24,5,1,105
BRDA:25,6,0,1195
BRDA:25,6,1,105
BRDA:30,7,0,1195
BRDA:30,7,1,105
BRDA:33,8,0,254
BRDA:33,8,1,1046
BRF:17
BRH:17
end_of_record
TN:
SF:src/components/DialogoConfirmacao.tsx
FN:36,DialogoConfirmacao
FNF:1
FNH:1
FNDA:74,DialogoConfirmacao
DA:48,74
DA:89,2
LF:2
LH:2
BRDA:40,0,0,0
BRDA:41,1,0,0
BRDA:42,2,0,0
BRDA:43,3,0,24
BRDA:68,4,0,74
BRDA:68,4,1,0
BRDA:72,5,0,74
BRDA:72,5,1,0
BRDA:76,6,0,74
BRDA:76,6,1,0
BRDA:80,7,0,74
BRDA:80,7,1,0
BRF:12
BRH:5
end_of_record
TN:
SF:src/components/Esqueleto.tsx
FN:22,Esqueleto
FN:26,(anonymous_1)
FN:28,(anonymous_2)
FN:47,(anonymous_3)
FN:58,EsqueletoMissaoCard
FNF:5
FNH:5
FNDA:187,Esqueleto
FNDA:171,(anonymous_1)
FNDA:171,(anonymous_2)
FNDA:171,(anonymous_3)
FNDA:15,EsqueletoMissaoCard
DA:26,187
DA:28,187
DA:29,171
DA:45,171
DA:47,171
DA:50,187
DA:59,15
DA:72,4
LF:8
LH:8
BRDA:22,0,0,102
BRDA:22,1,0,0
BRF:2
BRH:1
end_of_record
TN:
SF:src/components/EstadoVazio.tsx
FN:13,EstadoVazio
FNF:1
FNH:1
FNDA:9,EstadoVazio
DA:14,9
DA:30,4
LF:2
LH:2
BRDA:17,0,0,9
BRDA:17,0,1,0
BRDA:18,1,0,6
BRDA:18,1,1,3
BRF:4
BRH:3
end_of_record
TN:
SF:src/components/FolhaInferior.tsx
FN:27,FolhaInferior
FN:32,(anonymous_1)
FN:34,(anonymous_2)
FNF:3
FNH:3
FNDA:382,FolhaInferior
FNDA:54,(anonymous_1)
FNDA:64,(anonymous_2)
DA:28,382
DA:32,382
DA:34,382
DA:35,64
DA:42,382
DA:44,382
DA:96,3
LF:7
LH:7
BRDA:36,0,0,8
BRDA:36,0,1,56
BRDA:62,1,0,382
BRDA:62,1,1,0
BRDA:72,2,0,355
BRDA:72,2,1,27
BRDA:84,3,0,382
BRDA:84,3,1,0
BRF:8
BRH:6
end_of_record
TN:
SF:src/components/IndicadorPaginas.tsx
FN:18,IndicadorPaginas
FN:26,(anonymous_1)
FNF:2
FNH:2
FNDA:3,IndicadorPaginas
FNDA:9,(anonymous_1)
DA:19,3
DA:27,9
DA:38,1
LF:3
LH:3
BRDA:31,0,0,3
BRDA:31,0,1,6
BRF:2
BRH:2
end_of_record
TN:
SF:src/components/JustificativaLocalizacao.tsx
FN:29,JustificativaLocalizacao
FNF:1
FNH:1
FNDA:52,JustificativaLocalizacao
DA:30,52
DA:48,2
LF:2
LH:2
BRF:0
BRH:0
end_of_record
TN:
SF:src/components/MapaLeaflet.tsx
FN:54,MapaLeaflet
FN:71,(anonymous_1)
FN:73,(anonymous_2)
FN:78,(anonymous_3)
FN:82,(anonymous_4)
FN:87,(anonymous_5)
FN:144,paginaLeaflet
FNF:7
FNH:6
FNDA:7,MapaLeaflet
FNDA:3,(anonymous_1)
FNDA:10,(anonymous_2)
FNDA:7,(anonymous_3)
FNDA:3,(anonymous_4)
FNDA:0,(anonymous_5)
FNDA:3,paginaLeaflet
DA:64,7
DA:71,7
DA:73,7
DA:74,10
DA:78,7
DA:79,7
DA:82,7
DA:83,3
DA:86,7
DA:89,0
DA:90,0
DA:95,0
DA:98,0
DA:99,0
DA:100,0
DA:101,0
DA:106,0
DA:107,0
DA:113,7
DA:145,3
DA:236,2
LF:21
LH:12
BRDA:57,0,0,0
BRDA:98,1,0,0
BRDA:98,1,1,0
BRDA:98,2,0,0
BRDA:98,2,1,0
BRDA:100,3,0,0
BRDA:100,3,1,0
BRDA:100,4,0,0
BRDA:100,4,1,0
BRDA:106,5,0,0
BRDA:106,5,1,0
BRDA:106,6,0,0
BRDA:106,6,1,0
BRF:13
BRH:0
end_of_record
TN:
SF:src/components/MissaoCard.tsx
FN:26,MissaoCard
FN:74,rotuloAcessivel
FNF:2
FNH:2
FNDA:5,MissaoCard
FNDA:5,rotuloAcessivel
DA:27,5
DA:29,5
DA:75,5
DA:80,5
DA:81,5
DA:82,5
DA:85,1
LF:7
LH:7
BRDA:48,0,0,4
BRDA:48,0,1,1
BRDA:80,1,0,4
BRDA:80,1,1,1
BRF:4
BRH:4
end_of_record
TN:
SF:src/components/SaldoToken.tsx
FN:22,SaldoToken
FN:36,IconeToken
FNF:2
FNH:2
FNDA:180,SaldoToken
FNDA:180,IconeToken
DA:23,180
DA:24,180
DA:26,180
DA:43,180
DA:58,5
LF:5
LH:5
BRDA:22,0,0,152
BRDA:22,1,0,164
BRDA:23,2,0,28
BRDA:23,2,1,152
BRDA:24,3,0,28
BRDA:24,3,1,152
BRDA:37,4,0,0
BRDA:38,5,0,0
BRF:8
BRH:6
end_of_record
TN:
SF:src/components/SeletorDataHora.tsx
FN:38,SeletorDataHora
FN:42,abrir
FN:48,aoDispensar
FN:52,aoEscolher
FN:102,formatar
FNF:5
FNH:5
FNDA:294,SeletorDataHora
FNDA:4,abrir
FNDA:1,aoDispensar
FNDA:3,aoEscolher
FNDA:588,formatar
DA:39,294
DA:40,294
DA:43,4
DA:44,4
DA:49,1
DA:53,3
DA:55,1
DA:56,1
DA:57,1
DA:58,1
DA:59,1
DA:62,2
DA:63,2
DA:64,2
DA:65,2
DA:68,294
DA:103,588
DA:112,2
LF:18
LH:18
BRDA:44,0,0,1
BRDA:44,0,1,3
BRDA:53,1,0,1
BRDA:53,1,1,2
BRDA:75,2,0,0
BRDA:75,2,1,294
BRDA:80,3,0,0
BRDA:80,3,1,294
BRDA:86,4,0,5
BRDA:86,4,1,289
BRDA:90,5,0,3
BRDA:90,5,1,2
BRDA:90,6,0,1
BRDA:90,6,1,1
BRDA:94,7,0,5
BRDA:94,7,1,0
BRF:16
BRH:13
end_of_record
TN:
SF:src/features/alertas/hooks.ts
FN:9,(anonymous_0)
FN:13,useAlertasInfinitos
FN:17,(anonymous_2)
FN:18,(anonymous_3)
FN:29,useContagemNaoLidos
FN:45,useMarcarLido
FN:49,(anonymous_6)
FN:50,(anonymous_7)
FN:57,(anonymous_8)
FNF:9
FNH:9
FNDA:18,(anonymous_0)
FNDA:18,useAlertasInfinitos
FNDA:5,(anonymous_2)
FNDA:26,(anonymous_3)
FNDA:18,useContagemNaoLidos
FNDA:18,useMarcarLido
FNDA:1,(anonymous_6)
FNDA:1,(anonymous_7)
FNDA:1,(anonymous_8)
DA:7,1
DA:9,18
DA:14,18
DA:17,5
DA:18,26
DA:30,18
DA:46,18
DA:48,18
DA:49,1
DA:51,1
DA:52,1
DA:53,1
DA:54,1
DA:58,1
LF:14
LH:14
BRDA:13,0,0,0
BRDA:18,1,0,26
BRDA:18,1,1,0
BRDA:53,2,0,1
BRDA:53,2,1,0
BRDA:53,3,0,1
BRDA:53,3,1,1
BRF:7
BRH:4
end_of_record
TN:
SF:src/features/auth/hooks.ts
FN:7,useLogin
FN:8,(anonymous_1)
FN:9,(anonymous_2)
FN:13,(anonymous_3)
FN:25,useRegistro
FN:26,(anonymous_5)
FN:27,(anonymous_6)
FN:30,(anonymous_7)
FNF:8
FNH:4
FNDA:19,useLogin
FNDA:59,(anonymous_1)
FNDA:59,(anonymous_2)
FNDA:3,(anonymous_3)
FNDA:0,useRegistro
FNDA:0,(anonymous_5)
FNDA:0,(anonymous_6)
FNDA:0,(anonymous_7)
DA:8,59
DA:9,59
DA:10,19
DA:12,19
DA:14,3
DA:15,1
DA:17,1
DA:20,1
DA:26,0
DA:27,0
DA:29,0
DA:33,0
DA:34,0
DA:35,0
LF:14
LH:8
BRF:0
BRH:0
end_of_record
TN:
SF:src/features/auth/restaurarSessao.ts
FN:16,restaurarSessao
FNF:1
FNH:1
FNDA:2,restaurarSessao
DA:17,2
DA:18,2
DA:19,2
DA:20,2
DA:22,1
DA:23,0
DA:24,0
DA:31,1
DA:32,1
DA:39,2
LF:10
LH:8
BRDA:20,0,0,1
BRDA:20,0,1,1
BRF:2
BRH:2
end_of_record
TN:
SF:src/features/beneficios/catalogo.ts
FN:109,estadoDoResgate
FNF:1
FNH:1
FNDA:89,estadoDoResgate
DA:44,2
DA:110,89
DA:111,89
LF:3
LH:3
BRF:0
BRH:0
end_of_record
TN:
SF:src/features/carteira/hooks.ts
FN:30,useTransferirTokens
FN:38,(anonymous_1)
FN:40,(anonymous_2)
FN:62,useCarteira
FN:69,useLancamentos
FN:73,(anonymous_5)
FN:74,(anonymous_6)
FNF:7
FNH:7
FNDA:24,useTransferirTokens
FNDA:2,(anonymous_1)
FNDA:1,(anonymous_2)
FNDA:39,useCarteira
FNDA:24,useLancamentos
FNDA:5,(anonymous_5)
FNDA:39,(anonymous_6)
DA:12,2
DA:31,24
DA:33,24
DA:39,2
DA:43,1
DA:63,39
DA:70,24
DA:73,5
DA:74,39
LF:9
LH:9
BRDA:74,0,0,39
BRDA:74,0,1,0
BRF:2
BRH:1
end_of_record
TN:
SF:src/features/mapa/hooks.ts
FN:21,(anonymous_0)
FN:22,(anonymous_1)
FN:26,(anonymous_2)
FN:27,(anonymous_3)
FN:30,useTribos
FN:41,useTribo
FN:45,(anonymous_6)
FN:56,usePontoCustodia
FN:60,(anonymous_8)
FN:66,usePontosCustodiaProximos
FN:75,(anonymous_10)
FN:90,useClima
FN:94,(anonymous_12)
FN:106,useEnderecoPorCep
FN:112,(anonymous_14)
FNF:15
FNH:13
FNDA:43,(anonymous_0)
FNDA:186,(anonymous_1)
FNDA:43,(anonymous_2)
FNDA:143,(anonymous_3)
FNDA:0,useTribos
FNDA:43,useTribo
FNDA:4,(anonymous_6)
FNDA:50,usePontoCustodia
FNDA:0,(anonymous_8)
FNDA:186,usePontosCustodiaProximos
FNDA:24,(anonymous_10)
FNDA:43,useClima
FNDA:8,(anonymous_12)
FNDA:143,useEnderecoPorCep
FNDA:3,(anonymous_14)
DA:19,3
DA:21,43
DA:25,186
DA:26,43
DA:27,143
DA:31,0
DA:42,43
DA:45,4
DA:57,50
DA:60,0
DA:70,186
DA:75,24
DA:91,43
DA:94,8
DA:107,143
DA:109,143
DA:112,3
LF:17
LH:15
BRDA:43,0,0,43
BRDA:43,0,1,9
BRDA:58,1,0,50
BRDA:58,1,1,50
BRDA:68,2,0,143
BRDA:71,3,0,186
BRDA:71,3,1,0
BRDA:92,4,0,43
BRDA:92,4,1,0
BRF:9
BRH:7
end_of_record
TN:
SF:src/features/missoes/acoes.ts
FN:47,papelNaMissao
FN:132,(anonymous_1)
FN:195,acoesDisponiveis
FNF:3
FNH:3
FNDA:55,papelNaMissao
FNDA:38,(anonymous_1)
FNDA:159,acoesDisponiveis
DA:51,55
DA:52,54
DA:53,44
DA:54,20
DA:57,2
DA:64,2
DA:71,2
DA:78,2
DA:85,2
DA:97,2
DA:108,2
DA:120,2
DA:132,38
DA:141,2
DA:196,159
LF:15
LH:15
BRDA:51,0,0,1
BRDA:51,0,1,54
BRDA:52,1,0,10
BRDA:52,1,1,44
BRDA:53,2,0,24
BRDA:53,2,1,20
BRF:6
BRH:6
end_of_record
TN:
SF:src/features/missoes/hooks.ts
FN:28,(anonymous_0)
FN:29,(anonymous_1)
FN:33,(anonymous_2)
FN:37,useMissoesInfinitas
FN:41,(anonymous_4)
FN:48,(anonymous_5)
FN:53,useMissoesProximas
FN:62,(anonymous_7)
FN:76,useMissao
FN:79,(anonymous_9)
FN:108,useAcaoMissao
FN:117,(anonymous_11)
FN:119,(anonymous_12)
FN:132,(anonymous_13)
FN:139,(anonymous_14)
FN:145,(anonymous_15)
FN:156,useCriarMissao
FN:160,(anonymous_17)
FN:161,(anonymous_18)
FN:176,usePreviaRecompensa
FN:180,(anonymous_20)
FN:186,useCheckin
FN:194,(anonymous_22)
FN:195,(anonymous_23)
FN:204,erroDe
FNF:25
FNH:24
FNDA:27,(anonymous_0)
FNDA:53,(anonymous_1)
FNDA:83,(anonymous_2)
FNDA:27,useMissoesInfinitas
FNDA:8,(anonymous_4)
FNDA:46,(anonymous_5)
FNDA:70,useMissoesProximas
FNDA:15,(anonymous_7)
FNDA:66,useMissao
FNDA:20,(anonymous_9)
FNDA:66,useAcaoMissao
FNDA:3,(anonymous_11)
FNDA:3,(anonymous_12)
FNDA:1,(anonymous_13)
FNDA:2,(anonymous_14)
FNDA:3,(anonymous_15)
FNDA:143,useCriarMissao
FNDA:5,(anonymous_17)
FNDA:4,(anonymous_18)
FNDA:143,usePreviaRecompensa
FNDA:3,(anonymous_20)
FNDA:66,useCheckin
FNDA:4,(anonymous_22)
FNDA:1,(anonymous_23)
FNDA:0,erroDe
DA:24,4
DA:26,4
DA:28,27
DA:32,53
DA:33,83
DA:38,27
DA:42,8
DA:48,46
DA:57,70
DA:63,15
DA:77,66
DA:79,20
DA:84,4
DA:109,66
DA:111,66
DA:117,3
DA:120,3
DA:121,3
DA:123,3
DA:124,3
DA:127,3
DA:129,3
DA:134,1
DA:135,1
DA:142,2
DA:148,3
DA:157,143
DA:159,143
DA:160,5
DA:162,4
DA:163,4
DA:177,143
DA:180,3
DA:187,66
DA:189,66
DA:194,4
DA:196,1
DA:197,1
DA:205,0
DA:206,0
LF:40
LH:38
BRDA:28,0,0,27
BRDA:28,0,1,27
BRDA:32,1,0,53
BRDA:32,1,1,53
BRDA:48,2,0,46
BRDA:48,2,1,0
BRDA:58,3,0,53
BRDA:58,3,1,17
BRDA:124,4,0,3
BRDA:124,4,1,0
BRDA:124,5,0,3
BRDA:124,5,1,3
BRDA:134,6,0,1
BRDA:134,6,1,0
BRDA:205,7,0,0
BRDA:205,7,1,0
BRDA:205,8,0,0
BRDA:205,8,1,0
BRF:18
BRH:11
end_of_record
TN:
SF:src/features/missoes/mensagensCheckin.ts
FN:20,orientacaoDe
FNF:1
FNH:1
FNDA:3,orientacaoDe
DA:21,3
DA:23,1
DA:34,1
DA:37,1
DA:50,1
DA:53,1
DA:60,0
DA:66,0
DA:72,0
LF:9
LH:6
BRDA:21,0,0,1
BRDA:21,0,1,1
BRDA:21,0,2,1
BRDA:21,0,3,0
BRDA:21,0,4,0
BRDA:21,0,5,0
BRDA:34,1,0,1
BRDA:34,1,1,0
BRDA:34,2,0,1
BRDA:34,2,1,1
BRDA:50,3,0,1
BRDA:50,3,1,0
BRDA:50,4,0,1
BRDA:50,4,1,1
BRF:14
BRH:9
end_of_record
TN:
SF:src/features/missoes/useLocalizacao.ts
FN:35,useLocalizacao
FN:42,(anonymous_1)
FN:72,(anonymous_2)
FN:77,(anonymous_3)
FNF:4
FNH:4
FNDA:279,useLocalizacao
FNDA:13,(anonymous_1)
FNDA:13,(anonymous_2)
FNDA:42,(anonymous_3)
DA:36,279
DA:40,279
DA:42,279
DA:43,13
DA:44,13
DA:45,13
DA:46,2
DA:47,2
DA:50,11
DA:54,11
DA:62,11
DA:63,11
DA:64,11
DA:66,0
DA:67,0
DA:72,279
DA:73,13
DA:74,13
DA:77,279
DA:85,42
DA:88,279
LF:21
LH:19
BRDA:35,0,0,27
BRDA:40,1,0,0
BRDA:40,1,1,279
BRDA:45,2,0,2
BRDA:45,2,1,11
BRDA:59,3,0,11
BRDA:59,3,1,0
BRDA:60,4,0,11
BRDA:60,4,1,0
BRDA:85,5,0,0
BRDA:85,5,1,42
BRF:11
BRH:7
end_of_record
TN:
SF:src/features/onboarding/visto.ts
FN:21,jaViuOnboarding
FN:29,marcarOnboardingVisto
FNF:2
FNH:1
FNDA:0,jaViuOnboarding
FNDA:1,marcarOnboardingVisto
DA:3,1
DA:22,0
DA:23,0
DA:25,0
DA:30,1
DA:31,1
LF:6
LH:3
BRF:0
BRH:0
end_of_record
TN:
SF:src/features/perfil/hooks.ts
FN:27,usePerfil
FN:34,useConsentimentos
FN:48,useDefinirConsentimento
FN:56,(anonymous_3)
FN:58,(anonymous_4)
FN:65,useExportarDados
FN:73,useExcluirConta
FN:75,(anonymous_7)
FNF:8
FNH:6
FNDA:75,usePerfil
FNDA:32,useConsentimentos
FNDA:32,useDefinirConsentimento
FNDA:0,(anonymous_3)
FNDA:0,(anonymous_4)
FNDA:32,useExportarDados
FNDA:32,useExcluirConta
FNDA:2,(anonymous_7)
DA:20,1
DA:22,1
DA:28,75
DA:35,32
DA:49,32
DA:51,32
DA:57,0
DA:59,0
DA:66,32
DA:74,32
DA:75,2
LF:11
LH:9
BRF:0
BRH:0
end_of_record
TN:
SF:src/lib/armazenamentoSeguro.ts
FN:34,(anonymous_0)
FN:36,lerSeguro
FN:41,gravarSeguro
FN:61,apagarSeguro
FNF:4
FNH:4
FNDA:41,(anonymous_0)
FNDA:8,lerSeguro
FNDA:16,gravarSeguro
FNDA:17,apagarSeguro
DA:32,9
DA:34,41
DA:37,8
DA:38,3
DA:42,16
DA:43,3
DA:44,3
DA:46,13
DA:62,17
DA:63,2
DA:64,2
DA:66,15
DA:67,15
LF:13
LH:13
BRDA:37,0,0,5
BRDA:37,0,1,3
BRDA:37,1,0,5
BRDA:37,1,1,3
BRDA:42,2,0,3
BRDA:42,2,1,13
BRDA:62,3,0,2
BRDA:62,3,1,15
BRF:8
BRH:8
end_of_record
TN:
SF:src/lib/debounce.ts
FN:16,useDebounce
FN:19,(anonymous_1)
FN:20,(anonymous_2)
FN:21,(anonymous_3)
FN:38,useCallbackComDebounce
FN:45,(anonymous_5)
FN:49,(anonymous_6)
FN:50,(anonymous_7)
FN:58,(anonymous_8)
FN:60,(anonymous_9)
FNF:10
FNH:8
FNDA:286,useDebounce
FNDA:68,(anonymous_1)
FNDA:7,(anonymous_2)
FNDA:68,(anonymous_3)
FNDA:43,useCallbackComDebounce
FNDA:43,(anonymous_5)
FNDA:4,(anonymous_6)
FNDA:4,(anonymous_7)
FNDA:0,(anonymous_8)
FNDA:0,(anonymous_9)
DA:17,286
DA:19,286
DA:20,68
DA:21,68
DA:24,286
DA:42,43
DA:43,43
DA:45,43
DA:46,43
DA:49,43
DA:50,4
DA:51,4
DA:57,43
DA:59,0
DA:60,0
LF:15
LH:13
BRDA:51,0,0,0
BRDA:51,0,1,4
BRDA:59,1,0,0
BRDA:59,1,1,0
BRF:4
BRH:1
end_of_record
TN:
SF:src/lib/formatar.ts
FN:9,formatarDistancia
FN:24,rotuloCategoria
FN:40,rotuloStatus
FN:45,formatarDataHora
FNF:4
FNH:4
FNDA:8,formatarDistancia
FNDA:740,rotuloCategoria
FNDA:50,rotuloStatus
FNDA:140,formatarDataHora
DA:10,8
DA:11,8
DA:12,2
DA:14,2
DA:17,4
DA:25,740
DA:28,4
DA:41,50
DA:46,140
DA:47,140
DA:48,140
LF:11
LH:11
BRDA:10,0,0,0
BRDA:10,0,1,8
BRDA:10,1,0,8
BRDA:10,1,1,8
BRDA:11,2,0,6
BRDA:11,2,1,2
BRDA:14,3,0,2
BRDA:14,3,1,0
BRDA:47,4,0,0
BRDA:47,4,1,140
BRF:10
BRH:7
end_of_record
TN:
SF:src/lib/formulario.ts
FN:10,errosPorCampo
FN:14,(anonymous_1)
FN:28,errosDoZod
FN:43,mensagemDoErro
FNF:4
FNH:3
FNDA:19,errosPorCampo
FNDA:1,(anonymous_1)
FNDA:0,errosDoZod
FNDA:19,mensagemDoErro
DA:11,19
DA:12,2
DA:13,2
DA:14,1
DA:29,0
DA:30,0
DA:31,0
DA:32,0
DA:34,0
DA:44,19
DA:45,2
DA:46,2
DA:47,1
LF:13
LH:8
BRDA:11,0,0,17
BRDA:11,0,1,2
BRDA:11,1,0,19
BRDA:11,1,1,2
BRDA:13,2,0,1
BRDA:13,2,1,1
BRDA:31,3,0,0
BRDA:31,3,1,0
BRDA:32,4,0,0
BRDA:32,4,1,0
BRDA:32,5,0,0
BRDA:32,5,1,0
BRDA:44,6,0,17
BRDA:44,6,1,2
BRDA:44,7,0,19
BRDA:44,7,1,2
BRDA:46,8,0,1
BRDA:46,8,1,1
BRDA:46,9,0,2
BRDA:46,9,1,1
BRF:20
BRH:14
end_of_record
TN:
SF:src/lib/ids.ts
FN:4,novoUuid
FN:24,novaChaveIdempotencia
FNF:2
FNH:2
FNDA:258,novoUuid
FNDA:95,novaChaveIdempotencia
DA:5,258
DA:9,8
DA:25,95
LF:3
LH:3
BRF:0
BRH:0
end_of_record
TN:
SF:src/schemas/index.ts
FN:77,(anonymous_0)
FN:310,paginaSchema
FNF:2
FNH:2
FNDA:225,(anonymous_0)
FNDA:17,paginaSchema
DA:5,7
DA:11,7
DA:23,7
DA:47,7
DA:78,225
DA:79,0
DA:86,225
DA:87,225
DA:88,225
DA:90,225
DA:91,24
DA:98,225
DA:101,0
DA:108,225
DA:109,178
DA:126,7
DA:133,7
DA:139,7
DA:182,7
DA:187,7
DA:194,7
DA:216,7
DA:224,7
DA:233,7
DA:250,7
DA:257,7
DA:267,7
DA:279,7
DA:287,7
DA:295,7
DA:302,7
DA:311,17
LF:32
LH:30
BRDA:78,0,0,0
BRDA:78,0,1,225
BRDA:88,1,0,225
BRDA:88,1,1,196
BRDA:90,2,0,24
BRDA:90,2,1,201
BRDA:90,3,0,225
BRDA:90,3,1,29
BRDA:90,4,0,29
BRDA:90,4,1,7
BRDA:93,5,0,2
BRDA:93,5,1,22
BRDA:98,6,0,0
BRDA:98,6,1,225
BRDA:98,7,0,225
BRDA:98,7,1,7
BRDA:98,7,2,5
BRDA:108,8,0,178
BRDA:108,8,1,47
BRDA:108,9,0,225
BRDA:108,9,1,218
BRDA:108,9,2,218
BRF:22
BRH:20
end_of_record
TN:
SF:src/schemas/validar.ts
FN:17,validarEmDev
FN:22,(anonymous_1)
FNF:2
FNH:2
FNDA:124,validarEmDev
FNDA:5,(anonymous_1)
DA:18,124
DA:19,124
DA:20,124
DA:21,1
DA:22,5
DA:25,1
DA:31,124
LF:7
LH:7
BRDA:18,0,0,124
BRDA:18,0,1,0
BRDA:20,1,0,1
BRDA:20,1,1,123
BRDA:22,2,0,5
BRDA:22,2,1,0
BRF:6
BRH:4
end_of_record
TN:
SF:src/stores/sessao.ts
FN:39,(anonymous_0)
FN:45,(anonymous_1)
FN:50,(anonymous_2)
FN:52,(anonymous_3)
FN:54,(anonymous_4)
FN:59,(anonymous_5)
FN:62,lerRefreshPersistido
FN:74,(anonymous_7)
FNF:8
FNH:7
FNDA:8,(anonymous_0)
FNDA:11,(anonymous_1)
FNDA:1,(anonymous_2)
FNDA:0,(anonymous_3)
FNDA:14,(anonymous_4)
FNDA:2,(anonymous_5)
FNDA:2,lerRefreshPersistido
FNDA:171,(anonymous_7)
DA:19,8
DA:39,8
DA:46,11
DA:47,11
DA:50,1
DA:52,0
DA:55,14
DA:56,14
DA:59,2
DA:63,2
DA:74,171
LF:11
LH:10
BRF:0
BRH:0
end_of_record
TN:
SF:src/testes/fixtures.ts
FN:32,missao
FN:69,pagina
FN:85,proxima
FN:182,alerta
FN:241,problema
FNF:5
FNH:5
FNDA:49,missao
FNDA:26,pagina
FNDA:14,proxima
FNDA:39,alerta
FNDA:30,problema
DA:19,13
DA:26,13
DA:33,49
DA:73,26
DA:89,14
DA:92,13
DA:99,13
DA:113,13
DA:128,13
DA:160,13
DA:183,39
DA:196,13
DA:205,13
DA:217,13
DA:225,13
DA:233,13
DA:247,30
LF:17
LH:17
BRDA:32,0,0,7
BRDA:71,1,0,26
BRDA:78,2,0,0
BRDA:78,2,1,26
BRDA:87,3,0,11
BRDA:182,4,0,0
BRDA:245,5,0,27
BRF:7
BRH:5
end_of_record
TN:
SF:src/testes/manipuladores.ts
FN:30,(anonymous_0)
FN:31,(anonymous_1)
FN:32,(anonymous_2)
FN:35,(anonymous_3)
FN:36,(anonymous_4)
FN:39,(anonymous_5)
FN:40,(anonymous_6)
FN:41,(anonymous_7)
FN:42,(anonymous_8)
FN:43,(anonymous_9)
FN:44,(anonymous_10)
FN:49,(anonymous_11)
FN:50,(anonymous_12)
FN:53,(anonymous_13)
FN:56,(anonymous_14)
FN:59,(anonymous_15)
FN:62,(anonymous_16)
FN:65,(anonymous_17)
FN:70,(anonymous_18)
FN:71,(anonymous_19)
FN:72,(anonymous_20)
FN:85,(anonymous_21)
FN:86,(anonymous_22)
FN:87,(anonymous_23)
FN:96,(anonymous_24)
FN:99,(anonymous_25)
FN:102,(anonymous_26)
FN:103,(anonymous_27)
FN:104,(anonymous_28)
FN:109,(anonymous_29)
FN:112,(anonymous_30)
FN:113,(anonymous_31)
FN:114,(anonymous_32)
FN:117,(anonymous_33)
FN:118,(anonymous_34)
FNF:35
FNH:19
FNDA:1,(anonymous_0)
FNDA:0,(anonymous_1)
FNDA:2,(anonymous_2)
FNDA:0,(anonymous_3)
FNDA:1,(anonymous_4)
FNDA:7,(anonymous_5)
FNDA:11,(anonymous_6)
FNDA:1,(anonymous_7)
FNDA:1,(anonymous_8)
FNDA:0,(anonymous_9)
FNDA:0,(anonymous_10)
FNDA:0,(anonymous_11)
FNDA:1,(anonymous_12)
FNDA:0,(anonymous_13)
FNDA:0,(anonymous_14)
FNDA:0,(anonymous_15)
FNDA:0,(anonymous_16)
FNDA:0,(anonymous_17)
FNDA:10,(anonymous_18)
FNDA:5,(anonymous_19)
FNDA:0,(anonymous_20)
FNDA:9,(anonymous_21)
FNDA:6,(anonymous_22)
FNDA:0,(anonymous_23)
FNDA:0,(anonymous_24)
FNDA:1,(anonymous_25)
FNDA:5,(anonymous_26)
FNDA:3,(anonymous_27)
FNDA:0,(anonymous_28)
FNDA:0,(anonymous_29)
FNDA:4,(anonymous_30)
FNDA:24,(anonymous_31)
FNDA:0,(anonymous_32)
FNDA:6,(anonymous_33)
FNDA:2,(anonymous_34)
DA:20,13
DA:29,13
DA:30,1
DA:31,0
DA:33,2
DA:35,0
DA:36,1
DA:39,7
DA:40,11
DA:41,1
DA:42,1
DA:43,0
DA:45,0
DA:49,0
DA:51,1
DA:54,0
DA:57,0
DA:60,0
DA:63,0
DA:66,0
DA:70,10
DA:71,5
DA:73,0
DA:85,9
DA:86,6
DA:88,0
DA:89,0
DA:97,0
DA:99,1
DA:102,5
DA:103,3
DA:105,0
DA:110,0
DA:112,4
DA:113,24
DA:115,0
DA:117,6
DA:118,2
LF:38
LH:21
BRF:0
BRH:0
end_of_record
TN:
SF:src/testes/render.tsx
FN:19,novoQueryClient
FN:45,render
FN:47,Envolucro
FNF:3
FNH:3
FNDA:73,novoQueryClient
FNDA:73,render
FNDA:73,Envolucro
DA:13,7
DA:20,73
DA:46,73
DA:48,73
DA:54,73
DA:55,73
LF:6
LH:6
BRF:0
BRH:0
end_of_record
TN:
SF:src/testes/servidor.ts
FNF:0
FNH:0
DA:13,13
DA:16,13
LF:2
LH:2
BRF:0
BRH:0
end_of_record
TN:
SF:src/theme/index.ts
FNF:0
FNH:0
DA:21,7
DA:24,7
LF:2
LH:2
BRF:0
BRH:0
end_of_record
TN:
SF:src/theme/tokens.ts
FNF:0
FNH:0
DA:9,7
DA:41,7
DA:58,7
DA:67,7
DA:74,7
DA:97,7
DA:117,7
LF:7
LH:7
BRF:0
BRH:0
end_of_record
