<?xml version="1.0" encoding="UTF-8"?>
<testsuite xmlns:xsi="http://www.w3.org/2001/XMLSchema-instance" xsi:noNamespaceSchemaLocation="https://maven.apache.org/surefire/maven-surefire-plugin/xsd/surefire-test-report.xsd" version="3.0.2" name="com.omnitribo.integracoes.infra.ClientesExternosTest" time="0.051" tests="8" errors="0" skipped="0" failures="0" flakes="0">
  <properties>
[...]
</properties>
  <testcase name="cep_inexistente_com_erro_booleano_tambem_vira_vazio" classname="com.omnitribo.integracoes.infra.ClientesExternosTest" time="0.016"/>
  <testcase name="falha_do_provedor_de_cep_vira_503_e_nao_vazio" classname="com.omnitribo.integracoes.infra.ClientesExternosTest" time="0.004">
    <system-out><![CDATA[2026-08-30 12:13:21 [main] [] WARN  c.o.integracoes.infra.ClienteViaCep - Falha ao consultar o provedor de CEP: org.springframework.web.client.HttpServerErrorException$InternalServerError: 500 Internal Server Error: [no body]
]]></system-out>
  </testcase>
  <testcase name="clima_traduz_o_vocabulario_do_provedor_para_o_nosso" classname="com.omnitribo.integracoes.infra.ClientesExternosTest" time="0.005"/>
  <testcase name="resposta_de_clima_sem_o_bloco_current_vira_503" classname="com.omnitribo.integracoes.infra.ClientesExternosTest" time="0.016">
    <system-out><![CDATA[2026-08-30 12:13:21 [main] [] WARN  c.o.i.infra.ClienteOpenMeteo - Provedor de clima respondeu sem o bloco 'current'
]]></system-out>
  </testcase>
  <testcase name="codigo_wmo_desconhecido_nao_derruba_a_consulta" classname="com.omnitribo.integracoes.infra.ClientesExternosTest" time="0.002"/>
  <testcase name="falha_do_provedor_de_clima_vira_503_sem_vazar_o_provedor" classname="com.omnitribo.integracoes.infra.ClientesExternosTest" time="0.001">
    <system-out><![CDATA[2026-08-30 12:13:21 [main] [] WARN  c.o.i.infra.ClienteOpenMeteo - Falha ao consultar o provedor de clima: org.springframework.web.client.HttpServerErrorException$InternalServerError: 500 Internal Server Error: [no body]
]]></system-out>
  </testcase>
  <testcase name="cep_traduz_localidade_para_cidade_e_normaliza_o_numero" classname="com.omnitribo.integracoes.infra.ClientesExternosTest" time="0.002"/>
  <testcase name="cep_inexistente_responde_200_com_erro_e_vira_vazio" classname="com.omnitribo.integracoes.infra.ClientesExternosTest" time="0.002"/>
</testsuite>