<?xml version="1.0" encoding="UTF-8"?>
<testsuite xmlns:xsi="http://www.w3.org/2001/XMLSchema-instance" xsi:noNamespaceSchemaLocation="https://maven.apache.org/surefire/maven-surefire-plugin/xsd/surefire-test-report.xsd" version="3.0.2" name="com.omnitribo.MigracaoCicloVidaTest" time="15.574" tests="7" errors="0" skipped="0" failures="0" flakes="0">
  <properties>
[...]
</properties>
  <testcase name="status_novo_de_22_caracteres_cabe_na_coluna" classname="com.omnitribo.MigracaoCicloVidaTest" time="0.385">
    <system-out><![CDATA[12:12:36.803 [main] INFO org.springframework.test.context.support.AnnotationConfigContextLoaderUtils -- Could not detect default configuration classes for test class [com.omnitribo.MigracaoCicloVidaTest]: MigracaoCicloVidaTest does not declare any static, non-private, non-final, nested classes annotated with @Configuration.
12:12:36.922 [main] INFO org.springframework.boot.test.context.SpringBootTestContextBootstrapper -- Found @SpringBootConfiguration com.omnitribo.ApiApplication for test class com.omnitribo.MigracaoCicloVidaTest
12:12:37.001 [main] INFO org.springframework.test.context.support.AnnotationConfigContextLoaderUtils -- Could not detect default configuration classes for test class [com.omnitribo.MigracaoCicloVidaTest]: MigracaoCicloVidaTest does not declare any static, non-private, non-final, nested classes annotated with @Configuration.
12:12:37.001 [main] INFO org.springframework.test.context.support.AnnotationConfigContextLoaderUtils -- Could not detect default configuration classes for test class [com.omnitribo.TesteIntegracaoBase]: TesteIntegracaoBase does not declare any static, non-private, non-final, nested classes annotated with @Configuration.
12:12:37.002 [main] INFO org.springframework.test.context.support.AnnotationConfigContextLoaderUtils -- Could not detect default configuration classes for test class [com.omnitribo.ContainerConfig]: ContainerConfig does not declare any static, non-private, non-final, nested classes annotated with @Configuration.
12:12:37.005 [main] INFO org.springframework.boot.test.context.SpringBootTestContextBootstrapper -- Found @SpringBootConfiguration com.omnitribo.ApiApplication for test class com.omnitribo.MigracaoCicloVidaTest
12:12:37.069 [main] INFO org.testcontainers.images.PullPolicy -- Image pull policy will be performed by: DefaultPullPolicy()
12:12:37.072 [main] INFO org.testcontainers.utility.ImageNameSubstitutor -- Image name substitution will be performed by: DefaultImageNameSubstitutor (composite of 'ConfigurationFileImageNameSubstitutor' and 'PrefixingImageNameSubstitutor')
12:12:37.091 [main] INFO org.testcontainers.DockerClientFactory -- Testcontainers version: 2.0.5
12:12:37.878 [main] INFO org.testcontainers.dockerclient.DockerClientProviderStrategy -- Found Docker environment with Environment variables, system properties and defaults. Resolved dockerHost=unix:///run/user/1000/podman/podman.sock
12:12:37.878 [main] INFO org.testcontainers.DockerClientFactory -- Docker host IP address is localhost
12:12:38.085 [main] INFO org.testcontainers.DockerClientFactory -- Connected to docker: 
  Server Version: 5.8.4
  API Version: 1.44
  Operating System: fedora
  Total Memory: 15662 MB
12:12:38.125 [main] INFO tc.testcontainers/ryuk:0.14.0 -- Creating container for image: testcontainers/ryuk:0.14.0
12:12:38.206 [main] INFO tc.testcontainers/ryuk:0.14.0 -- Container testcontainers/ryuk:0.14.0 is starting: ade02d5dc660d59d5fe4440abed7a19a07f9da9cc39c50814fbd9e82750c9446
12:12:39.050 [main] INFO tc.testcontainers/ryuk:0.14.0 -- Container testcontainers/ryuk:0.14.0 started in PT0.924439267S
12:12:39.059 [main] INFO org.testcontainers.utility.RyukResourceReaper -- Ryuk started - will monitor and terminate Testcontainers containers on JVM exit
12:12:39.060 [main] INFO org.testcontainers.DockerClientFactory -- Checking the system...
12:12:39.061 [main] INFO org.testcontainers.DockerClientFactory -- ✔︎ Docker server version should be at least 1.6.0
12:12:39.076 [main] INFO tc.postgis/postgis:16-3.5 -- Creating container for image: postgis/postgis:16-3.5
12:12:39.108 [main] INFO tc.postgis/postgis:16-3.5 -- Container postgis/postgis:16-3.5 is starting: 0dcdf5e77b9c2dd04eab3a39b4026417747f1ed0b4307248473ae409ba971415
12:12:44.179 [main] INFO tc.postgis/postgis:16-3.5 -- Container postgis/postgis:16-3.5 started in PT5.102694091S
12:12:44.180 [main] INFO tc.postgis/postgis:16-3.5 -- Container is started (JDBC URL: jdbc:postgresql://localhost:34827/test?loggerLevel=OFF)

  .   ____          _            __ _ _
 /\\ / ___'_ __ _ _(_)_ __  __ _ \ \ \ \
( ( )\___ | '_ | '_| | '_ \/ _` | \ \ \ \
 \\/  ___)| |_)| | | | | || (_| |  ) ) ) )
  '  |____| .__|_| |_|_| |_\__, | / / / /
 =========|_|==============|___/=/_/_/_/

 :: Spring Boot ::                (v4.1.0)

2026-08-30 12:12:44 [main] [] INFO  com.omnitribo.MigracaoCicloVidaTest - Starting MigracaoCicloVidaTest using Java 21.0.12 with PID 1282724 (started by renan in /home/renan/Documentos/Projects/Omni-Tribo-PBL/services/api)
2026-08-30 12:12:44 [main] [] INFO  com.omnitribo.MigracaoCicloVidaTest - The following 1 profile is active: "test"
2026-08-30 12:12:45 [main] [] INFO  o.s.d.r.c.RepositoryConfigurationDelegate - Bootstrapping Spring Data JPA repositories in DEFAULT mode.
2026-08-30 12:12:45 [main] [] INFO  o.s.d.r.c.RepositoryConfigurationDelegate - Finished Spring Data repository scanning in 43 ms. Found 17 JPA repository interfaces.
2026-08-30 12:12:45 [main] [] INFO  o.s.boot.tomcat.TomcatWebServer - Tomcat initialized with port 0 (http)
2026-08-30 12:12:45 [main] [] INFO  o.a.catalina.core.StandardService - Starting service [Tomcat]
2026-08-30 12:12:45 [main] [] INFO  o.a.catalina.core.StandardEngine - Starting Servlet engine: [Apache Tomcat/11.0.22]
2026-08-30 12:12:46 [main] [] INFO  o.s.b.w.c.s.WebApplicationContextInitializer - Root WebApplicationContext: initialization completed in 1515 ms
2026-08-30 12:12:46 [main] [] INFO  org.flywaydb.core.FlywayExecutor - Database: jdbc:postgresql://localhost:34827/test?loggerLevel=OFF (PostgreSQL 16.9)
2026-08-30 12:12:46 [main] [] INFO  o.f.c.i.s.JdbcTableSchemaHistory - Schema history table "public"."flyway_schema_history" does not exist yet
2026-08-30 12:12:46 [main] [] INFO  o.f.core.internal.command.DbValidate - Successfully validated 31 migrations (execution time 00:00.022s)
2026-08-30 12:12:46 [main] [] INFO  o.f.c.i.s.JdbcTableSchemaHistory - Creating Schema History table "public"."flyway_schema_history" ...
2026-08-30 12:12:46 [main] [] INFO  o.f.core.internal.command.DbMigrate - Current version of schema "public": << Empty Schema >>
2026-08-30 12:12:46 [main] [] INFO  o.f.core.internal.command.DbMigrate - Migrating schema "public" to version "1 - extensoes"
2026-08-30 12:12:46 [main] [] WARN  o.f.c.i.s.DefaultSqlScriptExecutor - DB: extension "postgis" already exists, skipping (SQL State: 42710 - Error Code: 0)
2026-08-30 12:12:46 [main] [] INFO  o.f.core.internal.command.DbMigrate - Migrating schema "public" to version "2 - identidade"
2026-08-30 12:12:46 [main] [] INFO  o.f.core.internal.command.DbMigrate - Migrating schema "public" to version "3 - missoes"
2026-08-30 12:12:46 [main] [] INFO  o.f.core.internal.command.DbMigrate - Migrating schema "public" to version "4 - geolocalizacao"
2026-08-30 12:12:46 [main] [] INFO  o.f.core.internal.command.DbMigrate - Migrating schema "public" to version "5 - carteira"
2026-08-30 12:12:46 [main] [] INFO  o.f.core.internal.command.DbMigrate - Migrating schema "public" to version "6 - logistica"
2026-08-30 12:12:46 [main] [] INFO  o.f.core.internal.command.DbMigrate - Migrating schema "public" to version "7 - compartilhado"
2026-08-30 12:12:46 [main] [] INFO  o.f.core.internal.command.DbMigrate - Migrating schema "public" to version "8 - indices"
2026-08-30 12:12:46 [main] [] INFO  o.f.core.internal.command.DbMigrate - Migrating schema "public" to version "11 - ciclo vida missoes"
2026-08-30 12:12:46 [main] [] INFO  o.f.core.internal.command.DbMigrate - Migrating schema "public" to version "12 - checkin idempotencia"
2026-08-30 12:12:46 [main] [] INFO  o.f.core.internal.command.DbMigrate - Migrating schema "public" to version "13 - carteira economia"
2026-08-30 12:12:46 [main] [] INFO  o.f.core.internal.command.DbMigrate - Migrating schema "public" to version "14 - outbox backoff"
2026-08-30 12:12:46 [main] [] INFO  o.f.core.internal.command.DbMigrate - Migrating schema "public" to version "15 - recompensa sem brl"
2026-08-30 12:12:46 [main] [] INFO  o.f.core.internal.command.DbMigrate - Migrating schema "public" to version "16 - recompensa calculada"
2026-08-30 12:12:46 [main] [] INFO  o.f.core.internal.command.DbMigrate - Migrating schema "public" to version "17 - codigo rejeicao checkin"
2026-08-30 12:12:46 [main] [] INFO  o.f.core.internal.command.DbMigrate - Migrating schema "public" to version "18 - lgpd anonimizacao"
2026-08-30 12:12:46 [main] [] INFO  o.f.core.internal.command.DbMigrate - Migrating schema "public" to version "19 - auditoria correlation id"
2026-08-30 12:12:46 [main] [] INFO  o.f.core.internal.command.DbMigrate - Migrating schema "public" to version "20 - destravamento missoes"
2026-08-30 12:12:46 [main] [] INFO  o.f.core.internal.command.DbMigrate - Migrating schema "public" to version "21 - entrega falida"
2026-08-30 12:12:46 [main] [] INFO  o.f.core.internal.command.DbMigrate - Migrating schema "public" to version "22 - previsao risco entrega"
2026-08-30 12:12:47 [main] [] INFO  o.f.core.internal.command.DbMigrate - Migrating schema "public" to version "23 - carteira patrocinador"
2026-08-30 12:12:47 [main] [] INFO  o.f.core.internal.command.DbMigrate - Migrating schema "public" to version "24 - parceiro beneficio"
2026-08-30 12:12:47 [main] [] INFO  o.f.core.internal.command.DbMigrate - Migrating schema "public" to version "25 - resgate"
2026-08-30 12:12:47 [main] [] INFO  o.f.core.internal.command.DbMigrate - Migrating schema "public" to version "26 - motivo resgate"
2026-08-30 12:12:47 [main] [] INFO  o.f.core.internal.command.DbMigrate - Migrating schema "public" to version "27 - handle case insensitive"
2026-08-30 12:12:47 [main] [] INFO  o.f.core.internal.command.DbMigrate - Migrating schema "public" to version "28 - remover extensao logistica"
2026-08-30 12:12:47 [main] [] INFO  o.f.core.internal.command.DbMigrate - Migrating schema "public" to version "900 - seed dev"
2026-08-30 12:12:47 [main] [] INFO  o.f.core.internal.command.DbMigrate - Migrating schema "public" to version "902 - seed alertas consentimentos"
2026-08-30 12:12:47 [main] [] INFO  o.f.core.internal.command.DbMigrate - Migrating schema "public" to version "903 - seed cidade lider"
2026-08-30 12:12:47 [main] [] INFO  o.f.core.internal.command.DbMigrate - Migrating schema "public" to version "906 - seed beneficios"
2026-08-30 12:12:47 [main] [] INFO  o.f.core.internal.command.DbMigrate - Migrating schema "public" to version "907 - seed apoiadores"
2026-08-30 12:12:47 [main] [] INFO  o.f.core.internal.command.DbMigrate - Successfully applied 31 migrations to schema "public", now at version v907 (execution time 00:00.775s)
2026-08-30 12:12:47 [main] [] INFO  org.hibernate.orm.jpa - HHH008540: Processing PersistenceUnitInfo [name: default]
2026-08-30 12:12:47 [main] [] INFO  org.hibernate.orm.core - HHH000001: Hibernate ORM core version 7.4.1.Final
2026-08-30 12:12:47 [main] [] INFO  o.h.s.integration.SpatialService - HHH80000001: Hibernate Spatial integration enabled: true
2026-08-30 12:12:47 [main] [] INFO  com.zaxxer.hikari.HikariDataSource - HikariPool-1 - Starting...
2026-08-30 12:12:47 [main] [] INFO  com.zaxxer.hikari.pool.HikariPool - HikariPool-1 - Added connection org.postgresql.jdbc.PgConnection@492cc8ee
2026-08-30 12:12:47 [main] [] INFO  com.zaxxer.hikari.HikariDataSource - HikariPool-1 - Start completed.
2026-08-30 12:12:48 [main] [] INFO  o.hibernate.orm.connections.pooling - HHH10001005: Database info:
	Database JDBC URL [jdbc:postgresql://localhost:34827/test?loggerLevel=OFF]
	Database driver: PostgreSQL JDBC Driver
	Database dialect: PostgreSQLDialect
	Database version: 16.9
	Default catalog/schema: test/public
	Autocommit mode: undefined/unknown
	Isolation level: READ_COMMITTED [default READ_COMMITTED]
	JDBC fetch size: none
	Pool: DataSourceConnectionProvider
	Minimum pool size: undefined/unknown
	Maximum pool size: undefined/unknown
2026-08-30 12:12:48 [main] [] INFO  o.s.o.j.p.SpringPersistenceUnitInfo - No LoadTimeWeaver setup: ignoring JPA class transformer
2026-08-30 12:12:49 [main] [] INFO  org.hibernate.orm.core - HHH000489: No JTA platform available (set 'hibernate.transaction.jta.platform' to enable JTA platform integration)
2026-08-30 12:12:49 [main] [] INFO  o.s.o.j.LocalContainerEntityManagerFactoryBean - Initialized JPA EntityManagerFactory for persistence unit 'default'
2026-08-30 12:12:49 [main] [] INFO  o.s.d.j.r.q.QueryEnhancerFactories - Hibernate is in classpath; If applicable, HQL parser will be used.
2026-08-30 12:12:51 [main] [] INFO  o.s.boot.tomcat.TomcatWebServer - Tomcat started on port 35219 (http) with context path '/'
2026-08-30 12:12:51 [main] [] INFO  o.s.boot.tomcat.TomcatWebServer - Tomcat initialized with port 0 (http)
2026-08-30 12:12:51 [main] [] INFO  o.a.catalina.core.StandardService - Starting service [Tomcat]
2026-08-30 12:12:51 [main] [] INFO  o.a.catalina.core.StandardEngine - Starting Servlet engine: [Apache Tomcat/11.0.22]
2026-08-30 12:12:51 [main] [] INFO  o.s.b.w.c.s.WebApplicationContextInitializer - Root WebApplicationContext: initialization completed in 61 ms
2026-08-30 12:12:51 [main] [] INFO  o.s.b.a.e.web.EndpointLinksResolver - Exposing 3 endpoints beneath base path '/actuator'
2026-08-30 12:12:51 [main] [] INFO  o.s.boot.tomcat.TomcatWebServer - Tomcat started on port 43923 (http) with context path '/'
2026-08-30 12:12:51 [main] [] INFO  com.omnitribo.MigracaoCicloVidaTest - Started MigracaoCicloVidaTest in 7.551 seconds (process running for 16.202)
2026-08-30 12:12:52 [main] [] INFO  com.zaxxer.hikari.HikariDataSource - HikariPool-2 - Starting...
2026-08-30 12:12:52 [main] [] INFO  com.zaxxer.hikari.pool.HikariPool - HikariPool-2 - Added connection org.postgresql.jdbc.PgConnection@71aeb494
2026-08-30 12:12:52 [main] [] INFO  com.zaxxer.hikari.HikariDataSource - HikariPool-2 - Start completed.
]]></system-out>
    <system-err><![CDATA[Mockito is currently self-attaching to enable the inline-mock-maker. This will no longer work in future releases of the JDK. Please add Mockito as an agent to your build as described in Mockito's documentation: https://javadoc.io/doc/org.mockito/mockito-core/latest/org.mockito/org/mockito/Mockito.html#0.3
WARNING: A Java agent has been loaded dynamically (/home/renan/.m2/repository/net/bytebuddy/byte-buddy-agent/1.18.10/byte-buddy-agent-1.18.10.jar)
WARNING: If a serviceability tool is in use, please run with -XX:+EnableDynamicAgentLoading to hide this warning
WARNING: If a serviceability tool is not in use, please run with -Djdk.instrument.traceUsage for more information
WARNING: Dynamic loading of agents will be disallowed by default in a future release
]]></system-err>
  </testcase>
  <testcase name="status_antigo_e_rejeitado_pelo_check_novo" classname="com.omnitribo.MigracaoCicloVidaTest" time="0.013"/>
  <testcase name="em_disputa_e_aceito_pelo_check_novo" classname="com.omnitribo.MigracaoCicloVidaTest" time="0.008"/>
  <testcase name="tipo_de_evento_novo_e_aceito" classname="com.omnitribo.MigracaoCicloVidaTest" time="0.01"/>
  <testcase name="invariante_economica_continua_valendo_apos_v11" classname="com.omnitribo.MigracaoCicloVidaTest" time="0.004"/>
  <testcase name="nenhuma_linha_permanece_com_status_antigo" classname="com.omnitribo.MigracaoCicloVidaTest" time="0.005"/>
  <testcase name="seed_migrado_para_aberta" classname="com.omnitribo.MigracaoCicloVidaTest" time="0.004"/>
</testsuite>