<?xml version="1.0" encoding="UTF-8"?>
<testsuite xmlns:xsi="http://www.w3.org/2001/XMLSchema-instance" xsi:noNamespaceSchemaLocation="https://maven.apache.org/surefire/maven-surefire-plugin/xsd/surefire-test-report.xsd" version="3.0.2" name="com.omnitribo.logistica.api.EntregaFalidaCicloTest" time="1.634" tests="10" errors="0" skipped="0" failures="0" flakes="0">
  <properties>
[...]
</properties>
  <testcase name="redespachoNaoDuplica" classname="Ciclo da entrega falida" time="1.139">
    <system-out><![CDATA[2026-08-25 20:47:36 [main] [] INFO  o.s.t.c.s.AnnotationConfigContextLoaderUtils - Could not detect default configuration classes for test class [com.omnitribo.logistica.api.EntregaFalidaCicloTest]: EntregaFalidaCicloTest does not declare any static, non-private, non-final, nested classes annotated with @Configuration.
2026-08-25 20:47:36 [main] [] INFO  o.s.b.t.c.SpringBootTestContextBootstrapper - Found @SpringBootConfiguration com.omnitribo.ApiApplication for test class com.omnitribo.logistica.api.EntregaFalidaCicloTest
2026-08-25 20:47:36 [main] [] INFO  o.s.t.c.s.AnnotationConfigContextLoaderUtils - Could not detect default configuration classes for test class [com.omnitribo.logistica.api.EntregaFalidaCicloTest]: EntregaFalidaCicloTest does not declare any static, non-private, non-final, nested classes annotated with @Configuration.
2026-08-25 20:47:36 [main] [] INFO  o.s.t.c.s.AnnotationConfigContextLoaderUtils - Could not detect default configuration classes for test class [com.omnitribo.TesteIntegracaoMvcBase]: TesteIntegracaoMvcBase does not declare any static, non-private, non-final, nested classes annotated with @Configuration.
2026-08-25 20:47:36 [main] [] INFO  o.s.t.c.s.AnnotationConfigContextLoaderUtils - Could not detect default configuration classes for test class [com.omnitribo.ContainerConfig]: ContainerConfig does not declare any static, non-private, non-final, nested classes annotated with @Configuration.
2026-08-25 20:47:36 [main] [] INFO  o.s.b.t.c.SpringBootTestContextBootstrapper - Found @SpringBootConfiguration com.omnitribo.ApiApplication for test class com.omnitribo.logistica.api.EntregaFalidaCicloTest
2026-08-25 20:47:37 [main] [] INFO  c.o.n.d.DespachanteAlertaService - Missão 12182e05-063e-439c-9d16-5a8fb4856a12: 1 alertas enviados de 1 candidatos em 2 tribos
2026-08-25 20:47:37 [main] [] INFO  c.o.n.d.DespachanteAlertaService - Missão 12182e05-063e-439c-9d16-5a8fb4856a12: 0 alertas enviados de 1 candidatos em 2 tribos
]]></system-out>
  </testcase>
  <testcase name="expiracaoEstornaAoPatrocinador" classname="Ciclo da entrega falida" time="0.051"/>
  <testcase name="consultaDeConsentimentoResolveEstadoAtual" classname="Ciclo da entrega falida" time="0.012"/>
  <testcase name="disputaPelaUltimaVaga" classname="Ciclo da entrega falida" time="0.139">
    <system-out><![CDATA[2026-08-25 20:47:37 [pool-10-thread-14] [c1431a81-c45d-4027-9b6f-5c0fd138f31b] WARN  c.o.l.dominio.EntregaFalidaService - Entrega recusada: ponto PT-PIN-904 lotado (2/2)
2026-08-25 20:47:37 [pool-10-thread-1] [941cd7e5-7452-4105-b0db-802b6344a9b4] WARN  c.o.l.dominio.EntregaFalidaService - Entrega recusada: ponto PT-PIN-904 lotado (2/2)
2026-08-25 20:47:37 [pool-10-thread-20] [89436822-c7fd-4e71-b738-5acc2f4a87f9] WARN  c.o.l.dominio.EntregaFalidaService - Entrega recusada: ponto PT-PIN-904 lotado (2/2)
2026-08-25 20:47:37 [pool-10-thread-18] [0aff8992-a1c6-413f-bb85-406c459a8a5d] WARN  c.o.l.dominio.EntregaFalidaService - Entrega recusada: ponto PT-PIN-904 lotado (2/2)
2026-08-25 20:47:37 [pool-10-thread-11] [6a02df2c-b4d0-4026-b861-9ac8d7ec947e] WARN  c.o.l.dominio.EntregaFalidaService - Entrega recusada: ponto PT-PIN-904 lotado (2/2)
2026-08-25 20:47:37 [pool-10-thread-9] [24c8227b-b970-4a4e-b3e8-0e4dd81b536e] WARN  c.o.l.dominio.EntregaFalidaService - Entrega recusada: ponto PT-PIN-904 lotado (2/2)
2026-08-25 20:47:37 [pool-10-thread-2] [06dd489b-fa12-4d32-b0ec-a402ddc6818d] WARN  c.o.l.dominio.EntregaFalidaService - Entrega recusada: ponto PT-PIN-904 lotado (2/2)
2026-08-25 20:47:37 [pool-10-thread-8] [326eedcd-4e99-40c2-9310-24a4c109d7fb] WARN  c.o.l.dominio.EntregaFalidaService - Entrega recusada: ponto PT-PIN-904 lotado (2/2)
2026-08-25 20:47:37 [pool-10-thread-7] [82ea62be-32de-45cd-93cd-9d41ce893247] WARN  c.o.l.dominio.EntregaFalidaService - Entrega recusada: ponto PT-PIN-904 lotado (2/2)
2026-08-25 20:47:37 [pool-10-thread-6] [21d5adf5-e25a-497c-a837-a1f063ff7893] WARN  c.o.l.dominio.EntregaFalidaService - Entrega recusada: ponto PT-PIN-904 lotado (2/2)
2026-08-25 20:47:37 [pool-10-thread-4] [e3ac36d4-5e44-46d2-afb5-322219887e84] WARN  c.o.l.dominio.EntregaFalidaService - Entrega recusada: ponto PT-PIN-904 lotado (2/2)
2026-08-25 20:47:37 [pool-10-thread-10] [40218eee-640e-42ea-8877-fc068f3669e0] WARN  c.o.l.dominio.EntregaFalidaService - Entrega recusada: ponto PT-PIN-904 lotado (2/2)
2026-08-25 20:47:37 [pool-10-thread-12] [0551bd42-01f4-459c-a642-3d2ceaf6b7cc] WARN  c.o.l.dominio.EntregaFalidaService - Entrega recusada: ponto PT-PIN-904 lotado (2/2)
2026-08-25 20:47:37 [pool-10-thread-3] [28a888b4-9d90-4d48-96fe-9bf60741ec45] WARN  c.o.l.dominio.EntregaFalidaService - Entrega recusada: ponto PT-PIN-904 lotado (2/2)
2026-08-25 20:47:37 [pool-10-thread-19] [db61bc21-11b3-4441-b571-b1907c6dfc00] WARN  c.o.l.dominio.EntregaFalidaService - Entrega recusada: ponto PT-PIN-904 lotado (2/2)
2026-08-25 20:47:37 [pool-10-thread-15] [b5c3f2de-68c3-4c66-aefc-acd68308d30b] WARN  c.o.l.dominio.EntregaFalidaService - Entrega recusada: ponto PT-PIN-904 lotado (2/2)
2026-08-25 20:47:37 [pool-10-thread-13] [79b467d0-8bea-445e-8ffb-0012517a94e0] WARN  c.o.l.dominio.EntregaFalidaService - Entrega recusada: ponto PT-PIN-904 lotado (2/2)
2026-08-25 20:47:37 [pool-10-thread-17] [4973dfa9-e237-4b2b-bbb5-74182853ee0d] WARN  c.o.l.dominio.EntregaFalidaService - Entrega recusada: ponto PT-PIN-904 lotado (2/2)
2026-08-25 20:47:37 [pool-10-thread-16] [fd5e29ad-fa94-4c02-81c4-758d85d20d4f] WARN  c.o.l.dominio.EntregaFalidaService - Entrega recusada: ponto PT-PIN-904 lotado (2/2)
]]></system-out>
  </testcase>
  <testcase name="conclusaoDaBaixaNaCustodia" classname="Ciclo da entrega falida" time="0.094"/>
  <testcase name="tribosNoRaioEncontraATribo" classname="Ciclo da entrega falida" time="0.011"/>
  <testcase name="notificaSomenteQuemPodeEQuer" classname="Ciclo da entrega falida" time="0.036">
    <system-out><![CDATA[2026-08-25 20:47:37 [main] [] INFO  c.o.n.d.DespachanteAlertaService - Missão 7b4878c8-3590-4e0b-b31b-b2680679e2c1: 1 alertas enviados de 1 candidatos em 2 tribos
]]></system-out>
  </testcase>
  <testcase name="tetoPorHoraCortaOExcesso" classname="Ciclo da entrega falida" time="0.048">
    <system-out><![CDATA[2026-08-25 20:47:37 [main] [] INFO  c.o.n.d.DespachanteAlertaService - Missão 620f6db6-aaa3-41a9-9689-b6ee083b457c: 0 alertas enviados de 1 candidatos em 2 tribos
]]></system-out>
  </testcase>
  <testcase name="aceiteComNivelSuficientePassa" classname="Ciclo da entrega falida" time="0.043"/>
  <testcase name="aceiteAbaixoDoNivelEh422" classname="Ciclo da entrega falida" time="0.044"/>
</testsuite>